TN:
SF:src/App.jsx
FN:21,timestamp
FN:25,App
FN:36,(anonymous_2)
FN:42,(anonymous_3)
FN:47,(anonymous_4)
FN:49,(anonymous_5)
FN:50,(anonymous_6)
FN:54,(anonymous_7)
FN:55,(anonymous_8)
FN:55,(anonymous_9)
FN:58,(anonymous_10)
FN:60,(anonymous_11)
FN:64,(anonymous_12)
FN:67,(anonymous_13)
FN:71,(anonymous_14)
FN:84,(anonymous_15)
FN:94,(anonymous_16)
FN:101,(anonymous_17)
FN:101,(anonymous_18)
FN:105,(anonymous_19)
FN:110,(anonymous_20)
FN:114,(anonymous_21)
FN:114,(anonymous_22)
FN:121,(anonymous_23)
FN:136,(anonymous_24)
FN:146,(anonymous_25)
FN:153,(anonymous_26)
FN:153,(anonymous_27)
FN:157,(anonymous_28)
FN:162,(anonymous_29)
FN:166,(anonymous_30)
FN:166,(anonymous_31)
FN:173,(anonymous_32)
FN:193,(anonymous_33)
FN:197,(anonymous_34)
FN:204,(anonymous_35)
FN:204,(anonymous_36)
FN:276,(anonymous_37)
FN:292,(anonymous_38)
FNF:39
FNH:0
FNDA:0,timestamp
FNDA:0,App
FNDA:0,(anonymous_2)
FNDA:0,(anonymous_3)
FNDA:0,(anonymous_4)
FNDA:0,(anonymous_5)
FNDA:0,(anonymous_6)
FNDA:0,(anonymous_7)
FNDA:0,(anonymous_8)
FNDA:0,(anonymous_9)
FNDA:0,(anonymous_10)
FNDA:0,(anonymous_11)
FNDA:0,(anonymous_12)
FNDA:0,(anonymous_13)
FNDA:0,(anonymous_14)
FNDA:0,(anonymous_15)
FNDA:0,(anonymous_16)
FNDA:0,(anonymous_17)
FNDA:0,(anonymous_18)
FNDA:0,(anonymous_19)
FNDA:0,(anonymous_20)
FNDA:0,(anonymous_21)
FNDA:0,(anonymous_22)
FNDA:0,(anonymous_23)
FNDA:0,(anonymous_24)
FNDA:0,(anonymous_25)
FNDA:0,(anonymous_26)
FNDA:0,(anonymous_27)
FNDA:0,(anonymous_28)
FNDA:0,(anonymous_29)
FNDA:0,(anonymous_30)
FNDA:0,(anonymous_31)
FNDA:0,(anonymous_32)
FNDA:0,(anonymous_33)
FNDA:0,(anonymous_34)
FNDA:0,(anonymous_35)
FNDA:0,(anonymous_36)
FNDA:0,(anonymous_37)
FNDA:0,(anonymous_38)
DA:10,0
DA:12,0
DA:22,0
DA:26,0
DA:27,0
DA:28,0
DA:29,0
DA:30,0
DA:31,0
DA:32,0
DA:33,0
DA:34,0
DA:35,0
DA:36,0
DA:37,0
DA:38,0
DA:40,0
DA:42,0
DA:43,0
DA:44,0
DA:47,0
DA:48,0
DA:49,0
DA:50,0
DA:51,0
DA:54,0
DA:55,0
DA:58,0
DA:59,0
DA:61,0
DA:62,0
DA:64,0
DA:67,0
DA:68,0
DA:71,0
DA:72,0
DA:73,0
DA:74,0
DA:75,0
DA:76,0
DA:78,0
DA:80,0
DA:84,0
DA:85,0
DA:86,0
DA:87,0
DA:88,0
DA:90,0
DA:91,0
DA:92,0
DA:93,0
DA:94,0
DA:95,0
DA:96,0
DA:97,0
DA:98,0
DA:101,0
DA:102,0
DA:103,0
DA:104,0
DA:105,0
DA:106,0
DA:107,0
DA:109,0
DA:110,0
DA:114,0
DA:115,0
DA:117,0
DA:121,0
DA:122,0
DA:123,0
DA:124,0
DA:125,0
DA:126,0
DA:127,0
DA:128,0
DA:130,0
DA:132,0
DA:136,0
DA:137,0
DA:138,0
DA:139,0
DA:140,0
DA:142,0
DA:143,0
DA:144,0
DA:145,0
DA:146,0
DA:147,0
DA:148,0
DA:149,0
DA:150,0
DA:153,0
DA:154,0
DA:155,0
DA:156,0
DA:157,0
DA:158,0
DA:159,0
DA:161,0
DA:162,0
DA:166,0
DA:167,0
DA:169,0
DA:173,0
DA:174,0
DA:175,0
DA:176,0
DA:177,0
DA:178,0
DA:179,0
DA:180,0
DA:182,0
DA:184,0
DA:188,0
DA:194,0
DA:197,0
DA:204,0
DA:276,0
DA:293,0
LF:120
LH:0
BRDA:38,0,0,0
BRDA:38,0,1,0
BRDA:43,1,0,0
BRDA:43,1,1,0
BRDA:44,2,0,0
BRDA:44,2,1,0
BRDA:55,3,0,0
BRDA:55,3,1,0
BRDA:62,4,0,0
BRDA:62,4,1,0
BRDA:62,5,0,0
BRDA:62,5,1,0
BRDA:85,6,0,0
BRDA:85,6,1,0
BRDA:95,7,0,0
BRDA:95,7,1,0
BRDA:97,8,0,0
BRDA:97,8,1,0
BRDA:102,9,0,0
BRDA:102,9,1,0
BRDA:103,10,0,0
BRDA:103,10,1,0
BRDA:104,11,0,0
BRDA:104,11,1,0
BRDA:105,12,0,0
BRDA:105,12,1,0
BRDA:105,13,0,0
BRDA:105,13,1,0
BRDA:106,14,0,0
BRDA:106,14,1,0
BRDA:122,15,0,0
BRDA:122,15,1,0
BRDA:123,16,0,0
BRDA:123,16,1,0
BRDA:128,17,0,0
BRDA:128,17,1,0
BRDA:137,18,0,0
BRDA:137,18,1,0
BRDA:147,19,0,0
BRDA:147,19,1,0
BRDA:149,20,0,0
BRDA:149,20,1,0
BRDA:154,21,0,0
BRDA:154,21,1,0
BRDA:155,22,0,0
BRDA:155,22,1,0
BRDA:156,23,0,0
BRDA:156,23,1,0
BRDA:157,24,0,0
BRDA:157,24,1,0
BRDA:157,25,0,0
BRDA:157,25,1,0
BRDA:158,26,0,0
BRDA:158,26,1,0
BRDA:174,27,0,0
BRDA:174,27,1,0
BRDA:175,28,0,0
BRDA:175,28,1,0
BRDA:180,29,0,0
BRDA:180,29,1,0
BRDA:196,30,0,0
BRDA:196,30,1,0
BRDA:208,31,0,0
BRDA:208,31,1,0
BRDA:212,32,0,0
BRDA:212,32,1,0
BRDA:220,33,0,0
BRDA:220,33,1,0
BRDA:223,34,0,0
BRDA:223,34,1,0
BRDA:226,35,0,0
BRDA:226,35,1,0
BRDA:229,36,0,0
BRDA:229,36,1,0
BRDA:231,37,0,0
BRDA:231,37,1,0
BRDA:231,38,0,0
BRDA:231,38,1,0
BRDA:234,39,0,0
BRDA:234,39,1,0
BRDA:234,39,2,0
BRDA:242,40,0,0
BRDA:242,40,1,0
BRDA:245,41,0,0
BRDA:245,41,1,0
BRDA:245,41,2,0
BRDA:253,42,0,0
BRDA:253,42,1,0
BRDA:256,43,0,0
BRDA:256,43,1,0
BRDA:259,44,0,0
BRDA:259,44,1,0
BRDA:262,45,0,0
BRDA:262,45,1,0
BRDA:265,46,0,0
BRDA:265,46,1,0
BRDA:267,47,0,0
BRDA:267,47,1,0
BRDA:273,48,0,0
BRDA:273,48,1,0
BRDA:304,49,0,0
BRDA:304,49,1,0
BRDA:305,50,0,0
BRDA:305,50,1,0
BRDA:306,51,0,0
BRDA:306,51,1,0
BRDA:307,52,0,0
BRDA:307,52,1,0
BRDA:308,53,0,0
BRDA:308,53,1,0
BRDA:309,54,0,0
BRDA:309,54,1,0
BRF:112
BRH:0
end_of_record
TN:
SF:src/api.js
FN:4,apiKeyHeader
FN:13,extractErrorDetail
FN:22,request
FN:33,streamSSE
FN:64,(anonymous_4)
FN:66,(anonymous_5)
FN:69,(anonymous_6)
FN:74,(anonymous_7)
FN:77,(anonymous_8)
FN:80,(anonymous_9)
FN:82,(anonymous_10)
FN:85,(anonymous_11)
FN:88,(anonymous_12)
FN:91,(anonymous_13)
FN:93,(anonymous_14)
FN:96,(anonymous_15)
FN:99,(anonymous_16)
FN:105,(anonymous_17)
FN:110,(anonymous_18)
FN:115,(anonymous_19)
FN:118,(anonymous_20)
FN:121,(anonymous_21)
FN:126,(anonymous_22)
FN:129,(anonymous_23)
FN:132,(anonymous_24)
FN:137,(anonymous_25)
FN:141,(anonymous_26)
FN:142,(anonymous_27)
FN:143,(anonymous_28)
FN:144,(anonymous_29)
FN:148,(anonymous_30)
FN:152,(anonymous_31)
FN:153,(anonymous_32)
FN:154,(anonymous_33)
FN:158,(anonymous_34)
FN:159,(anonymous_35)
FN:160,(anonymous_36)
FN:164,(anonymous_37)
FN:168,(anonymous_38)
FN:169,(anonymous_39)
FN:170,(anonymous_40)
FN:171,(anonymous_41)
FN:175,(anonymous_42)
FN:176,(anonymous_43)
FN:177,(anonymous_44)
FNF:45
FNH:0
FNDA:0,apiKeyHeader
FNDA:0,extractErrorDetail
FNDA:0,request
FNDA:0,streamSSE
FNDA:0,(anonymous_4)
FNDA:0,(anonymous_5)
FNDA:0,(anonymous_6)
FNDA:0,(anonymous_7)
FNDA:0,(anonymous_8)
FNDA:0,(anonymous_9)
FNDA:0,(anonymous_10)
FNDA:0,(anonymous_11)
FNDA:0,(anonymous_12)
FNDA:0,(anonymous_13)
FNDA:0,(anonymous_14)
FNDA:0,(anonymous_15)
FNDA:0,(anonymous_16)
FNDA:0,(anonymous_17)
FNDA:0,(anonymous_18)
FNDA:0,(anonymous_19)
FNDA:0,(anonymous_20)
FNDA:0,(anonymous_21)
FNDA:0,(anonymous_22)
FNDA:0,(anonymous_23)
FNDA:0,(anonymous_24)
FNDA:0,(anonymous_25)
FNDA:0,(anonymous_26)
FNDA:0,(anonymous_27)
FNDA:0,(anonymous_28)
FNDA:0,(anonymous_29)
FNDA:0,(anonymous_30)
FNDA:0,(anonymous_31)
FNDA:0,(anonymous_32)
FNDA:0,(anonymous_33)
FNDA:0,(anonymous_34)
FNDA:0,(anonymous_35)
FNDA:0,(anonymous_36)
FNDA:0,(anonymous_37)
FNDA:0,(anonymous_38)
FNDA:0,(anonymous_39)
FNDA:0,(anonymous_40)
FNDA:0,(anonymous_41)
FNDA:0,(anonymous_42)
FNDA:0,(anonymous_43)
FNDA:0,(anonymous_44)
DA:1,0
DA:2,0
DA:5,0
DA:6,0
DA:7,0
DA:9,0
DA:14,0
DA:15,0
DA:16,0
DA:17,0
DA:19,0
DA:23,0
DA:27,0
DA:28,0
DA:29,0
DA:30,0
DA:34,0
DA:35,0
DA:36,0
DA:37,0
DA:38,0
DA:39,0
DA:40,0
DA:41,0
DA:42,0
DA:43,0
DA:44,0
DA:45,0
DA:46,0
DA:47,0
DA:48,0
DA:49,0
DA:50,0
DA:51,0
DA:53,0
DA:57,0
DA:58,0
DA:62,0
DA:64,0
DA:66,0
DA:67,0
DA:69,0
DA:70,0
DA:71,0
DA:74,0
DA:75,0
DA:77,0
DA:78,0
DA:80,0
DA:82,0
DA:83,0
DA:85,0
DA:86,0
DA:88,0
DA:89,0
DA:91,0
DA:93,0
DA:94,0
DA:96,0
DA:97,0
DA:99,0
DA:100,0
DA:105,0
DA:106,0
DA:110,0
DA:111,0
DA:112,0
DA:115,0
DA:116,0
DA:118,0
DA:119,0
DA:121,0
DA:122,0
DA:126,0
DA:127,0
DA:129,0
DA:130,0
DA:132,0
DA:133,0
DA:137,0
DA:141,0
DA:142,0
DA:143,0
DA:144,0
DA:148,0
DA:149,0
DA:150,0
DA:152,0
DA:153,0
DA:154,0
DA:158,0
DA:159,0
DA:160,0
DA:164,0
DA:165,0
DA:166,0
DA:168,0
DA:169,0
DA:170,0
DA:171,0
DA:175,0
DA:176,0
DA:177,0
LF:103
LH:0
BRDA:6,0,0,0
BRDA:6,0,1,0
BRDA:7,1,0,0
BRDA:7,1,1,0
BRDA:17,2,0,0
BRDA:17,2,1,0
BRDA:17,3,0,0
BRDA:17,3,1,0
BRDA:22,4,0,0
BRDA:28,5,0,0
BRDA:28,5,1,0
BRDA:29,6,0,0
BRDA:29,6,1,0
BRDA:35,7,0,0
BRDA:35,7,1,0
BRDA:42,8,0,0
BRDA:42,8,1,0
BRDA:47,9,0,0
BRDA:47,9,1,0
BRDA:50,10,0,0
BRDA:50,10,1,0
BRDA:57,11,0,0
BRDA:57,11,1,0
BRDA:69,12,0,0
BRDA:93,13,0,0
BRDA:93,14,0,0
BRDA:110,15,0,0
BRDA:148,16,0,0
BRDA:150,17,0,0
BRDA:150,17,1,0
BRDA:164,18,0,0
BRDA:166,19,0,0
BRDA:166,19,1,0
BRF:33
BRH:0
end_of_record
TN:
SF:src/components/CalendarView.jsx
FN:9,fmt
FN:15,CalendarView
FN:25,(anonymous_2)
FN:27,(anonymous_3)
FN:29,(anonymous_4)
FN:30,(anonymous_5)
FN:31,(anonymous_6)
FN:43,(anonymous_7)
FN:51,(anonymous_8)
FN:63,(anonymous_9)
FN:65,(anonymous_10)
FN:67,(anonymous_11)
FN:69,(anonymous_12)
FN:72,(anonymous_13)
FN:79,(anonymous_14)
FN:79,(anonymous_15)
FN:87,(anonymous_16)
FN:94,(anonymous_17)
FN:94,(anonymous_18)
FN:125,(anonymous_19)
FN:141,(anonymous_20)
FN:144,(anonymous_21)
FN:166,(anonymous_22)
FN:185,(anonymous_23)
FN:192,(anonymous_24)
FN:193,(anonymous_25)
FN:194,(anonymous_26)
FN:206,(anonymous_27)
FN:231,(anonymous_28)
FN:239,(anonymous_29)
FN:247,(anonymous_30)
FN:256,(anonymous_31)
FNF:32
FNH:0
FNDA:0,fmt
FNDA:0,CalendarView
FNDA:0,(anonymous_2)
FNDA:0,(anonymous_3)
FNDA:0,(anonymous_4)
FNDA:0,(anonymous_5)
FNDA:0,(anonymous_6)
FNDA:0,(anonymous_7)
FNDA:0,(anonymous_8)
FNDA:0,(anonymous_9)
FNDA:0,(anonymous_10)
FNDA:0,(anonymous_11)
FNDA:0,(anonymous_12)
FNDA:0,(anonymous_13)
FNDA:0,(anonymous_14)
FNDA:0,(anonymous_15)
FNDA:0,(anonymous_16)
FNDA:0,(anonymous_17)
FNDA:0,(anonymous_18)
FNDA:0,(anonymous_19)
FNDA:0,(anonymous_20)
FNDA:0,(anonymous_21)
FNDA:0,(anonymous_22)
FNDA:0,(anonymous_23)
FNDA:0,(anonymous_24)
FNDA:0,(anonymous_25)
FNDA:0,(anonymous_26)
FNDA:0,(anonymous_27)
FNDA:0,(anonymous_28)
FNDA:0,(anonymous_29)
FNDA:0,(anonymous_30)
FNDA:0,(anonymous_31)
DA:10,0
DA:16,0
DA:17,0
DA:18,0
DA:19,0
DA:20,0
DA:21,0
DA:22,0
DA:23,0
DA:25,0
DA:27,0
DA:28,0
DA:29,0
DA:31,0
DA:32,0
DA:43,0
DA:44,0
DA:45,0
DA:46,0
DA:47,0
DA:48,0
DA:51,0
DA:52,0
DA:53,0
DA:54,0
DA:58,0
DA:60,0
DA:63,0
DA:65,0
DA:66,0
DA:67,0
DA:68,0
DA:69,0
DA:72,0
DA:73,0
DA:74,0
DA:75,0
DA:76,0
DA:77,0
DA:78,0
DA:79,0
DA:81,0
DA:83,0
DA:87,0
DA:88,0
DA:89,0
DA:90,0
DA:91,0
DA:92,0
DA:93,0
DA:94,0
DA:95,0
DA:97,0
DA:99,0
DA:103,0
DA:125,0
DA:142,0
DA:144,0
DA:166,0
DA:185,0
DA:192,0
DA:193,0
DA:194,0
DA:206,0
DA:231,0
DA:239,0
DA:247,0
DA:256,0
LF:68
LH:0
BRDA:29,0,0,0
BRDA:29,0,1,0
BRDA:31,1,0,0
BRDA:31,1,1,0
BRDA:53,2,0,0
BRDA:53,2,1,0
BRDA:66,3,0,0
BRDA:66,3,1,0
BRDA:67,4,0,0
BRDA:67,4,1,0
BRDA:73,5,0,0
BRDA:73,5,1,0
BRDA:79,6,0,0
BRDA:79,6,1,0
BRDA:88,7,0,0
BRDA:88,7,1,0
BRDA:89,8,0,0
BRDA:89,8,1,0
BRDA:105,9,0,0
BRDA:105,9,1,0
BRDA:131,10,0,0
BRDA:131,10,1,0
BRDA:136,11,0,0
BRDA:136,11,1,0
BRDA:144,12,0,0
BRDA:144,12,1,0
BRDA:145,13,0,0
BRDA:145,13,1,0
BRDA:150,14,0,0
BRDA:150,14,1,0
BRDA:155,15,0,0
BRDA:155,15,1,0
BRDA:156,16,0,0
BRDA:156,16,1,0
BRDA:156,17,0,0
BRDA:156,17,1,0
BRDA:191,18,0,0
BRDA:191,18,1,0
BRDA:206,19,0,0
BRDA:206,19,1,0
BRDA:216,20,0,0
BRDA:216,20,1,0
BRDA:222,21,0,0
BRDA:222,21,1,0
BRDA:228,22,0,0
BRDA:228,22,1,0
BRDA:238,23,0,0
BRDA:238,23,1,0
BRDA:246,24,0,0
BRDA:246,24,1,0
BRDA:252,25,0,0
BRDA:252,25,1,0
BRF:52
BRH:0
end_of_record
TN:
SF:src/components/ConfigPage.jsx
FN:9,loadConfig
FN:17,ConfigPage
FN:22,(anonymous_2)
FN:24,(anonymous_3)
FN:29,(anonymous_4)
FN:32,(anonymous_5)
FN:36,(anonymous_6)
FN:62,(anonymous_7)
FN:86,(anonymous_8)
FN:86,(anonymous_9)
FN:102,(anonymous_10)
FN:102,(anonymous_11)
FN:123,(anonymous_12)
FN:123,(anonymous_13)
FNF:14
FNH:0
FNDA:0,loadConfig
FNDA:0,ConfigPage
FNDA:0,(anonymous_2)
FNDA:0,(anonymous_3)
FNDA:0,(anonymous_4)
FNDA:0,(anonymous_5)
FNDA:0,(anonymous_6)
FNDA:0,(anonymous_7)
FNDA:0,(anonymous_8)
FNDA:0,(anonymous_9)
FNDA:0,(anonymous_10)
FNDA:0,(anonymous_11)
FNDA:0,(anonymous_12)
FNDA:0,(anonymous_13)
DA:3,0
DA:10,0
DA:11,0
DA:13,0
DA:18,0
DA:19,0
DA:20,0
DA:22,0
DA:24,0
DA:25,0
DA:26,0
DA:27,0
DA:28,0
DA:29,0
DA:32,0
DA:33,0
DA:36,0
DA:37,0
DA:43,0
DA:62,0
DA:86,0
DA:102,0
DA:123,0
LF:23
LH:0
BRDA:11,0,0,0
BRDA:11,0,1,0
BRDA:56,1,0,0
BRDA:56,1,1,0
BRDA:57,2,0,0
BRDA:57,2,1,0
BRDA:57,3,0,0
BRDA:57,3,1,0
BRDA:64,4,0,0
BRDA:64,4,1,0
BRDA:88,5,0,0
BRDA:88,5,1,0
BRDA:137,6,0,0
BRDA:137,6,1,0
BRF:14
BRH:0
end_of_record
TN:
SF:src/components/CreditCardTracker.jsx
FN:4,fmt
FN:11,DaysCell
FN:38,CreditCardTracker
FN:47,(anonymous_3)
FN:50,(anonymous_4)
FN:52,(anonymous_5)
FN:55,(anonymous_6)
FN:56,(anonymous_7)
FN:59,(anonymous_8)
FN:59,(anonymous_9)
FN:59,(anonymous_10)
FN:61,(anonymous_11)
FN:95,(anonymous_12)
FN:95,(anonymous_13)
FN:176,(anonymous_14)
FN:201,(anonymous_15)
FNF:16
FNH:0
FNDA:0,fmt
FNDA:0,DaysCell
FNDA:0,CreditCardTracker
FNDA:0,(anonymous_3)
FNDA:0,(anonymous_4)
FNDA:0,(anonymous_5)
FNDA:0,(anonymous_6)
FNDA:0,(anonymous_7)
FNDA:0,(anonymous_8)
FNDA:0,(anonymous_9)
FNDA:0,(anonymous_10)
FNDA:0,(anonymous_11)
FNDA:0,(anonymous_12)
FNDA:0,(anonymous_13)
FNDA:0,(anonymous_14)
FNDA:0,(anonymous_15)
DA:5,0
DA:6,0
DA:12,0
DA:13,0
DA:14,0
DA:15,0
DA:16,0
DA:26,0
DA:39,0
DA:40,0
DA:41,0
DA:42,0
DA:43,0
DA:44,0
DA:45,0
DA:47,0
DA:50,0
DA:52,0
DA:53,0
DA:55,0
DA:56,0
DA:59,0
DA:61,0
DA:62,0
DA:63,0
DA:64,0
DA:65,0
DA:66,0
DA:67,0
DA:68,0
DA:69,0
DA:70,0
DA:71,0
DA:72,0
DA:73,0
DA:74,0
DA:75,0
DA:76,0
DA:77,0
DA:78,0
DA:79,0
DA:81,0
DA:83,0
DA:87,0
DA:88,0
DA:90,0
DA:95,0
DA:176,0
DA:202,0
LF:49
LH:0
BRDA:5,0,0,0
BRDA:5,0,1,0
BRDA:12,1,0,0
BRDA:12,1,1,0
BRDA:14,2,0,0
BRDA:14,2,1,0
BRDA:15,3,0,0
BRDA:15,3,1,0
BRDA:19,4,0,0
BRDA:19,4,1,0
BRDA:64,5,0,0
BRDA:64,5,1,0
BRDA:66,6,0,0
BRDA:66,6,1,0
BRDA:67,7,0,0
BRDA:67,7,1,0
BRDA:68,8,0,0
BRDA:68,8,1,0
BRDA:69,9,0,0
BRDA:69,9,1,0
BRDA:70,10,0,0
BRDA:70,10,1,0
BRDA:71,11,0,0
BRDA:71,11,1,0
BRDA:72,12,0,0
BRDA:72,12,1,0
BRDA:73,13,0,0
BRDA:73,13,1,0
BRDA:87,14,0,0
BRDA:87,14,1,0
BRDA:88,15,0,0
BRDA:88,15,1,0
BRDA:97,16,0,0
BRDA:97,16,1,0
BRDA:105,17,0,0
BRDA:105,17,1,0
BRDA:168,18,0,0
BRDA:168,18,1,0
BRDA:173,19,0,0
BRDA:173,19,1,0
BRDA:183,20,0,0
BRDA:183,20,1,0
BRDA:205,21,0,0
BRDA:205,21,1,0
BRDA:214,22,0,0
BRDA:214,22,1,0
BRDA:216,23,0,0
BRDA:216,23,1,0
BRF:48
BRH:0
end_of_record
TN:
SF:src/components/EventPanel.jsx
FN:24,today
FN:28,EventPanel
FN:34,(anonymous_2)
FN:49,(anonymous_3)
FN:50,(anonymous_4)
FN:53,(anonymous_5)
FN:55,handle
FN:57,(anonymous_7)
FN:60,set
FN:61,(anonymous_9)
FN:64,handleSave
FN:130,(anonymous_11)
FN:131,(anonymous_12)
FN:140,(anonymous_13)
FN:142,(anonymous_14)
FN:155,(anonymous_15)
FN:165,(anonymous_16)
FN:174,(anonymous_17)
FN:175,(anonymous_18)
FN:186,(anonymous_19)
FN:197,(anonymous_20)
FN:212,(anonymous_21)
FNF:22
FNH:0
FNDA:0,today
FNDA:0,EventPanel
FNDA:0,(anonymous_2)
FNDA:0,(anonymous_3)
FNDA:0,(anonymous_4)
FNDA:0,(anonymous_5)
FNDA:0,handle
FNDA:0,(anonymous_7)
FNDA:0,set
FNDA:0,(anonymous_9)
FNDA:0,handleSave
FNDA:0,(anonymous_11)
FNDA:0,(anonymous_12)
FNDA:0,(anonymous_13)
FNDA:0,(anonymous_14)
FNDA:0,(anonymous_15)
FNDA:0,(anonymous_16)
FNDA:0,(anonymous_17)
FNDA:0,(anonymous_18)
FNDA:0,(anonymous_19)
FNDA:0,(anonymous_20)
FNDA:0,(anonymous_21)
DA:3,0
DA:14,0
DA:22,0
DA:25,0
DA:29,0
DA:30,0
DA:31,0
DA:32,0
DA:34,0
DA:35,0
DA:36,0
DA:46,0
DA:49,0
DA:50,0
DA:53,0
DA:54,0
DA:55,0
DA:56,0
DA:57,0
DA:61,0
DA:65,0
DA:66,0
DA:67,0
DA:68,0
DA:69,0
DA:70,0
DA:80,0
DA:81,0
DA:83,0
DA:85,0
DA:89,0
DA:91,0
DA:130,0
DA:131,0
DA:140,0
DA:143,0
DA:155,0
DA:165,0
DA:174,0
DA:175,0
DA:186,0
DA:197,0
DA:212,0
LF:43
LH:0
BRDA:35,0,0,0
BRDA:35,0,1,0
BRDA:50,1,0,0
BRDA:50,1,1,0
BRDA:54,2,0,0
BRDA:54,2,1,0
BRDA:55,3,0,0
BRDA:55,3,1,0
BRDA:65,4,0,0
BRDA:65,4,1,0
BRDA:66,5,0,0
BRDA:66,5,1,0
BRDA:67,6,0,0
BRDA:67,6,1,0
BRDA:74,7,0,0
BRDA:74,7,1,0
BRDA:75,8,0,0
BRDA:75,8,1,0
BRDA:76,9,0,0
BRDA:76,9,1,0
BRDA:77,10,0,0
BRDA:77,10,1,0
BRDA:78,11,0,0
BRDA:78,11,1,0
BRDA:94,12,0,0
BRDA:94,12,1,0
BRDA:104,13,0,0
BRDA:104,13,1,0
BRDA:118,14,0,0
BRDA:118,14,1,0
BRDA:129,15,0,0
BRDA:129,15,1,0
BRDA:131,16,0,0
BRDA:131,16,1,0
BRDA:140,17,0,0
BRDA:140,17,1,0
BRDA:154,18,0,0
BRDA:154,18,1,0
BRDA:164,19,0,0
BRDA:164,19,1,0
BRDA:174,20,0,0
BRDA:174,20,1,0
BRDA:180,21,0,0
BRDA:180,21,1,0
BRDA:185,22,0,0
BRDA:185,22,1,0
BRDA:196,23,0,0
BRDA:196,23,1,0
BRDA:211,24,0,0
BRDA:211,24,1,0
BRDA:224,25,0,0
BRDA:224,25,1,0
BRDA:231,26,0,0
BRDA:231,26,1,0
BRF:54
BRH:0
end_of_record
TN:
SF:src/components/OccurrenceList.jsx
FN:5,today
FN:6,daysOut
FN:10,fmt
FN:15,daysUntil
FN:23,OccurrenceList
FN:32,(anonymous_5)
FN:40,(anonymous_6)
FN:48,(anonymous_7)
FN:49,(anonymous_8)
FN:51,(anonymous_9)
FN:54,(anonymous_10)
FN:54,(anonymous_11)
FN:60,(anonymous_12)
FN:62,(anonymous_13)
FN:70,(anonymous_14)
FN:72,(anonymous_15)
FN:79,(anonymous_16)
FN:89,(anonymous_17)
FN:119,(anonymous_18)
FN:127,(anonymous_19)
FN:139,(anonymous_20)
FN:142,(anonymous_21)
FN:145,(anonymous_22)
FN:150,(anonymous_23)
FNF:24
FNH:0
FNDA:0,today
FNDA:0,daysOut
FNDA:0,fmt
FNDA:0,daysUntil
FNDA:0,OccurrenceList
FNDA:0,(anonymous_5)
FNDA:0,(anonymous_6)
FNDA:0,(anonymous_7)
FNDA:0,(anonymous_8)
FNDA:0,(anonymous_9)
FNDA:0,(anonymous_10)
FNDA:0,(anonymous_11)
FNDA:0,(anonymous_12)
FNDA:0,(anonymous_13)
FNDA:0,(anonymous_14)
FNDA:0,(anonymous_15)
FNDA:0,(anonymous_16)
FNDA:0,(anonymous_17)
FNDA:0,(anonymous_18)
FNDA:0,(anonymous_19)
FNDA:0,(anonymous_20)
FNDA:0,(anonymous_21)
FNDA:0,(anonymous_22)
FNDA:0,(anonymous_23)
DA:5,0
DA:7,0
DA:8,0
DA:11,0
DA:16,0
DA:17,0
DA:18,0
DA:19,0
DA:20,0
DA:24,0
DA:25,0
DA:26,0
DA:27,0
DA:28,0
DA:29,0
DA:30,0
DA:32,0
DA:33,0
DA:34,0
DA:35,0
DA:36,0
DA:37,0
DA:39,0
DA:40,0
DA:42,0
DA:44,0
DA:48,0
DA:49,0
DA:51,0
DA:52,0
DA:53,0
DA:54,0
DA:56,0
DA:60,0
DA:61,0
DA:62,0
DA:65,0
DA:70,0
DA:73,0
DA:79,0
DA:89,0
DA:120,0
DA:127,0
DA:139,0
DA:142,0
DA:145,0
DA:150,0
LF:47
LH:0
BRDA:17,0,0,0
BRDA:17,0,1,0
BRDA:18,1,0,0
BRDA:18,1,1,0
BRDA:19,2,0,0
BRDA:19,2,1,0
BRDA:36,3,0,0
BRDA:36,3,1,0
BRDA:39,4,0,0
BRDA:39,4,1,0
BRDA:40,5,0,0
BRDA:40,5,1,0
BRDA:54,6,0,0
BRDA:54,6,1,0
BRDA:100,7,0,0
BRDA:100,7,1,0
BRDA:102,8,0,0
BRDA:102,8,1,0
BRDA:127,9,0,0
BRDA:127,9,1,0
BRDA:138,10,0,0
BRDA:138,10,1,0
BRDA:141,11,0,0
BRDA:141,11,1,0
BRDA:144,12,0,0
BRDA:144,12,1,0
BRDA:144,12,2,0
BRDA:147,13,0,0
BRDA:147,13,1,0
BRDA:147,13,2,0
BRDA:148,14,0,0
BRDA:148,14,1,0
BRF:32
BRH:0
end_of_record
TN:
SF:src/components/grocery/GroceryListDetail.jsx
FN:20,ItemCombobox
FN:22,(anonymous_1)
FN:23,(anonymous_2)
FN:26,(anonymous_3)
FN:28,handleChange
FN:31,(anonymous_5)
FN:43,(anonymous_6)
FN:49,(anonymous_7)
FN:55,GroceryListDetail
FN:64,(anonymous_9)
FN:66,reload
FN:76,togglePurchased
FN:79,(anonymous_12)
FN:81,(anonymous_13)
FN:91,removeItem
FN:93,(anonymous_15)
FN:93,(anonymous_16)
FN:102,handleAdd
FN:122,handleAdvance
FN:130,(anonymous_19)
FN:139,setAdd
FN:139,(anonymous_21)
FN:141,handleItemSelected
FN:147,(anonymous_23)
FN:147,(anonymous_24)
FN:148,(anonymous_25)
FN:148,(anonymous_26)
FN:151,(anonymous_27)
FN:194,(anonymous_28)
FN:209,(anonymous_29)
FN:233,(anonymous_30)
FN:241,(anonymous_31)
FN:252,(anonymous_32)
FN:265,(anonymous_33)
FN:288,AddItemPanel
FN:291,(anonymous_35)
FN:292,(anonymous_36)
FN:295,(anonymous_37)
FN:297,handle
FN:299,(anonymous_39)
FN:350,(anonymous_40)
FN:359,(anonymous_41)
FN:362,(anonymous_42)
FN:373,(anonymous_43)
FN:374,(anonymous_44)
FN:412,ItemRow
FN:417,startEdit
FN:427,saveEdit
FN:444,cancelEdit
FN:446,set
FN:446,(anonymous_50)
FN:457,(anonymous_51)
FN:469,(anonymous_52)
FN:470,(anonymous_53)
FN:477,(anonymous_54)
FN:480,(anonymous_55)
FN:489,(anonymous_56)
FN:490,(anonymous_57)
FN:515,(anonymous_58)
FN:545,(anonymous_59)
FNF:60
FNH:39
FNDA:25,ItemCombobox
FNDA:16,(anonymous_1)
FNDA:48,(anonymous_2)
FNDA:16,(anonymous_3)
FNDA:1,handleChange
FNDA:3,(anonymous_5)
FNDA:0,(anonymous_6)
FNDA:75,(anonymous_7)
FNDA:37,GroceryListDetail
FNDA:19,(anonymous_9)
FNDA:1,reload
FNDA:2,togglePurchased
FNDA:2,(anonymous_12)
FNDA:4,(anonymous_13)
FNDA:1,removeItem
FNDA:1,(anonymous_15)
FNDA:2,(anonymous_16)
FNDA:1,handleAdd
FNDA:1,handleAdvance
FNDA:1,(anonymous_19)
FNDA:2,setAdd
FNDA:2,(anonymous_21)
FNDA:1,handleItemSelected
FNDA:70,(anonymous_23)
FNDA:2,(anonymous_24)
FNDA:70,(anonymous_25)
FNDA:2,(anonymous_26)
FNDA:70,(anonymous_27)
FNDA:0,(anonymous_28)
FNDA:0,(anonymous_29)
FNDA:34,(anonymous_30)
FNDA:36,(anonymous_31)
FNDA:0,(anonymous_32)
FNDA:3,(anonymous_33)
FNDA:27,AddItemPanel
FNDA:21,(anonymous_35)
FNDA:3,(anonymous_36)
FNDA:27,(anonymous_37)
FNDA:0,handle
FNDA:5,(anonymous_39)
FNDA:0,(anonymous_40)
FNDA:0,(anonymous_41)
FNDA:350,(anonymous_42)
FNDA:0,(anonymous_43)
FNDA:0,(anonymous_44)
FNDA:57,ItemRow
FNDA:0,startEdit
FNDA:0,saveEdit
FNDA:0,cancelEdit
FNDA:0,set
FNDA:0,(anonymous_50)
FNDA:0,(anonymous_51)
FNDA:0,(anonymous_52)
FNDA:0,(anonymous_53)
FNDA:0,(anonymous_54)
FNDA:0,(anonymous_55)
FNDA:0,(anonymous_56)
FNDA:0,(anonymous_57)
FNDA:2,(anonymous_58)
FNDA:1,(anonymous_59)
DA:11,2
DA:18,2
DA:20,2
DA:21,25
DA:22,25
DA:23,48
DA:24,16
DA:26,25
DA:29,1
DA:30,1
DA:31,3
DA:32,1
DA:33,0
DA:36,25
DA:43,0
DA:49,75
DA:56,37
DA:57,37
DA:58,37
DA:59,37
DA:60,37
DA:61,37
DA:64,37
DA:67,1
DA:68,1
DA:69,1
DA:70,1
DA:72,0
DA:77,2
DA:79,2
DA:81,4
DA:83,2
DA:84,2
DA:86,0
DA:87,0
DA:93,2
DA:94,1
DA:95,1
DA:97,0
DA:98,0
DA:103,1
DA:104,1
DA:105,1
DA:106,1
DA:112,1
DA:113,1
DA:114,1
DA:116,0
DA:118,1
DA:123,1
DA:124,1
DA:125,1
DA:126,1
DA:127,1
DA:128,1
DA:129,1
DA:130,1
DA:131,1
DA:133,0
DA:135,1
DA:139,2
DA:142,1
DA:143,1
DA:146,37
DA:147,70
DA:148,70
DA:149,37
DA:151,37
DA:152,70
DA:155,37
DA:194,0
DA:209,0
DA:233,34
DA:241,36
DA:252,0
DA:265,3
DA:286,2
DA:289,27
DA:291,27
DA:292,21
DA:295,27
DA:296,27
DA:297,0
DA:298,5
DA:299,5
DA:302,27
DA:350,0
DA:359,0
DA:362,350
DA:373,0
DA:374,0
DA:413,57
DA:414,57
DA:415,57
DA:418,0
DA:419,0
DA:424,0
DA:428,0
DA:429,0
DA:430,0
DA:435,0
DA:436,0
DA:440,0
DA:444,0
DA:446,0
DA:448,57
DA:450,57
DA:451,0
DA:457,0
DA:469,0
DA:470,0
DA:477,0
DA:480,0
DA:489,0
DA:490,0
DA:509,57
DA:515,2
DA:545,1
LF:118
LH:82
BRDA:24,0,0,0
BRDA:24,0,1,16
BRDA:32,1,0,1
BRDA:32,1,1,0
BRDA:33,2,0,0
BRDA:33,2,1,0
BRDA:77,3,0,1
BRDA:77,3,1,1
BRDA:81,4,0,2
BRDA:81,4,1,2
BRDA:103,5,0,0
BRDA:103,5,1,1
BRDA:108,6,0,1
BRDA:108,6,1,0
BRDA:110,7,0,1
BRDA:110,7,1,1
BRDA:124,8,0,0
BRDA:124,8,1,1
BRDA:128,9,0,1
BRDA:128,9,1,0
BRDA:143,10,0,1
BRDA:143,10,1,0
BRDA:152,11,0,34
BRDA:152,11,1,36
BRDA:177,12,0,37
BRDA:177,12,1,37
BRDA:178,13,0,37
BRDA:178,13,1,37
BRDA:180,14,0,37
BRDA:180,14,1,34
BRDA:184,15,0,37
BRDA:184,15,1,34
BRDA:190,16,0,2
BRDA:190,16,1,32
BRDA:204,17,0,37
BRDA:204,17,1,0
BRDA:215,18,0,1
BRDA:215,18,1,36
BRDA:234,19,0,36
BRDA:234,19,1,34
BRDA:234,19,2,30
BRDA:249,20,0,37
BRDA:249,20,1,34
BRDA:263,21,0,37
BRDA:263,21,1,34
BRDA:292,22,0,3
BRDA:292,22,1,18
BRDA:296,23,0,22
BRDA:296,23,1,5
BRDA:297,24,0,0
BRDA:297,24,1,0
BRDA:305,25,0,5
BRDA:305,25,1,22
BRDA:314,26,0,5
BRDA:314,26,1,22
BRDA:327,27,0,2
BRDA:327,27,1,25
BRDA:374,28,0,0
BRDA:374,28,1,0
BRDA:387,29,0,27
BRDA:387,29,1,26
BRDA:394,30,0,1
BRDA:394,30,1,26
BRDA:412,31,0,57
BRDA:422,32,0,0
BRDA:422,32,1,0
BRDA:431,33,0,0
BRDA:431,33,1,0
BRDA:433,34,0,0
BRDA:433,34,1,0
BRDA:450,35,0,0
BRDA:450,35,1,57
BRDA:470,36,0,0
BRDA:470,36,1,0
BRDA:470,37,0,0
BRDA:470,37,1,0
BRDA:490,38,0,0
BRDA:490,38,1,0
BRDA:490,39,0,0
BRDA:490,39,1,0
BRDA:498,40,0,0
BRDA:498,40,1,0
BRDA:510,41,0,29
BRDA:510,41,1,28
BRDA:519,42,0,29
BRDA:519,42,1,28
BRDA:527,43,0,57
BRDA:527,43,1,0
BRF:88
BRH:56
end_of_record
TN:
SF:src/components/grocery/GroceryListPanel.jsx
FN:13,GroceryListPanel
FN:19,(anonymous_1)
FN:33,(anonymous_2)
FN:34,(anonymous_3)
FN:37,(anonymous_4)
FN:39,handle
FN:41,(anonymous_6)
FN:44,set
FN:44,(anonymous_8)
FN:46,handleSave
FN:88,(anonymous_10)
FN:89,(anonymous_11)
FN:97,(anonymous_12)
FN:99,(anonymous_13)
FN:110,(anonymous_14)
FN:121,(anonymous_15)
FNF:16
FNH:11
FNDA:47,GroceryListPanel
FNDA:21,(anonymous_1)
FNDA:21,(anonymous_2)
FNDA:4,(anonymous_3)
FNDA:37,(anonymous_4)
FNDA:0,handle
FNDA:8,(anonymous_6)
FNDA:1,set
FNDA:1,(anonymous_8)
FNDA:1,handleSave
FNDA:1,(anonymous_10)
FNDA:0,(anonymous_11)
FNDA:0,(anonymous_12)
FNDA:66,(anonymous_13)
FNDA:0,(anonymous_14)
FNDA:0,(anonymous_15)
DA:3,2
DA:11,2
DA:14,47
DA:15,47
DA:16,47
DA:17,47
DA:19,47
DA:20,21
DA:21,8
DA:22,5
DA:23,3
DA:24,3
DA:33,47
DA:34,21
DA:37,47
DA:38,37
DA:39,0
DA:40,8
DA:41,8
DA:44,1
DA:47,1
DA:48,1
DA:49,1
DA:55,1
DA:58,47
DA:88,1
DA:89,0
DA:97,0
DA:100,66
DA:110,0
DA:121,0
LF:31
LH:26
BRDA:20,0,0,13
BRDA:20,0,1,8
BRDA:21,1,0,5
BRDA:21,1,1,3
BRDA:23,2,0,3
BRDA:23,2,1,0
BRDA:25,3,0,3
BRDA:25,3,1,0
BRDA:26,4,0,3
BRDA:26,4,1,0
BRDA:27,5,0,3
BRDA:27,5,1,0
BRDA:28,6,0,3
BRDA:28,6,1,0
BRDA:34,7,0,8
BRDA:34,7,1,13
BRDA:38,8,0,29
BRDA:38,8,1,8
BRDA:39,9,0,0
BRDA:39,9,1,0
BRDA:47,10,0,0
BRDA:47,10,1,1
BRDA:51,11,0,0
BRDA:51,11,1,1
BRDA:53,12,0,1
BRDA:53,12,1,1
BRDA:62,13,0,18
BRDA:62,13,1,29
BRDA:70,14,0,18
BRDA:70,14,1,29
BRDA:74,15,0,41
BRDA:74,15,1,6
BRDA:87,16,0,47
BRDA:87,16,1,37
BRDA:89,17,0,0
BRDA:89,17,1,0
BRDA:97,18,0,47
BRDA:97,18,1,37
BRDA:101,19,0,47
BRDA:101,19,1,19
BRDA:110,20,0,47
BRDA:110,20,1,37
BRDA:120,21,0,47
BRDA:120,21,1,37
BRDA:131,22,0,47
BRDA:131,22,1,46
BRDA:137,23,0,1
BRDA:137,23,1,46
BRDA:137,24,0,40
BRDA:137,24,1,6
BRF:50
BRH:39
end_of_record
TN:
SF:src/components/grocery/GroceryLists.jsx
FN:14,GroceryLists
FN:22,(anonymous_1)
FN:35,(anonymous_2)
FN:38,(anonymous_3)
FN:41,(anonymous_4)
FN:43,handleCreate
FN:45,(anonymous_6)
FN:49,handleUpdate
FN:51,(anonymous_8)
FN:51,(anonymous_9)
FN:55,handleDelete
FN:59,(anonymous_11)
FN:59,(anonymous_12)
FN:66,handleListChanged
FN:67,(anonymous_14)
FN:67,(anonymous_15)
FN:75,(anonymous_16)
FN:86,(anonymous_17)
FN:89,(anonymous_18)
FN:114,(anonymous_19)
FN:132,(anonymous_20)
FN:136,(anonymous_21)
FN:137,(anonymous_22)
FN:138,(anonymous_23)
FN:150,(anonymous_24)
FN:150,(anonymous_25)
FN:156,(anonymous_26)
FN:175,ListCard
FN:210,(anonymous_28)
FNF:29
FNH:14
FNDA:28,GroceryLists
FNDA:12,(anonymous_1)
FNDA:12,(anonymous_2)
FNDA:6,(anonymous_3)
FNDA:27,(anonymous_4)
FNDA:0,handleCreate
FNDA:0,(anonymous_6)
FNDA:0,handleUpdate
FNDA:0,(anonymous_8)
FNDA:0,(anonymous_9)
FNDA:2,handleDelete
FNDA:1,(anonymous_11)
FNDA:2,(anonymous_12)
FNDA:0,handleListChanged
FNDA:0,(anonymous_14)
FNDA:0,(anonymous_15)
FNDA:0,(anonymous_16)
FNDA:112,(anonymous_17)
FNDA:4,(anonymous_18)
FNDA:0,(anonymous_19)
FNDA:23,(anonymous_20)
FNDA:0,(anonymous_21)
FNDA:0,(anonymous_22)
FNDA:2,(anonymous_23)
FNDA:0,(anonymous_24)
FNDA:0,(anonymous_25)
FNDA:0,(anonymous_26)
FNDA:23,ListCard
FNDA:2,(anonymous_28)
DA:7,1
DA:15,28
DA:16,28
DA:17,28
DA:18,28
DA:19,28
DA:20,28
DA:22,28
DA:23,12
DA:24,12
DA:25,12
DA:26,12
DA:27,10
DA:29,1
DA:31,11
DA:35,28
DA:37,28
DA:38,6
DA:41,28
DA:44,0
DA:45,0
DA:46,0
DA:50,0
DA:51,0
DA:52,0
DA:56,2
DA:57,1
DA:58,1
DA:59,2
DA:60,1
DA:62,0
DA:67,0
DA:70,28
DA:71,0
DA:75,0
DA:81,28
DA:87,112
DA:89,4
DA:114,0
DA:133,23
DA:136,0
DA:137,0
DA:138,2
DA:150,0
DA:156,0
DA:176,23
DA:177,23
DA:179,23
DA:210,2
LF:49
LH:34
BRDA:37,0,0,3
BRDA:37,0,1,25
BRDA:41,1,0,28
BRDA:41,1,1,28
BRDA:51,2,0,0
BRDA:51,2,1,0
BRDA:56,3,0,1
BRDA:56,3,1,1
BRDA:60,4,0,0
BRDA:60,4,1,1
BRDA:67,5,0,0
BRDA:67,5,1,0
BRDA:70,6,0,0
BRDA:70,6,1,28
BRDA:91,7,0,28
BRDA:91,7,1,84
BRDA:109,8,0,28
BRDA:109,8,1,1
BRDA:118,9,0,28
BRDA:118,9,1,12
BRDA:124,10,0,28
BRDA:124,10,1,16
BRDA:124,10,2,3
BRDA:126,11,0,1
BRDA:126,11,1,2
BRDA:130,12,0,28
BRDA:130,12,1,16
BRDA:130,12,2,13
BRDA:151,13,0,28
BRDA:151,13,1,0
BRDA:177,14,0,10
BRDA:177,14,1,13
BRDA:195,15,0,23
BRDA:195,15,1,10
BRDA:196,16,0,23
BRDA:196,16,1,10
BRDA:197,17,0,23
BRDA:197,17,1,0
BRDA:197,18,0,10
BRDA:197,18,1,13
BRDA:199,19,0,23
BRDA:199,19,1,10
BRF:42
BRH:34
end_of_record
TN:
SF:src/components/grocery/GroceryPage.jsx
FN:13,GroceryPage
FN:18,(anonymous_1)
FN:28,(anonymous_2)
FN:34,(anonymous_3)
FN:37,(anonymous_4)
FNF:5
FNH:5
FNDA:8,GroceryPage
FNDA:4,(anonymous_1)
FNDA:4,(anonymous_2)
FNDA:24,(anonymous_3)
FNDA:4,(anonymous_4)
DA:7,1
DA:14,8
DA:15,8
DA:16,8
DA:18,8
DA:19,4
DA:20,4
DA:21,4
DA:22,4
DA:24,0
DA:28,8
DA:30,8
DA:35,24
DA:37,4
LF:14
LH:13
BRDA:39,0,0,8
BRDA:39,0,1,16
BRDA:49,1,0,8
BRDA:49,1,1,5
BRDA:55,2,0,8
BRDA:55,2,1,1
BRDA:62,3,0,8
BRDA:62,3,1,2
BRF:8
BRH:8
end_of_record
TN:
SF:src/components/grocery/OnHandView.jsx
FN:19,OnHandView
FN:30,(anonymous_1)
FN:42,(anonymous_2)
FN:44,(anonymous_3)
FN:46,(anonymous_4)
FN:47,(anonymous_5)
FN:48,(anonymous_6)
FN:50,startEdit
FN:60,saveEdit
FN:80,handleDelete
FN:91,handleCreateItem
FN:116,(anonymous_11)
FN:124,(anonymous_12)
FN:137,(anonymous_13)
FN:165,(anonymous_14)
FN:173,(anonymous_15)
FN:173,(anonymous_16)
FN:174,(anonymous_17)
FN:175,(anonymous_18)
FN:176,(anonymous_19)
FN:177,(anonymous_20)
FN:188,(anonymous_21)
FN:208,AddItemPanel
FN:211,(anonymous_23)
FN:212,(anonymous_24)
FN:215,(anonymous_25)
FN:217,handle
FN:219,(anonymous_27)
FN:252,(anonymous_28)
FN:252,(anonymous_29)
FN:253,(anonymous_30)
FN:262,(anonymous_31)
FN:262,(anonymous_32)
FN:265,(anonymous_33)
FN:272,(anonymous_34)
FN:272,(anonymous_35)
FN:276,(anonymous_36)
FN:310,OnHandRow
FN:322,(anonymous_38)
FN:323,(anonymous_39)
FN:330,(anonymous_40)
FN:334,(anonymous_41)
FN:343,(anonymous_42)
FN:344,(anonymous_43)
FN:351,(anonymous_44)
FN:354,(anonymous_45)
FNF:46
FNH:23
FNDA:37,OnHandView
FNDA:15,(anonymous_1)
FNDA:14,(anonymous_2)
FNDA:46,(anonymous_3)
FNDA:70,(anonymous_4)
FNDA:66,(anonymous_5)
FNDA:32,(anonymous_6)
FNDA:0,startEdit
FNDA:0,saveEdit
FNDA:2,handleDelete
FNDA:1,handleCreateItem
FNDA:3,(anonymous_11)
FNDA:0,(anonymous_12)
FNDA:0,(anonymous_13)
FNDA:40,(anonymous_14)
FNDA:0,(anonymous_15)
FNDA:0,(anonymous_16)
FNDA:0,(anonymous_17)
FNDA:0,(anonymous_18)
FNDA:0,(anonymous_19)
FNDA:2,(anonymous_20)
FNDA:3,(anonymous_21)
FNDA:36,AddItemPanel
FNDA:18,(anonymous_23)
FNDA:3,(anonymous_24)
FNDA:36,(anonymous_25)
FNDA:0,handle
FNDA:5,(anonymous_27)
FNDA:1,(anonymous_28)
FNDA:1,(anonymous_29)
FNDA:0,(anonymous_30)
FNDA:0,(anonymous_31)
FNDA:0,(anonymous_32)
FNDA:504,(anonymous_33)
FNDA:0,(anonymous_34)
FNDA:0,(anonymous_35)
FNDA:36,(anonymous_36)
FNDA:38,OnHandRow
FNDA:0,(anonymous_38)
FNDA:0,(anonymous_39)
FNDA:0,(anonymous_40)
FNDA:0,(anonymous_41)
FNDA:0,(anonymous_42)
FNDA:0,(anonymous_43)
FNDA:0,(anonymous_44)
FNDA:0,(anonymous_45)
DA:8,1
DA:15,1
DA:17,1
DA:20,37
DA:21,37
DA:22,37
DA:23,37
DA:24,37
DA:25,37
DA:26,37
DA:27,37
DA:28,37
DA:30,37
DA:31,15
DA:32,15
DA:33,15
DA:34,14
DA:36,0
DA:38,14
DA:42,37
DA:44,46
DA:45,37
DA:46,70
DA:47,66
DA:48,32
DA:51,0
DA:52,0
DA:61,0
DA:62,0
DA:72,0
DA:74,0
DA:76,0
DA:81,2
DA:82,1
DA:83,1
DA:84,1
DA:85,1
DA:87,0
DA:92,1
DA:93,1
DA:94,1
DA:95,1
DA:100,1
DA:101,1
DA:102,1
DA:104,0
DA:106,1
DA:110,37
DA:116,3
DA:124,0
DA:137,0
DA:166,40
DA:173,0
DA:174,0
DA:175,0
DA:176,0
DA:177,2
DA:188,3
DA:209,36
DA:211,36
DA:212,18
DA:215,36
DA:216,36
DA:217,0
DA:218,5
DA:219,5
DA:222,36
DA:252,1
DA:253,0
DA:262,0
DA:265,504
DA:272,0
DA:276,36
DA:311,38
DA:312,38
DA:313,38
DA:315,38
DA:316,0
DA:322,0
DA:323,0
DA:330,0
DA:334,0
DA:343,0
DA:344,0
DA:351,0
DA:354,0
DA:367,38
LF:87
LH:58
BRDA:46,0,0,70
BRDA:46,0,1,6
BRDA:47,1,0,66
BRDA:47,1,1,26
BRDA:54,2,0,0
BRDA:54,2,1,0
BRDA:55,3,0,0
BRDA:55,3,1,0
BRDA:56,4,0,0
BRDA:56,4,1,0
BRDA:65,5,0,0
BRDA:65,5,1,0
BRDA:68,6,0,0
BRDA:68,6,1,0
BRDA:81,7,0,1
BRDA:81,7,1,1
BRDA:92,8,0,0
BRDA:92,8,1,1
BRDA:98,9,0,0
BRDA:98,9,1,1
BRDA:132,10,0,37
BRDA:132,10,1,0
BRDA:141,11,0,37
BRDA:141,11,1,14
BRDA:145,12,0,37
BRDA:145,12,1,23
BRDA:145,12,2,2
BRDA:147,13,0,1
BRDA:147,13,1,1
BRDA:151,14,0,37
BRDA:151,14,1,23
BRDA:151,14,2,21
BRDA:212,15,0,3
BRDA:212,15,1,15
BRDA:216,16,0,31
BRDA:216,16,1,5
BRDA:217,17,0,0
BRDA:217,17,1,0
BRDA:225,18,0,5
BRDA:225,18,1,31
BRDA:234,19,0,5
BRDA:234,19,1,31
BRDA:253,20,0,0
BRDA:253,20,1,0
BRDA:285,21,0,36
BRDA:285,21,1,35
BRDA:292,22,0,1
BRDA:292,22,1,35
BRDA:311,23,0,38
BRDA:311,23,1,0
BRDA:312,24,0,38
BRDA:312,24,1,0
BRDA:315,25,0,0
BRDA:315,25,1,38
BRDA:321,26,0,0
BRDA:321,26,1,0
BRDA:323,27,0,0
BRDA:323,27,1,0
BRDA:323,28,0,0
BRDA:323,28,1,0
BRDA:329,29,0,0
BRDA:329,29,1,0
BRDA:342,30,0,0
BRDA:342,30,1,0
BRDA:344,31,0,0
BRDA:344,31,1,0
BRDA:344,32,0,0
BRDA:344,32,1,0
BRDA:350,33,0,0
BRDA:350,33,1,0
BRDA:378,34,0,38
BRDA:378,34,1,18
BRDA:382,35,0,18
BRDA:382,35,1,20
BRDA:384,36,0,38
BRDA:384,36,1,0
BRF:76
BRH:39
end_of_record
TN:
SF:src/components/grocery/StoreManager.jsx
FN:15,StoreManager
FN:23,handleCreate
FN:38,handleSaveEdit
FN:51,handleDelete
FN:61,startEdit
FN:73,(anonymous_5)
FN:93,(anonymous_6)
FN:100,(anonymous_7)
FN:100,(anonymous_8)
FN:101,(anonymous_9)
FN:108,(anonymous_10)
FN:108,(anonymous_11)
FN:109,(anonymous_12)
FN:115,(anonymous_13)
FN:116,(anonymous_14)
FN:127,(anonymous_15)
FN:132,(anonymous_16)
FN:149,(anonymous_17)
FN:158,(anonymous_18)
FN:178,AddStorePanel
FN:181,(anonymous_20)
FN:182,(anonymous_21)
FN:185,(anonymous_22)
FN:187,handle
FN:189,(anonymous_24)
FN:222,(anonymous_25)
FN:222,(anonymous_26)
FN:223,(anonymous_27)
FN:232,(anonymous_28)
FN:232,(anonymous_29)
FN:233,(anonymous_30)
FNF:31
FNH:17
FNDA:29,StoreManager
FNDA:2,handleCreate
FNDA:0,handleSaveEdit
FNDA:4,handleDelete
FNDA:0,startEdit
FNDA:1,(anonymous_5)
FNDA:20,(anonymous_6)
FNDA:0,(anonymous_7)
FNDA:0,(anonymous_8)
FNDA:0,(anonymous_9)
FNDA:0,(anonymous_10)
FNDA:0,(anonymous_11)
FNDA:0,(anonymous_12)
FNDA:0,(anonymous_13)
FNDA:0,(anonymous_14)
FNDA:0,(anonymous_15)
FNDA:4,(anonymous_16)
FNDA:1,(anonymous_17)
FNDA:5,(anonymous_18)
FNDA:29,AddStorePanel
FNDA:21,(anonymous_20)
FNDA:5,(anonymous_21)
FNDA:29,(anonymous_22)
FNDA:0,handle
FNDA:10,(anonymous_24)
FNDA:2,(anonymous_25)
FNDA:2,(anonymous_26)
FNDA:0,(anonymous_27)
FNDA:1,(anonymous_28)
FNDA:1,(anonymous_29)
FNDA:0,(anonymous_30)
DA:4,1
DA:11,1
DA:13,1
DA:16,29
DA:17,29
DA:18,29
DA:19,29
DA:20,29
DA:21,29
DA:24,2
DA:25,2
DA:26,2
DA:27,2
DA:28,2
DA:29,2
DA:30,2
DA:32,0
DA:34,2
DA:39,0
DA:40,0
DA:41,0
DA:42,0
DA:43,0
DA:45,0
DA:47,0
DA:52,4
DA:53,3
DA:54,3
DA:55,1
DA:57,2
DA:62,0
DA:63,0
DA:66,29
DA:73,1
DA:94,20
DA:100,0
DA:101,0
DA:108,0
DA:109,0
DA:115,0
DA:116,0
DA:127,0
DA:132,4
DA:149,1
DA:158,5
DA:179,29
DA:181,29
DA:182,21
DA:185,29
DA:186,29
DA:187,0
DA:188,10
DA:189,10
DA:192,29
DA:222,2
DA:223,0
DA:232,1
DA:233,0
LF:58
LH:38
BRDA:24,0,0,0
BRDA:24,0,1,2
BRDA:27,1,0,2
BRDA:27,1,1,1
BRDA:41,2,0,0
BRDA:41,2,1,0
BRDA:52,3,0,1
BRDA:52,3,1,3
BRDA:63,4,0,0
BRDA:63,4,1,0
BRDA:68,5,0,29
BRDA:68,5,1,2
BRDA:77,6,0,19
BRDA:77,6,1,10
BRDA:94,7,0,0
BRDA:94,7,1,20
BRDA:101,8,0,0
BRDA:101,8,1,0
BRDA:101,9,0,0
BRDA:101,9,1,0
BRDA:109,10,0,0
BRDA:109,10,1,0
BRDA:109,11,0,0
BRDA:109,11,1,0
BRDA:123,12,0,20
BRDA:123,12,1,10
BRDA:182,13,0,5
BRDA:182,13,1,16
BRDA:186,14,0,19
BRDA:186,14,1,10
BRDA:187,15,0,0
BRDA:187,15,1,0
BRDA:195,16,0,10
BRDA:195,16,1,19
BRDA:204,17,0,10
BRDA:204,17,1,19
BRDA:223,18,0,0
BRDA:223,18,1,0
BRDA:233,19,0,0
BRDA:233,19,1,0
BRDA:244,20,0,29
BRDA:244,20,1,27
BRDA:251,21,0,2
BRDA:251,21,1,27
BRF:44
BRH:24
end_of_record
TN:
SF:src/components/grocery/helpers.js
FN:21,fmtQty
FN:26,fmtPrice
FN:31,listSummary
FN:33,(anonymous_3)
FNF:4
FNH:4
FNDA:4,fmtQty
FNDA:60,fmtPrice
FNDA:63,listSummary
FNDA:95,(anonymous_3)
DA:1,4
DA:6,4
DA:12,4
DA:18,4
DA:19,4
DA:22,4
DA:23,4
DA:27,60
DA:28,30
DA:32,63
DA:33,95
DA:34,63
LF:12
LH:12
BRDA:23,0,0,2
BRDA:23,0,1,2
BRDA:23,1,0,1
BRDA:23,1,1,1
BRDA:27,2,0,30
BRDA:27,2,1,30
BRF:6
BRH:6
end_of_record
TN:
SF:src/components/tasks/TaskCard.jsx
FN:63,InlineMetaField
FN:98,OverflowMenu
FN:104,(anonymous_2)
FN:106,handle
FN:113,(anonymous_4)
FN:116,(anonymous_5)
FN:119,handleOpen
FN:125,(anonymous_7)
FN:145,(anonymous_8)
FN:149,(anonymous_9)
FN:169,SubtaskConfirmModal
FN:170,(anonymous_11)
FN:171,handle
FN:173,(anonymous_13)
FN:179,(anonymous_14)
FN:198,(anonymous_15)
FN:238,SortableSubtaskRow
FN:284,(anonymous_17)
FN:285,(anonymous_18)
FN:293,(anonymous_19)
FN:304,(anonymous_20)
FN:310,(anonymous_21)
FN:325,(anonymous_22)
FN:338,TaskCard
FN:368,(anonymous_24)
FN:371,(anonymous_25)
FN:375,(anonymous_26)
FN:377,handle
FN:379,(anonymous_28)
FN:387,(anonymous_29)
FN:388,(anonymous_30)
FN:389,(anonymous_31)
FN:392,(anonymous_32)
FN:393,(anonymous_33)
FN:396,(anonymous_34)
FN:397,(anonymous_35)
FN:403,(anonymous_36)
FN:411,(anonymous_37)
FN:414,(anonymous_38)
FN:419,(anonymous_39)
FN:426,(anonymous_40)
FN:436,(anonymous_41)
FN:443,(anonymous_42)
FN:454,(anonymous_43)
FN:458,(anonymous_44)
FN:465,(anonymous_45)
FN:467,(anonymous_46)
FN:468,(anonymous_47)
FN:478,(anonymous_48)
FN:480,(anonymous_49)
FN:481,(anonymous_50)
FN:490,(anonymous_51)
FN:494,(anonymous_52)
FN:499,(anonymous_53)
FN:505,(anonymous_54)
FN:517,(anonymous_55)
FN:523,(anonymous_56)
FN:529,(anonymous_57)
FN:570,(anonymous_58)
FN:583,(anonymous_59)
FN:584,(anonymous_60)
FN:597,(anonymous_61)
FN:611,(anonymous_62)
FN:623,(anonymous_63)
FN:624,(anonymous_64)
FN:625,(anonymous_65)
FN:628,(anonymous_66)
FN:634,(anonymous_67)
FN:654,(anonymous_68)
FN:658,(anonymous_69)
FN:659,(anonymous_70)
FN:663,(anonymous_71)
FN:669,(anonymous_72)
FN:699,(anonymous_73)
FN:709,(anonymous_74)
FN:715,(anonymous_75)
FN:719,(anonymous_76)
FN:736,(anonymous_77)
FN:742,(anonymous_78)
FN:746,(anonymous_79)
FN:747,(anonymous_80)
FN:751,(anonymous_81)
FN:760,(anonymous_82)
FN:769,(anonymous_83)
FN:776,(anonymous_84)
FN:789,(anonymous_85)
FN:822,(anonymous_86)
FN:836,(anonymous_87)
FN:842,(anonymous_88)
FN:869,(anonymous_89)
FN:873,(anonymous_90)
FN:900,(anonymous_91)
FN:901,(anonymous_92)
FNF:93
FNH:58
FNDA:378,InlineMetaField
FNDA:155,OverflowMenu
FNDA:122,(anonymous_2)
FNDA:1,handle
FNDA:21,(anonymous_4)
FNDA:1085,(anonymous_5)
FNDA:21,handleOpen
FNDA:21,(anonymous_7)
FNDA:114,(anonymous_8)
FNDA:11,(anonymous_9)
FNDA:6,SubtaskConfirmModal
FNDA:6,(anonymous_11)
FNDA:1,handle
FNDA:6,(anonymous_13)
FNDA:2,(anonymous_14)
FNDA:6,(anonymous_15)
FNDA:18,SortableSubtaskRow
FNDA:0,(anonymous_17)
FNDA:0,(anonymous_18)
FNDA:0,(anonymous_19)
FNDA:0,(anonymous_20)
FNDA:0,(anonymous_21)
FNDA:0,(anonymous_22)
FNDA:127,TaskCard
FNDA:89,(anonymous_24)
FNDA:0,(anonymous_25)
FNDA:96,(anonymous_26)
FNDA:1,handle
FNDA:4,(anonymous_28)
FNDA:89,(anonymous_29)
FNDA:89,(anonymous_30)
FNDA:32,(anonymous_31)
FNDA:89,(anonymous_32)
FNDA:32,(anonymous_33)
FNDA:89,(anonymous_34)
FNDA:14,(anonymous_35)
FNDA:8,(anonymous_36)
FNDA:0,(anonymous_37)
FNDA:0,(anonymous_38)
FNDA:1,(anonymous_39)
FNDA:2,(anonymous_40)
FNDA:1,(anonymous_41)
FNDA:1,(anonymous_42)
FNDA:0,(anonymous_43)
FNDA:0,(anonymous_44)
FNDA:0,(anonymous_45)
FNDA:0,(anonymous_46)
FNDA:0,(anonymous_47)
FNDA:0,(anonymous_48)
FNDA:0,(anonymous_49)
FNDA:0,(anonymous_50)
FNDA:89,(anonymous_51)
FNDA:1,(anonymous_52)
FNDA:1,(anonymous_53)
FNDA:0,(anonymous_54)
FNDA:1,(anonymous_55)
FNDA:2,(anonymous_56)
FNDA:4,(anonymous_57)
FNDA:2,(anonymous_58)
FNDA:1,(anonymous_59)
FNDA:3,(anonymous_60)
FNDA:6,(anonymous_61)
FNDA:1,(anonymous_62)
FNDA:0,(anonymous_63)
FNDA:0,(anonymous_64)
FNDA:0,(anonymous_65)
FNDA:0,(anonymous_66)
FNDA:0,(anonymous_67)
FNDA:2,(anonymous_68)
FNDA:0,(anonymous_69)
FNDA:1,(anonymous_70)
FNDA:8,(anonymous_71)
FNDA:6,(anonymous_72)
FNDA:1,(anonymous_73)
FNDA:0,(anonymous_74)
FNDA:0,(anonymous_75)
FNDA:0,(anonymous_76)
FNDA:0,(anonymous_77)
FNDA:0,(anonymous_78)
FNDA:0,(anonymous_79)
FNDA:0,(anonymous_80)
FNDA:0,(anonymous_81)
FNDA:0,(anonymous_82)
FNDA:0,(anonymous_83)
FNDA:0,(anonymous_84)
FNDA:3,(anonymous_85)
FNDA:2,(anonymous_86)
FNDA:1,(anonymous_87)
FNDA:1,(anonymous_88)
FNDA:18,(anonymous_89)
FNDA:18,(anonymous_90)
FNDA:3,(anonymous_91)
FNDA:3,(anonymous_92)
DA:15,3
DA:23,3
DA:24,3
DA:26,3
DA:31,3
DA:37,3
DA:44,3
DA:51,3
DA:64,378
DA:65,1
DA:72,377
DA:73,51
DA:81,326
DA:99,155
DA:100,155
DA:101,155
DA:102,155
DA:104,155
DA:105,122
DA:107,1
DA:110,1
DA:112,21
DA:113,21
DA:116,1085
DA:117,155
DA:120,21
DA:121,21
DA:122,21
DA:123,21
DA:125,21
DA:128,155
DA:146,114
DA:149,11
DA:170,6
DA:171,1
DA:172,6
DA:173,6
DA:176,6
DA:179,2
DA:199,6
DA:246,18
DA:249,18
DA:255,18
DA:257,18
DA:284,0
DA:286,0
DA:287,0
DA:293,0
DA:305,0
DA:310,0
DA:325,0
DA:353,127
DA:354,127
DA:355,127
DA:358,127
DA:361,127
DA:363,127
DA:364,127
DA:365,127
DA:368,127
DA:369,89
DA:370,0
DA:371,0
DA:375,127
DA:376,96
DA:377,1
DA:378,4
DA:379,4
DA:384,127
DA:385,127
DA:387,127
DA:388,127
DA:389,89
DA:392,127
DA:393,89
DA:396,127
DA:397,89
DA:403,127
DA:404,8
DA:405,6
DA:407,2
DA:411,127
DA:412,0
DA:413,0
DA:414,0
DA:416,0
DA:419,127
DA:420,1
DA:421,1
DA:426,127
DA:427,2
DA:428,2
DA:429,2
DA:430,1
DA:436,127
DA:437,1
DA:438,0
DA:440,1
DA:443,127
DA:444,1
DA:445,1
DA:446,1
DA:447,1
DA:449,1
DA:454,127
DA:455,0
DA:458,127
DA:459,0
DA:460,0
DA:461,0
DA:462,0
DA:465,127
DA:467,127
DA:468,0
DA:473,127
DA:478,127
DA:479,0
DA:480,0
DA:481,0
DA:482,0
DA:483,0
DA:488,127
DA:490,127
DA:494,1
DA:499,1
DA:505,0
DA:517,1
DA:523,2
DA:529,4
DA:533,127
DA:535,127
DA:570,2
DA:583,1
DA:585,3
DA:586,3
DA:598,6
DA:611,1
DA:623,0
DA:624,0
DA:625,0
DA:629,0
DA:634,0
DA:655,2
DA:656,2
DA:658,0
DA:659,1
DA:664,8
DA:669,6
DA:699,1
DA:710,0
DA:711,0
DA:712,0
DA:716,0
DA:717,0
DA:720,0
DA:721,0
DA:722,0
DA:724,0
DA:736,0
DA:743,0
DA:744,0
DA:746,0
DA:747,0
DA:751,0
DA:760,0
DA:770,0
DA:771,0
DA:772,0
DA:774,0
DA:777,0
DA:778,0
DA:789,3
DA:822,2
DA:836,1
DA:842,1
DA:869,18
DA:874,18
DA:900,3
DA:902,3
DA:903,3
DA:904,2
DA:905,2
LF:182
LH:128
BRDA:64,0,0,1
BRDA:64,0,1,377
BRDA:72,1,0,51
BRDA:72,1,1,326
BRDA:87,2,0,222
BRDA:87,2,1,104
BRDA:88,3,0,222
BRDA:88,3,1,104
BRDA:105,4,0,101
BRDA:105,4,1,21
BRDA:107,5,0,1
BRDA:107,5,1,0
BRDA:108,6,0,1
BRDA:108,6,1,1
BRDA:108,6,2,1
BRDA:108,6,3,1
BRDA:117,7,0,0
BRDA:117,7,1,155
BRDA:121,8,0,21
BRDA:121,8,1,0
BRDA:138,9,0,155
BRDA:138,9,1,21
BRDA:151,10,0,21
BRDA:151,10,1,93
BRDA:171,11,0,1
BRDA:171,11,1,0
BRDA:179,12,0,0
BRDA:179,12,1,2
BRDA:193,13,0,0
BRDA:193,13,1,6
BRDA:252,14,0,0
BRDA:252,14,1,18
BRDA:261,15,0,0
BRDA:261,15,1,18
BRDA:264,16,0,18
BRDA:264,16,1,0
BRDA:278,17,0,0
BRDA:278,17,1,18
BRDA:286,18,0,0
BRDA:286,18,1,0
BRDA:287,19,0,0
BRDA:287,19,1,0
BRDA:305,20,0,0
BRDA:305,20,1,0
BRDA:310,21,0,0
BRDA:310,21,1,0
BRDA:311,22,0,0
BRDA:311,22,1,18
BRDA:313,23,0,9
BRDA:313,23,1,9
BRDA:315,24,0,9
BRDA:315,24,1,0
BRDA:320,25,0,18
BRDA:320,25,1,0
BRDA:323,26,0,18
BRDA:323,26,1,18
BRDA:351,27,0,127
BRDA:369,28,0,0
BRDA:369,28,1,89
BRDA:369,29,0,89
BRDA:369,29,1,10
BRDA:376,30,0,92
BRDA:376,30,1,4
BRDA:377,31,0,1
BRDA:377,31,1,0
BRDA:385,32,0,127
BRDA:385,32,1,116
BRDA:387,33,0,89
BRDA:387,33,1,0
BRDA:389,34,0,89
BRDA:389,34,1,0
BRDA:393,35,0,89
BRDA:393,35,1,0
BRDA:393,36,0,32
BRDA:393,36,1,19
BRDA:397,37,0,89
BRDA:397,37,1,0
BRDA:404,38,0,6
BRDA:404,38,1,2
BRDA:429,39,0,1
BRDA:429,39,1,1
BRDA:429,40,0,2
BRDA:429,40,1,2
BRDA:437,41,0,0
BRDA:437,41,1,1
BRDA:445,42,0,0
BRDA:445,42,1,1
BRDA:459,43,0,0
BRDA:459,43,1,0
BRDA:461,44,0,0
BRDA:461,44,1,0
BRDA:468,45,0,0
BRDA:468,45,1,0
BRDA:479,46,0,0
BRDA:479,46,1,0
BRDA:479,47,0,0
BRDA:479,47,1,0
BRDA:482,48,0,0
BRDA:482,48,1,0
BRDA:482,49,0,0
BRDA:482,49,1,0
BRDA:510,50,0,89
BRDA:510,50,1,78
BRDA:516,51,0,89
BRDA:516,51,1,78
BRDA:522,52,0,89
BRDA:522,52,1,82
BRDA:533,53,0,127
BRDA:533,53,1,0
BRDA:546,54,0,2
BRDA:546,54,1,125
BRDA:547,55,0,18
BRDA:547,55,1,109
BRDA:548,56,0,0
BRDA:548,56,1,127
BRDA:555,57,0,109
BRDA:555,57,1,18
BRDA:555,58,0,127
BRDA:555,58,1,116
BRDA:568,59,0,127
BRDA:568,59,1,104
BRDA:579,60,0,6
BRDA:579,60,1,121
BRDA:585,61,0,2
BRDA:585,61,1,1
BRDA:586,62,0,1
BRDA:586,62,1,2
BRDA:598,63,0,4
BRDA:598,63,1,2
BRDA:600,64,0,18
BRDA:600,64,1,103
BRDA:602,65,0,11
BRDA:602,65,1,110
BRDA:609,66,0,121
BRDA:609,66,1,103
BRDA:619,67,0,0
BRDA:619,67,1,127
BRDA:625,68,0,0
BRDA:625,68,1,0
BRDA:636,69,0,127
BRDA:636,69,1,0
BRDA:647,70,0,127
BRDA:647,70,1,112
BRDA:647,70,2,112
BRDA:647,70,3,18
BRDA:649,71,0,18
BRDA:649,71,1,15
BRDA:650,72,0,4
BRDA:650,72,1,11
BRDA:653,73,0,4
BRDA:653,73,1,0
BRDA:655,74,0,1
BRDA:655,74,1,1
BRDA:659,75,0,1
BRDA:659,75,1,1
BRDA:663,76,0,4
BRDA:663,76,1,0
BRDA:669,77,0,6
BRDA:669,77,1,4
BRDA:670,78,0,2
BRDA:670,78,1,9
BRDA:682,79,0,18
BRDA:682,79,1,18
BRDA:682,79,2,3
BRDA:691,80,0,127
BRDA:691,80,1,18
BRDA:691,80,2,1
BRDA:691,80,3,1
BRDA:691,80,4,126
BRDA:693,81,0,126
BRDA:693,81,1,17
BRDA:693,81,2,126
BRDA:696,82,0,121
BRDA:696,82,1,5
BRDA:699,83,0,1
BRDA:699,83,1,17
BRDA:701,84,0,126
BRDA:701,84,1,104
BRDA:710,85,0,0
BRDA:710,85,1,0
BRDA:716,86,0,0
BRDA:716,86,1,0
BRDA:720,87,0,0
BRDA:720,87,1,0
BRDA:721,88,0,0
BRDA:721,88,1,0
BRDA:724,89,0,0
BRDA:724,89,1,0
BRDA:733,90,0,126
BRDA:733,90,1,126
BRDA:736,91,0,0
BRDA:736,91,1,17
BRDA:741,92,0,126
BRDA:741,92,1,126
BRDA:743,93,0,0
BRDA:743,93,1,0
BRDA:747,94,0,0
BRDA:747,94,1,0
BRDA:751,95,0,126
BRDA:751,95,1,0
BRDA:757,96,0,0
BRDA:757,96,1,126
BRDA:760,97,0,0
BRDA:760,97,1,17
BRDA:767,98,0,126
BRDA:767,98,1,126
BRDA:770,99,0,0
BRDA:770,99,1,0
BRDA:774,100,0,0
BRDA:774,100,1,0
BRDA:787,101,0,29
BRDA:787,101,1,98
BRDA:802,102,0,9
BRDA:802,102,1,20
BRDA:805,103,0,98
BRDA:805,103,1,80
BRDA:816,104,0,127
BRDA:816,104,1,6
BRDA:827,105,0,127
BRDA:827,105,1,4
BRDA:856,106,0,127
BRDA:856,106,1,14
BRDA:858,107,0,14
BRDA:858,107,1,1
BRDA:862,108,0,14
BRDA:862,108,1,9
BRDA:894,109,0,14
BRDA:894,109,1,14
BRDA:902,110,0,1
BRDA:902,110,1,2
BRDA:903,111,0,2
BRDA:903,111,1,1
BRF:232
BRH:159
end_of_record
TN:
SF:src/components/tasks/TaskList.jsx
FN:19,TaskList
FN:43,(anonymous_1)
FN:44,handle
FN:51,(anonymous_3)
FN:55,(anonymous_4)
FN:56,(anonymous_5)
FN:58,(anonymous_6)
FN:63,(anonymous_7)
FN:78,(anonymous_8)
FN:107,(anonymous_9)
FN:109,(anonymous_10)
FN:119,(anonymous_11)
FN:122,(anonymous_12)
FN:130,(anonymous_13)
FN:138,(anonymous_14)
FN:158,(anonymous_15)
FN:167,(anonymous_16)
FN:168,(anonymous_17)
FN:168,(anonymous_18)
FN:171,(anonymous_19)
FN:172,(anonymous_20)
FN:178,(anonymous_21)
FN:179,(anonymous_22)
FN:182,(anonymous_23)
FN:183,(anonymous_24)
FN:184,(anonymous_25)
FN:184,(anonymous_26)
FN:186,(anonymous_27)
FN:189,(anonymous_28)
FN:197,(anonymous_29)
FN:203,(anonymous_30)
FN:203,(anonymous_31)
FN:205,(anonymous_32)
FN:214,(anonymous_33)
FN:215,(anonymous_34)
FN:218,(anonymous_35)
FN:219,(anonymous_36)
FN:225,(anonymous_37)
FN:225,(anonymous_38)
FN:226,(anonymous_39)
FN:230,(anonymous_40)
FN:230,(anonymous_41)
FN:238,(anonymous_42)
FN:241,(anonymous_43)
FN:241,(anonymous_44)
FN:246,(anonymous_45)
FN:252,(anonymous_46)
FN:255,(anonymous_47)
FN:255,(anonymous_48)
FN:262,(anonymous_49)
FN:263,(anonymous_50)
FN:264,(anonymous_51)
FN:267,(anonymous_52)
FN:267,(anonymous_53)
FN:268,(anonymous_54)
FN:268,(anonymous_55)
FN:271,(anonymous_56)
FN:285,(anonymous_57)
FN:288,(anonymous_58)
FN:288,(anonymous_59)
FN:289,(anonymous_60)
FN:289,(anonymous_61)
FN:292,(anonymous_62)
FN:306,(anonymous_63)
FN:309,(anonymous_64)
FN:310,(anonymous_65)
FN:311,(anonymous_66)
FN:318,(anonymous_67)
FN:319,(anonymous_68)
FN:320,(anonymous_69)
FN:323,(anonymous_70)
FN:323,(anonymous_71)
FN:324,(anonymous_72)
FN:325,(anonymous_73)
FN:329,(anonymous_74)
FN:336,(anonymous_75)
FN:339,(anonymous_76)
FN:340,(anonymous_77)
FN:350,(anonymous_78)
FN:351,(anonymous_79)
FN:352,(anonymous_80)
FN:353,(anonymous_81)
FN:353,(anonymous_82)
FN:358,(anonymous_83)
FN:359,(anonymous_84)
FN:362,(anonymous_85)
FN:370,(anonymous_86)
FN:372,(anonymous_87)
FN:373,(anonymous_88)
FN:374,(anonymous_89)
FN:375,(anonymous_90)
FN:377,(anonymous_91)
FN:381,(anonymous_92)
FN:382,(anonymous_93)
FN:385,(anonymous_94)
FN:419,(anonymous_95)
FN:460,(anonymous_96)
FN:474,(anonymous_97)
FNF:98
FNH:17
FNDA:3,TaskList
FNDA:1,(anonymous_1)
FNDA:0,handle
FNDA:1,(anonymous_3)
FNDA:0,(anonymous_4)
FNDA:1,(anonymous_5)
FNDA:1,(anonymous_6)
FNDA:1,(anonymous_7)
FNDA:1,(anonymous_8)
FNDA:1,(anonymous_9)
FNDA:1,(anonymous_10)
FNDA:2,(anonymous_11)
FNDA:1,(anonymous_12)
FNDA:0,(anonymous_13)
FNDA:2,(anonymous_14)
FNDA:0,(anonymous_15)
FNDA:0,(anonymous_16)
FNDA:0,(anonymous_17)
FNDA:0,(anonymous_18)
FNDA:0,(anonymous_19)
FNDA:0,(anonymous_20)
FNDA:0,(anonymous_21)
FNDA:0,(anonymous_22)
FNDA:0,(anonymous_23)
FNDA:0,(anonymous_24)
FNDA:0,(anonymous_25)
FNDA:0,(anonymous_26)
FNDA:0,(anonymous_27)
FNDA:0,(anonymous_28)
FNDA:0,(anonymous_29)
FNDA:0,(anonymous_30)
FNDA:0,(anonymous_31)
FNDA:0,(anonymous_32)
FNDA:1,(anonymous_33)
FNDA:1,(anonymous_34)
FNDA:0,(anonymous_35)
FNDA:0,(anonymous_36)
FNDA:0,(anonymous_37)
FNDA:0,(anonymous_38)
FNDA:0,(anonymous_39)
FNDA:1,(anonymous_40)
FNDA:1,(anonymous_41)
FNDA:0,(anonymous_42)
FNDA:0,(anonymous_43)
FNDA:0,(anonymous_44)
FNDA:0,(anonymous_45)
FNDA:0,(anonymous_46)
FNDA:0,(anonymous_47)
FNDA:0,(anonymous_48)
FNDA:0,(anonymous_49)
FNDA:0,(anonymous_50)
FNDA:0,(anonymous_51)
FNDA:0,(anonymous_52)
FNDA:0,(anonymous_53)
FNDA:0,(anonymous_54)
FNDA:0,(anonymous_55)
FNDA:0,(anonymous_56)
FNDA:0,(anonymous_57)
FNDA:0,(anonymous_58)
FNDA:0,(anonymous_59)
FNDA:0,(anonymous_60)
FNDA:0,(anonymous_61)
FNDA:0,(anonymous_62)
FNDA:0,(anonymous_63)
FNDA:0,(anonymous_64)
FNDA:0,(anonymous_65)
FNDA:0,(anonymous_66)
FNDA:0,(anonymous_67)
FNDA:0,(anonymous_68)
FNDA:0,(anonymous_69)
FNDA:0,(anonymous_70)
FNDA:0,(anonymous_71)
FNDA:0,(anonymous_72)
FNDA:0,(anonymous_73)
FNDA:0,(anonymous_74)
FNDA:0,(anonymous_75)
FNDA:0,(anonymous_76)
FNDA:0,(anonymous_77)
FNDA:0,(anonymous_78)
FNDA:0,(anonymous_79)
FNDA:0,(anonymous_80)
FNDA:0,(anonymous_81)
FNDA:0,(anonymous_82)
FNDA:0,(anonymous_83)
FNDA:0,(anonymous_84)
FNDA:0,(anonymous_85)
FNDA:0,(anonymous_86)
FNDA:0,(anonymous_87)
FNDA:0,(anonymous_88)
FNDA:0,(anonymous_89)
FNDA:0,(anonymous_90)
FNDA:0,(anonymous_91)
FNDA:0,(anonymous_92)
FNDA:0,(anonymous_93)
FNDA:0,(anonymous_94)
FNDA:0,(anonymous_95)
FNDA:14,(anonymous_96)
FNDA:0,(anonymous_97)
DA:20,3
DA:21,3
DA:22,3
DA:23,3
DA:24,3
DA:25,3
DA:26,3
DA:27,3
DA:28,3
DA:29,3
DA:30,3
DA:31,3
DA:32,3
DA:36,3
DA:37,3
DA:40,3
DA:43,3
DA:45,0
DA:46,0
DA:47,0
DA:50,1
DA:51,1
DA:55,3
DA:56,3
DA:57,1
DA:58,1
DA:61,3
DA:63,3
DA:64,1
DA:65,1
DA:66,1
DA:67,0
DA:69,1
DA:70,1
DA:71,1
DA:73,0
DA:74,0
DA:78,3
DA:79,1
DA:80,1
DA:81,1
DA:82,1
DA:84,1
DA:85,1
DA:86,1
DA:87,1
DA:92,1
DA:93,0
DA:95,1
DA:96,1
DA:97,1
DA:99,0
DA:100,0
DA:101,0
DA:103,1
DA:107,3
DA:108,1
DA:109,1
DA:113,3
DA:114,3
DA:115,3
DA:116,3
DA:119,3
DA:120,2
DA:121,2
DA:123,1
DA:124,1
DA:125,1
DA:126,1
DA:127,1
DA:128,1
DA:131,0
DA:132,0
DA:133,0
DA:134,0
DA:138,3
DA:139,2
DA:140,2
DA:141,1
DA:142,0
DA:143,1
DA:144,0
DA:145,1
DA:146,1
DA:147,0
DA:148,0
DA:149,0
DA:150,0
DA:151,0
DA:152,0
DA:154,0
DA:157,2
DA:158,14
DA:162,2
DA:167,3
DA:168,0
DA:171,3
DA:172,0
DA:173,0
DA:174,0
DA:178,3
DA:179,0
DA:182,3
DA:183,3
DA:184,3
DA:186,3
DA:187,0
DA:188,0
DA:189,0
DA:190,0
DA:192,0
DA:193,0
DA:197,3
DA:198,0
DA:199,0
DA:200,0
DA:201,0
DA:203,0
DA:205,0
DA:207,0
DA:209,0
DA:210,0
DA:214,3
DA:215,1
DA:216,1
DA:217,1
DA:218,0
DA:219,0
DA:221,1
DA:222,1
DA:225,0
DA:226,0
DA:228,0
DA:230,1
DA:232,1
DA:235,1
DA:236,1
DA:239,0
DA:240,0
DA:241,0
DA:246,0
DA:247,0
DA:248,0
DA:252,3
DA:253,0
DA:254,0
DA:255,0
DA:257,0
DA:258,0
DA:262,3
DA:263,0
DA:264,0
DA:265,0
DA:266,0
DA:267,0
DA:268,0
DA:269,0
DA:271,0
DA:272,0
DA:277,0
DA:278,0
DA:283,0
DA:286,0
DA:287,0
DA:288,0
DA:289,0
DA:290,0
DA:292,0
DA:293,0
DA:301,0
DA:302,0
DA:306,3
DA:307,0
DA:308,0
DA:309,0
DA:310,0
DA:311,0
DA:313,0
DA:314,0
DA:318,3
DA:319,0
DA:320,0
DA:321,0
DA:322,0
DA:323,0
DA:324,0
DA:325,0
DA:326,0
DA:327,0
DA:330,0
DA:336,0
DA:339,0
DA:340,0
DA:345,0
DA:346,0
DA:350,3
DA:351,0
DA:352,0
DA:353,0
DA:354,0
DA:355,0
DA:356,0
DA:359,0
DA:360,0
DA:362,0
DA:365,0
DA:366,0
DA:370,3
DA:372,0
DA:373,0
DA:374,0
DA:375,0
DA:377,0
DA:378,0
DA:379,0
DA:382,0
DA:383,0
DA:385,0
DA:388,0
DA:389,0
DA:394,3
DA:419,0
DA:461,14
DA:462,14
DA:463,14
DA:464,10
DA:467,14
DA:474,0
LF:228
LH:101
BRDA:45,0,0,0
BRDA:45,0,1,0
BRDA:45,1,0,0
BRDA:45,1,1,0
BRDA:45,1,2,0
BRDA:45,1,3,0
BRDA:66,2,0,0
BRDA:66,2,1,1
BRDA:92,3,0,0
BRDA:92,3,1,1
BRDA:99,4,0,0
BRDA:99,4,1,0
BRDA:123,5,0,0
BRDA:123,5,1,1
BRDA:123,6,0,1
BRDA:123,6,1,1
BRDA:124,7,0,0
BRDA:124,7,1,1
BRDA:124,8,0,0
BRDA:124,8,1,0
BRDA:125,9,0,0
BRDA:125,9,1,1
BRDA:125,10,0,1
BRDA:125,10,1,0
BRDA:126,11,0,0
BRDA:126,11,1,1
BRDA:126,12,0,1
BRDA:126,12,1,0
BRDA:127,13,0,0
BRDA:127,13,1,1
BRDA:127,14,0,1
BRDA:127,14,1,0
BRDA:127,14,2,0
BRDA:127,15,0,0
BRDA:127,15,1,0
BRDA:131,16,0,0
BRDA:131,16,1,0
BRDA:131,17,0,0
BRDA:131,17,1,0
BRDA:132,18,0,0
BRDA:132,18,1,0
BRDA:133,19,0,0
BRDA:133,19,1,0
BRDA:134,20,0,0
BRDA:134,20,1,0
BRDA:134,21,0,0
BRDA:134,21,1,0
BRDA:141,22,0,0
BRDA:141,22,1,1
BRDA:143,23,0,0
BRDA:143,23,1,1
BRDA:145,24,0,1
BRDA:145,24,1,0
BRDA:147,25,0,0
BRDA:147,25,1,0
BRDA:149,26,0,0
BRDA:149,26,1,0
BRDA:151,27,0,0
BRDA:151,27,1,0
BRDA:158,28,0,0
BRDA:158,28,1,0
BRDA:159,29,0,0
BRDA:159,29,1,0
BRDA:159,30,0,0
BRDA:159,30,1,0
BRDA:168,31,0,0
BRDA:168,31,1,0
BRDA:173,32,0,0
BRDA:173,32,1,0
BRDA:200,33,0,0
BRDA:200,33,1,0
BRDA:203,34,0,0
BRDA:203,34,1,0
BRDA:205,35,0,0
BRDA:205,35,1,0
BRDA:217,36,0,0
BRDA:217,36,1,1
BRDA:222,37,0,0
BRDA:222,37,1,1
BRDA:225,38,0,0
BRDA:225,38,1,0
BRDA:230,39,0,1
BRDA:230,39,1,0
BRDA:232,40,0,1
BRDA:232,40,1,0
BRDA:235,41,0,1
BRDA:235,41,1,0
BRDA:241,42,0,0
BRDA:241,42,1,0
BRDA:267,43,0,0
BRDA:267,43,1,0
BRDA:269,44,0,0
BRDA:269,44,1,0
BRDA:272,45,0,0
BRDA:272,45,1,0
BRDA:277,46,0,0
BRDA:277,46,1,0
BRDA:278,47,0,0
BRDA:278,47,1,0
BRDA:280,48,0,0
BRDA:280,48,1,0
BRDA:288,49,0,0
BRDA:288,49,1,0
BRDA:290,50,0,0
BRDA:290,50,1,0
BRDA:293,51,0,0
BRDA:293,51,1,0
BRDA:309,52,0,0
BRDA:309,52,1,0
BRDA:309,53,0,0
BRDA:309,53,1,0
BRDA:311,54,0,0
BRDA:311,54,1,0
BRDA:323,55,0,0
BRDA:323,55,1,0
BRDA:325,56,0,0
BRDA:325,56,1,0
BRDA:326,57,0,0
BRDA:326,57,1,0
BRDA:333,58,0,0
BRDA:333,58,1,0
BRDA:336,59,0,0
BRDA:336,59,1,0
BRDA:337,60,0,0
BRDA:337,60,1,0
BRDA:340,61,0,0
BRDA:340,61,1,0
BRDA:353,62,0,0
BRDA:353,62,1,0
BRDA:360,63,0,0
BRDA:360,63,1,0
BRDA:373,64,0,0
BRDA:373,64,1,0
BRDA:375,65,0,0
BRDA:375,65,1,0
BRDA:377,66,0,0
BRDA:377,66,1,0
BRDA:383,67,0,0
BRDA:383,67,1,0
BRDA:412,68,0,3
BRDA:412,68,1,0
BRDA:427,69,0,3
BRDA:427,69,1,2
BRDA:427,69,2,0
BRDA:437,70,0,3
BRDA:437,70,1,1
BRDA:444,71,0,3
BRDA:444,71,1,2
BRDA:444,71,2,0
BRDA:451,72,0,3
BRDA:451,72,1,2
BRDA:451,72,2,2
BRDA:451,72,3,0
BRDA:458,73,0,3
BRDA:458,73,1,2
BRDA:458,73,2,2
BRDA:458,73,3,2
BRDA:463,74,0,4
BRDA:463,74,1,10
BRDA:463,75,0,14
BRDA:463,75,1,4
BRDA:464,76,0,0
BRDA:464,76,1,10
BRDA:531,77,0,0
BRDA:531,77,1,3
BRF:165
BRH:40
end_of_record
TN:
SF:src/components/tasks/TaskPanel.jsx
FN:34,SubtaskRow
FN:41,(anonymous_1)
FN:42,(anonymous_2)
FN:48,(anonymous_3)
FN:63,(anonymous_4)
FN:74,(anonymous_5)
FN:80,(anonymous_6)
FN:90,TaskPanel
FN:112,(anonymous_8)
FN:138,(anonymous_9)
FN:139,(anonymous_10)
FN:143,(anonymous_11)
FN:145,handle
FN:147,(anonymous_13)
FN:150,set
FN:151,(anonymous_15)
FN:154,handleSave
FN:179,handleAddSubtask
FN:186,startEditSubtask
FN:191,saveEditSubtask
FN:201,(anonymous_20)
FN:221,(anonymous_21)
FN:249,(anonymous_22)
FN:260,(anonymous_23)
FN:271,(anonymous_24)
FN:274,(anonymous_25)
FN:291,(anonymous_26)
FN:292,(anonymous_27)
FN:303,(anonymous_28)
FN:313,(anonymous_29)
FN:324,(anonymous_30)
FN:326,(anonymous_31)
FN:331,(anonymous_32)
FN:332,(anonymous_33)
FN:342,(anonymous_34)
FN:346,(anonymous_35)
FN:359,(anonymous_36)
FN:366,(anonymous_37)
FN:376,(anonymous_38)
FN:376,(anonymous_39)
FN:378,(anonymous_40)
FN:389,(anonymous_41)
FN:390,(anonymous_42)
FNF:43
FNH:27
FNDA:8,SubtaskRow
FNDA:0,(anonymous_1)
FNDA:0,(anonymous_2)
FNDA:0,(anonymous_3)
FNDA:0,(anonymous_4)
FNDA:0,(anonymous_5)
FNDA:0,(anonymous_6)
FNDA:94,TaskPanel
FNDA:33,(anonymous_8)
FNDA:33,(anonymous_9)
FNDA:30,(anonymous_10)
FNDA:33,(anonymous_11)
FNDA:5,handle
FNDA:32,(anonymous_13)
FNDA:17,set
FNDA:17,(anonymous_15)
FNDA:9,handleSave
FNDA:1,handleAddSubtask
FNDA:0,startEditSubtask
FNDA:0,saveEditSubtask
FNDA:4,(anonymous_20)
FNDA:4,(anonymous_21)
FNDA:12,(anonymous_22)
FNDA:1,(anonymous_23)
FNDA:282,(anonymous_24)
FNDA:2,(anonymous_25)
FNDA:0,(anonymous_26)
FNDA:376,(anonymous_27)
FNDA:0,(anonymous_28)
FNDA:1,(anonymous_29)
FNDA:0,(anonymous_30)
FNDA:0,(anonymous_31)
FNDA:0,(anonymous_32)
FNDA:752,(anonymous_33)
FNDA:1,(anonymous_34)
FNDA:22,(anonymous_35)
FNDA:8,(anonymous_36)
FNDA:8,(anonymous_37)
FNDA:0,(anonymous_38)
FNDA:0,(anonymous_39)
FNDA:0,(anonymous_40)
FNDA:1,(anonymous_41)
FNDA:1,(anonymous_42)
DA:4,2
DA:15,2
DA:17,2
DA:23,2
DA:31,2
DA:35,8
DA:36,0
DA:41,0
DA:42,0
DA:48,0
DA:58,8
DA:63,0
DA:74,0
DA:80,0
DA:103,94
DA:104,94
DA:105,94
DA:106,94
DA:107,94
DA:108,94
DA:109,94
DA:112,94
DA:113,33
DA:114,32
DA:115,22
DA:120,10
DA:121,10
DA:133,32
DA:134,32
DA:138,94
DA:139,33
DA:143,94
DA:144,33
DA:145,5
DA:146,32
DA:147,32
DA:151,17
DA:155,9
DA:156,9
DA:157,9
DA:168,9
DA:169,9
DA:170,8
DA:172,1
DA:175,9
DA:180,1
DA:181,1
DA:182,1
DA:183,1
DA:187,0
DA:188,0
DA:192,0
DA:193,0
DA:197,0
DA:200,94
DA:201,4
DA:204,94
DA:222,4
DA:223,2
DA:249,12
DA:260,1
DA:272,282
DA:274,2
DA:291,0
DA:292,376
DA:303,0
DA:313,1
DA:324,0
DA:326,0
DA:331,0
DA:332,752
DA:342,1
DA:347,22
DA:359,8
DA:367,8
DA:376,0
DA:378,0
DA:389,1
DA:390,1
LF:79
LH:60
BRDA:35,0,0,0
BRDA:35,0,1,8
BRDA:42,1,0,0
BRDA:42,1,1,0
BRDA:42,2,0,0
BRDA:42,2,1,0
BRDA:63,3,0,0
BRDA:63,3,1,0
BRDA:68,4,0,4
BRDA:68,4,1,4
BRDA:113,5,0,1
BRDA:113,5,1,32
BRDA:114,6,0,22
BRDA:114,6,1,10
BRDA:120,7,0,10
BRDA:120,7,1,0
BRDA:122,8,0,10
BRDA:122,8,1,0
BRDA:123,9,0,10
BRDA:123,9,1,0
BRDA:124,10,0,10
BRDA:124,10,1,0
BRDA:125,11,0,10
BRDA:125,11,1,0
BRDA:126,12,0,10
BRDA:126,12,1,0
BRDA:127,13,0,10
BRDA:127,13,1,0
BRDA:128,14,0,10
BRDA:128,14,1,10
BRDA:129,15,0,10
BRDA:129,15,1,10
BRDA:130,16,0,10
BRDA:130,16,1,0
BRDA:139,17,0,32
BRDA:139,17,1,1
BRDA:144,18,0,1
BRDA:144,18,1,32
BRDA:145,19,0,1
BRDA:145,19,1,4
BRDA:155,20,0,0
BRDA:155,20,1,9
BRDA:159,21,0,9
BRDA:159,21,1,8
BRDA:162,22,0,9
BRDA:162,22,1,0
BRDA:163,23,0,2
BRDA:163,23,1,7
BRDA:164,24,0,0
BRDA:164,24,1,9
BRDA:165,25,0,1
BRDA:165,25,1,8
BRDA:169,26,0,8
BRDA:169,26,1,1
BRDA:181,27,0,0
BRDA:181,27,1,1
BRDA:181,28,0,1
BRDA:181,28,1,1
BRDA:188,29,0,0
BRDA:188,29,1,0
BRDA:192,30,0,0
BRDA:192,30,1,0
BRDA:192,31,0,0
BRDA:192,31,1,0
BRDA:195,32,0,0
BRDA:195,32,1,0
BRDA:200,33,0,23
BRDA:200,33,1,71
BRDA:208,34,0,91
BRDA:208,34,1,3
BRDA:220,35,0,91
BRDA:220,35,1,3
BRDA:222,36,0,2
BRDA:222,36,1,2
BRDA:222,37,0,4
BRDA:222,37,1,3
BRDA:222,37,2,3
BRDA:222,37,3,2
BRDA:230,38,0,71
BRDA:230,38,1,23
BRDA:248,39,0,94
BRDA:248,39,1,35
BRDA:259,40,0,94
BRDA:259,40,1,35
BRDA:276,41,0,59
BRDA:276,41,1,223
BRDA:291,42,0,94
BRDA:291,42,1,35
BRDA:302,43,0,94
BRDA:302,43,1,35
BRDA:312,44,0,94
BRDA:312,44,1,35
BRDA:324,45,0,94
BRDA:324,45,1,35
BRDA:331,46,0,94
BRDA:331,46,1,35
BRDA:341,47,0,94
BRDA:341,47,1,35
BRDA:353,48,0,94
BRDA:353,48,1,23
BRDA:353,48,2,23
BRDA:357,49,0,23
BRDA:357,49,1,4
BRDA:364,50,0,23
BRDA:364,50,1,4
BRDA:390,51,0,1
BRDA:390,51,1,1
BRDA:409,52,0,94
BRDA:409,52,1,85
BRDA:416,53,0,9
BRDA:416,53,1,85
BRDA:416,54,0,63
BRDA:416,54,1,22
BRF:113
BRH:86
end_of_record
TN:
SF:src/components/tasks/TaskSection.jsx
FN:74,SortableTaskWrapper
FN:112,TaskSection
FN:141,(anonymous_2)
FN:143,(anonymous_3)
FN:144,(anonymous_4)
FN:196,(anonymous_5)
FN:199,(anonymous_6)
FNF:7
FNH:4
FNDA:7,SortableTaskWrapper
FNDA:31,TaskSection
FNDA:0,(anonymous_2)
FNDA:0,(anonymous_3)
FNDA:0,(anonymous_4)
FNDA:7,(anonymous_5)
FNDA:7,(anonymous_6)
DA:12,2
DA:64,2
DA:75,7
DA:80,7
DA:132,31
DA:133,31
DA:134,31
DA:136,31
DA:141,31
DA:142,0
DA:143,0
DA:144,0
DA:145,0
DA:146,0
DA:149,31
DA:196,7
DA:200,7
DA:201,7
LF:18
LH:13
BRDA:86,0,0,0
BRDA:86,0,1,7
BRDA:87,1,0,0
BRDA:87,1,1,7
BRDA:130,2,0,31
BRDA:133,3,0,31
BRDA:133,3,1,0
BRDA:134,4,0,31
BRDA:134,4,1,0
BRDA:142,5,0,0
BRDA:142,5,1,0
BRDA:142,6,0,0
BRDA:142,6,1,0
BRDA:145,7,0,0
BRDA:145,7,1,0
BRDA:145,8,0,0
BRDA:145,8,1,0
BRDA:161,9,0,24
BRDA:161,9,1,7
BRDA:175,10,0,31
BRDA:175,10,1,5
BRDA:175,10,2,3
BRDA:182,11,0,24
BRDA:182,11,1,7
BRDA:187,12,0,31
BRDA:187,12,1,7
BRDA:187,12,2,5
BRDA:205,13,0,0
BRDA:205,13,1,7
BRDA:205,14,0,0
BRDA:205,14,1,7
BRDA:232,15,0,31
BRDA:232,15,1,7
BRDA:232,15,2,2
BRF:34
BRH:20
end_of_record
TN:
SF:src/components/tasks/TaskToolbar.jsx
FN:12,FilterPopover
FN:15,(anonymous_1)
FN:16,handle
FN:20,(anonymous_3)
FN:46,(anonymous_4)
FN:47,(anonymous_5)
FN:62,(anonymous_6)
FN:65,(anonymous_7)
FN:82,(anonymous_8)
FN:85,(anonymous_9)
FN:94,(anonymous_10)
FN:96,(anonymous_11)
FN:104,TaskToolbar
FN:121,(anonymous_13)
FN:136,(anonymous_14)
FN:148,(anonymous_15)
FN:148,(anonymous_16)
FN:173,(anonymous_17)
FNF:18
FNH:14
FNDA:7,FilterPopover
FNDA:7,(anonymous_1)
FNDA:1,handle
FNDA:7,(anonymous_3)
FNDA:0,(anonymous_4)
FNDA:0,(anonymous_5)
FNDA:28,(anonymous_6)
FNDA:1,(anonymous_7)
FNDA:0,(anonymous_8)
FNDA:1,(anonymous_9)
FNDA:0,(anonymous_10)
FNDA:1,(anonymous_11)
FNDA:28,TaskToolbar
FNDA:17,(anonymous_13)
FNDA:1,(anonymous_14)
FNDA:7,(anonymous_15)
FNDA:7,(anonymous_16)
FNDA:1,(anonymous_17)
DA:5,2
DA:13,7
DA:15,7
DA:17,1
DA:19,7
DA:20,7
DA:23,7
DA:28,7
DA:34,7
DA:47,0
DA:48,0
DA:49,0
DA:63,28
DA:65,1
DA:82,0
DA:85,1
DA:94,0
DA:96,1
DA:118,28
DA:119,28
DA:121,28
DA:122,17
DA:125,28
DA:131,28
DA:136,1
DA:148,7
DA:173,1
DA:196,28
LF:28
LH:23
BRDA:17,0,0,1
BRDA:17,0,1,0
BRDA:17,1,0,1
BRDA:17,1,1,1
BRDA:24,2,0,1
BRDA:24,2,1,6
BRDA:25,3,0,0
BRDA:25,3,1,7
BRDA:26,4,0,0
BRDA:26,4,1,7
BRDA:44,5,0,7
BRDA:44,5,1,1
BRDA:47,6,0,0
BRDA:47,6,1,0
BRDA:67,7,0,25
BRDA:67,7,1,3
BRDA:79,8,0,7
BRDA:79,8,1,1
BRDA:91,9,0,7
BRDA:91,9,1,1
BRDA:126,10,0,7
BRDA:126,10,1,21
BRDA:127,11,0,1
BRDA:127,11,1,27
BRDA:128,12,0,1
BRDA:128,12,1,27
BRDA:150,13,0,14
BRDA:150,13,1,14
BRDA:150,14,0,28
BRDA:150,14,1,21
BRDA:157,15,0,28
BRDA:157,15,1,8
BRDA:163,16,0,28
BRDA:163,16,1,7
BRDA:191,17,0,2
BRDA:191,17,1,26
BRDA:196,18,0,0
BRDA:196,18,1,28
BRF:38
BRH:32
end_of_record
TN:
SF:src/components/tasks/UndoToast.jsx
FN:10,UndoToast
FN:14,(anonymous_1)
FN:22,(anonymous_2)
FN:27,(anonymous_3)
FN:30,handleDismiss
FN:36,handleUndo
FNF:6
FNH:6
FNDA:26,UndoToast
FNDA:12,(anonymous_1)
FNDA:2,(anonymous_2)
FNDA:10,(anonymous_3)
FNDA:1,handleDismiss
FNDA:1,handleUndo
DA:3,2
DA:4,2
DA:11,26
DA:12,26
DA:14,26
DA:15,12
DA:16,2
DA:17,2
DA:20,10
DA:21,10
DA:22,10
DA:23,2
DA:24,2
DA:27,10
DA:31,1
DA:32,1
DA:33,1
DA:37,1
DA:38,1
DA:39,1
DA:40,1
DA:44,26
DA:46,23
LF:23
LH:23
BRDA:15,0,0,2
BRDA:15,0,1,10
BRDA:44,1,0,3
BRDA:44,1,1,23
BRDA:44,2,0,26
BRDA:44,2,1,3
BRDA:56,3,0,10
BRDA:56,3,1,13
BRF:8
BRH:8
end_of_record
TN:
SF:src/components/tasks/helpers.js
FN:1,parseMinutes
FN:21,withAlpha
FN:31,parseDueDate
FN:35,isOverdue
FN:44,fmt
FN:51,localDate
FN:57,emptyTask
FN:65,undoDescription
FN:78,reversePayload
FN:86,getDaysBadge
FNF:10
FNH:9
FNDA:11,parseMinutes
FNDA:29,withAlpha
FNDA:361,parseDueDate
FNDA:137,isOverdue
FNDA:126,fmt
FNDA:37,localDate
FNDA:0,emptyTask
FNDA:11,undoDescription
FNDA:5,reversePayload
FNDA:136,getDaysBadge
DA:2,11
DA:3,11
DA:6,6
DA:7,6
DA:8,6
DA:10,6
DA:22,29
DA:23,29
DA:24,4
DA:25,2
DA:26,2
DA:28,2
DA:32,361
DA:36,137
DA:45,126
DA:46,123
DA:52,37
DA:53,37
DA:54,37
DA:58,0
DA:66,11
DA:67,10
DA:68,9
DA:69,7
DA:70,6
DA:71,5
DA:72,4
DA:73,3
DA:74,2
DA:75,1
DA:79,5
DA:80,5
DA:81,5
DA:84,6
DA:87,136
DA:88,109
DA:89,109
DA:90,106
DA:91,105
DA:92,103
LF:40
LH:39
BRDA:3,0,0,4
BRDA:3,0,1,7
BRDA:3,1,0,11
BRDA:3,1,1,7
BRDA:23,2,0,25
BRDA:23,2,1,4
BRDA:24,3,0,2
BRDA:24,3,1,2
BRDA:35,4,0,137
BRDA:37,5,0,137
BRDA:37,5,1,129
BRDA:37,5,2,7
BRDA:37,5,3,6
BRDA:45,6,0,3
BRDA:45,6,1,123
BRDA:51,7,0,37
BRDA:66,8,0,1
BRDA:66,8,1,10
BRDA:67,9,0,1
BRDA:67,9,1,9
BRDA:68,10,0,2
BRDA:68,10,1,7
BRDA:69,11,0,1
BRDA:69,11,1,6
BRDA:70,12,0,1
BRDA:70,12,1,5
BRDA:71,13,0,1
BRDA:71,13,1,4
BRDA:72,14,0,1
BRDA:72,14,1,3
BRDA:73,15,0,1
BRDA:73,15,1,2
BRDA:74,16,0,1
BRDA:74,16,1,1
BRDA:80,17,0,5
BRDA:80,17,1,2
BRDA:86,18,0,136
BRDA:87,19,0,27
BRDA:87,19,1,109
BRDA:87,20,0,136
BRDA:87,20,1,128
BRDA:87,20,2,117
BRDA:89,21,0,3
BRDA:89,21,1,106
BRDA:90,22,0,1
BRDA:90,22,1,105
BRDA:91,23,0,2
BRDA:91,23,1,103
BRF:48
BRH:48
end_of_record
TN:
SF:src/components/tasks/useUndoStack.js
FN:10,useUndoStack
FN:15,(anonymous_1)
FN:25,(anonymous_2)
FN:36,(anonymous_3)
FNF:4
FNH:4
FNDA:46,useUndoStack
FNDA:34,(anonymous_1)
FNDA:18,(anonymous_2)
FNDA:2,(anonymous_3)
DA:3,2
DA:11,46
DA:12,46
DA:13,46
DA:15,46
DA:16,34
DA:17,34
DA:18,34
DA:19,34
DA:20,34
DA:25,46
DA:26,18
DA:27,18
DA:28,17
DA:29,17
DA:30,17
DA:31,17
DA:32,17
DA:33,17
DA:36,46
DA:38,46
LF:21
LH:21
BRDA:27,0,0,1
BRDA:27,0,1,17
BRF:2
BRH:2
end_of_record
