TN:
SF:components/AppHeader.jsx
FN:22,timestamp
FN:26,AppHeader
FN:40,(anonymous_2)
FN:46,(anonymous_3)
FN:51,(anonymous_4)
FN:53,(anonymous_5)
FN:55,(anonymous_6)
FN:56,(anonymous_7)
FN:60,(anonymous_8)
FN:61,(anonymous_9)
FN:61,(anonymous_10)
FN:64,(anonymous_11)
FN:66,(anonymous_12)
FN:70,(anonymous_13)
FN:73,(anonymous_14)
FN:77,(anonymous_15)
FN:90,(anonymous_16)
FN:100,(anonymous_17)
FN:104,(anonymous_18)
FN:104,(anonymous_19)
FN:108,(anonymous_20)
FN:113,(anonymous_21)
FN:117,(anonymous_22)
FN:117,(anonymous_23)
FN:124,(anonymous_24)
FN:139,(anonymous_25)
FN:154,(anonymous_26)
FN:164,(anonymous_27)
FN:168,(anonymous_28)
FN:168,(anonymous_29)
FN:172,(anonymous_30)
FN:177,(anonymous_31)
FN:181,(anonymous_32)
FN:181,(anonymous_33)
FN:196,(anonymous_34)
FN:207,(anonymous_35)
FN:207,(anonymous_36)
FN:280,(anonymous_37)
FN:296,(anonymous_38)
FNF:39
FNH:0
FNDA:0,timestamp
FNDA:0,AppHeader
FNDA:0,(anonymous_2)
FNDA:0,(anonymous_3)
FNDA:0,(anonymous_4)
FNDA:0,(anonymous_5)
FNDA:0,(anonymous_6)
FNDA:0,(anonymous_7)
FNDA:0,(anonymous_8)
FNDA:0,(anonymous_9)
FNDA:0,(anonymous_10)
FNDA:0,(anonymous_11)
FNDA:0,(anonymous_12)
FNDA:0,(anonymous_13)
FNDA:0,(anonymous_14)
FNDA:0,(anonymous_15)
FNDA:0,(anonymous_16)
FNDA:0,(anonymous_17)
FNDA:0,(anonymous_18)
FNDA:0,(anonymous_19)
FNDA:0,(anonymous_20)
FNDA:0,(anonymous_21)
FNDA:0,(anonymous_22)
FNDA:0,(anonymous_23)
FNDA:0,(anonymous_24)
FNDA:0,(anonymous_25)
FNDA:0,(anonymous_26)
FNDA:0,(anonymous_27)
FNDA:0,(anonymous_28)
FNDA:0,(anonymous_29)
FNDA:0,(anonymous_30)
FNDA:0,(anonymous_31)
FNDA:0,(anonymous_32)
FNDA:0,(anonymous_33)
FNDA:0,(anonymous_34)
FNDA:0,(anonymous_35)
FNDA:0,(anonymous_36)
FNDA:0,(anonymous_37)
FNDA:0,(anonymous_38)
DA:1,0
DA:11,0
DA:13,0
DA:23,0
DA:27,0
DA:28,0
DA:29,0
DA:30,0
DA:31,0
DA:32,0
DA:33,0
DA:34,0
DA:35,0
DA:36,0
DA:37,0
DA:38,0
DA:40,0
DA:41,0
DA:42,0
DA:43,0
DA:46,0
DA:47,0
DA:48,0
DA:51,0
DA:53,0
DA:54,0
DA:55,0
DA:56,0
DA:57,0
DA:60,0
DA:61,0
DA:64,0
DA:65,0
DA:67,0
DA:68,0
DA:70,0
DA:73,0
DA:74,0
DA:77,0
DA:78,0
DA:79,0
DA:80,0
DA:81,0
DA:82,0
DA:84,0
DA:86,0
DA:90,0
DA:91,0
DA:92,0
DA:93,0
DA:94,0
DA:96,0
DA:97,0
DA:98,0
DA:99,0
DA:100,0
DA:101,0
DA:102,0
DA:104,0
DA:105,0
DA:106,0
DA:107,0
DA:108,0
DA:109,0
DA:110,0
DA:112,0
DA:113,0
DA:117,0
DA:118,0
DA:120,0
DA:124,0
DA:125,0
DA:126,0
DA:127,0
DA:128,0
DA:129,0
DA:130,0
DA:131,0
DA:133,0
DA:135,0
DA:139,0
DA:140,0
DA:141,0
DA:142,0
DA:143,0
DA:144,0
DA:145,0
DA:146,0
DA:148,0
DA:150,0
DA:154,0
DA:155,0
DA:156,0
DA:157,0
DA:158,0
DA:160,0
DA:161,0
DA:162,0
DA:163,0
DA:164,0
DA:165,0
DA:166,0
DA:168,0
DA:169,0
DA:170,0
DA:171,0
DA:172,0
DA:173,0
DA:174,0
DA:176,0
DA:177,0
DA:181,0
DA:182,0
DA:184,0
DA:188,0
DA:189,0
DA:191,0
DA:197,0
DA:207,0
DA:280,0
DA:297,0
LF:121
LH:0
BRDA:42,0,0,0
BRDA:42,0,1,0
BRDA:47,1,0,0
BRDA:47,1,1,0
BRDA:48,2,0,0
BRDA:48,2,1,0
BRDA:61,3,0,0
BRDA:61,3,1,0
BRDA:68,4,0,0
BRDA:68,4,1,0
BRDA:68,5,0,0
BRDA:68,5,1,0
BRDA:91,6,0,0
BRDA:91,6,1,0
BRDA:101,7,0,0
BRDA:101,7,1,0
BRDA:102,8,0,0
BRDA:102,8,1,0
BRDA:105,9,0,0
BRDA:105,9,1,0
BRDA:106,10,0,0
BRDA:106,10,1,0
BRDA:107,11,0,0
BRDA:107,11,1,0
BRDA:108,12,0,0
BRDA:108,12,1,0
BRDA:108,13,0,0
BRDA:108,13,1,0
BRDA:109,14,0,0
BRDA:109,14,1,0
BRDA:125,15,0,0
BRDA:125,15,1,0
BRDA:126,16,0,0
BRDA:126,16,1,0
BRDA:131,17,0,0
BRDA:131,17,1,0
BRDA:140,18,0,0
BRDA:140,18,1,0
BRDA:141,19,0,0
BRDA:141,19,1,0
BRDA:146,20,0,0
BRDA:146,20,1,0
BRDA:155,21,0,0
BRDA:155,21,1,0
BRDA:165,22,0,0
BRDA:165,22,1,0
BRDA:166,23,0,0
BRDA:166,23,1,0
BRDA:169,24,0,0
BRDA:169,24,1,0
BRDA:170,25,0,0
BRDA:170,25,1,0
BRDA:171,26,0,0
BRDA:171,26,1,0
BRDA:172,27,0,0
BRDA:172,27,1,0
BRDA:172,28,0,0
BRDA:172,28,1,0
BRDA:173,29,0,0
BRDA:173,29,1,0
BRDA:200,30,0,0
BRDA:200,30,1,0
BRDA:211,31,0,0
BRDA:211,31,1,0
BRDA:216,32,0,0
BRDA:216,32,1,0
BRDA:224,33,0,0
BRDA:224,33,1,0
BRDA:227,34,0,0
BRDA:227,34,1,0
BRDA:230,35,0,0
BRDA:230,35,1,0
BRDA:233,36,0,0
BRDA:233,36,1,0
BRDA:235,37,0,0
BRDA:235,37,1,0
BRDA:235,38,0,0
BRDA:235,38,1,0
BRDA:238,39,0,0
BRDA:238,39,1,0
BRDA:238,39,2,0
BRDA:246,40,0,0
BRDA:246,40,1,0
BRDA:249,41,0,0
BRDA:249,41,1,0
BRDA:249,41,2,0
BRDA:257,42,0,0
BRDA:257,42,1,0
BRDA:260,43,0,0
BRDA:260,43,1,0
BRDA:263,44,0,0
BRDA:263,44,1,0
BRDA:266,45,0,0
BRDA:266,45,1,0
BRDA:269,46,0,0
BRDA:269,46,1,0
BRDA:271,47,0,0
BRDA:271,47,1,0
BRDA:277,48,0,0
BRDA:277,48,1,0
BRF:100
BRH:0
end_of_record
TN:
SF:components/CalendarActions.jsx
FN:11,timestamp
FN:15,CalendarActions
FN:26,(anonymous_2)
FN:28,(anonymous_3)
FN:30,(anonymous_4)
FN:31,(anonymous_5)
FN:35,(anonymous_6)
FN:36,(anonymous_7)
FN:36,(anonymous_8)
FN:39,(anonymous_9)
FN:41,(anonymous_10)
FN:45,(anonymous_11)
FN:48,(anonymous_12)
FN:52,(anonymous_13)
FN:65,(anonymous_14)
FN:75,(anonymous_15)
FN:82,(anonymous_16)
FN:82,(anonymous_17)
FN:86,(anonymous_18)
FN:91,(anonymous_19)
FN:95,(anonymous_20)
FN:95,(anonymous_21)
FN:102,(anonymous_22)
FN:117,(anonymous_23)
FN:180,(anonymous_24)
FN:196,(anonymous_25)
FNF:26
FNH:0
FNDA:0,timestamp
FNDA:0,CalendarActions
FNDA:0,(anonymous_2)
FNDA:0,(anonymous_3)
FNDA:0,(anonymous_4)
FNDA:0,(anonymous_5)
FNDA:0,(anonymous_6)
FNDA:0,(anonymous_7)
FNDA:0,(anonymous_8)
FNDA:0,(anonymous_9)
FNDA:0,(anonymous_10)
FNDA:0,(anonymous_11)
FNDA:0,(anonymous_12)
FNDA:0,(anonymous_13)
FNDA:0,(anonymous_14)
FNDA:0,(anonymous_15)
FNDA:0,(anonymous_16)
FNDA:0,(anonymous_17)
FNDA:0,(anonymous_18)
FNDA:0,(anonymous_19)
FNDA:0,(anonymous_20)
FNDA:0,(anonymous_21)
FNDA:0,(anonymous_22)
FNDA:0,(anonymous_23)
FNDA:0,(anonymous_24)
FNDA:0,(anonymous_25)
DA:1,0
DA:9,0
DA:12,0
DA:16,0
DA:17,0
DA:18,0
DA:19,0
DA:20,0
DA:21,0
DA:22,0
DA:23,0
DA:24,0
DA:26,0
DA:28,0
DA:29,0
DA:30,0
DA:31,0
DA:32,0
DA:35,0
DA:36,0
DA:39,0
DA:40,0
DA:42,0
DA:43,0
DA:45,0
DA:48,0
DA:49,0
DA:52,0
DA:53,0
DA:54,0
DA:55,0
DA:56,0
DA:57,0
DA:59,0
DA:61,0
DA:65,0
DA:66,0
DA:67,0
DA:68,0
DA:69,0
DA:71,0
DA:72,0
DA:73,0
DA:74,0
DA:75,0
DA:76,0
DA:77,0
DA:78,0
DA:79,0
DA:82,0
DA:83,0
DA:84,0
DA:85,0
DA:86,0
DA:87,0
DA:88,0
DA:90,0
DA:91,0
DA:95,0
DA:96,0
DA:98,0
DA:102,0
DA:103,0
DA:104,0
DA:105,0
DA:106,0
DA:107,0
DA:108,0
DA:109,0
DA:111,0
DA:113,0
DA:117,0
DA:118,0
DA:119,0
DA:120,0
DA:121,0
DA:122,0
DA:123,0
DA:124,0
DA:126,0
DA:128,0
DA:132,0
DA:180,0
DA:197,0
LF:84
LH:0
BRDA:36,0,0,0
BRDA:36,0,1,0
BRDA:43,1,0,0
BRDA:43,1,1,0
BRDA:43,2,0,0
BRDA:43,2,1,0
BRDA:66,3,0,0
BRDA:66,3,1,0
BRDA:76,4,0,0
BRDA:76,4,1,0
BRDA:78,5,0,0
BRDA:78,5,1,0
BRDA:83,6,0,0
BRDA:83,6,1,0
BRDA:84,7,0,0
BRDA:84,7,1,0
BRDA:85,8,0,0
BRDA:85,8,1,0
BRDA:86,9,0,0
BRDA:86,9,1,0
BRDA:86,10,0,0
BRDA:86,10,1,0
BRDA:87,11,0,0
BRDA:87,11,1,0
BRDA:103,12,0,0
BRDA:103,12,1,0
BRDA:104,13,0,0
BRDA:104,13,1,0
BRDA:109,14,0,0
BRDA:109,14,1,0
BRDA:118,15,0,0
BRDA:118,15,1,0
BRDA:119,16,0,0
BRDA:119,16,1,0
BRDA:124,17,0,0
BRDA:124,17,1,0
BRDA:134,18,0,0
BRDA:134,18,1,0
BRDA:142,19,0,0
BRDA:142,19,1,0
BRDA:146,20,0,0
BRDA:146,20,1,0
BRDA:149,21,0,0
BRDA:149,21,1,0
BRDA:151,22,0,0
BRDA:151,22,1,0
BRDA:151,23,0,0
BRDA:151,23,1,0
BRDA:153,24,0,0
BRDA:153,24,1,0
BRDA:161,25,0,0
BRDA:161,25,1,0
BRDA:164,26,0,0
BRDA:164,26,1,0
BRDA:172,27,0,0
BRDA:172,27,1,0
BRDA:177,28,0,0
BRDA:177,28,1,0
BRF:58
BRH:0
end_of_record
TN:
SF:components/CalendarView.jsx
FN:10,fmt
FN:16,CalendarView
FN:26,(anonymous_2)
FN:28,(anonymous_3)
FN:30,(anonymous_4)
FN:31,(anonymous_5)
FN:32,(anonymous_6)
FN:44,(anonymous_7)
FN:52,(anonymous_8)
FN:64,(anonymous_9)
FN:66,(anonymous_10)
FN:68,(anonymous_11)
FN:70,(anonymous_12)
FN:73,(anonymous_13)
FN:80,(anonymous_14)
FN:80,(anonymous_15)
FN:88,(anonymous_16)
FN:95,(anonymous_17)
FN:95,(anonymous_18)
FN:125,(anonymous_19)
FN:141,(anonymous_20)
FN:144,(anonymous_21)
FN:165,(anonymous_22)
FN:184,(anonymous_23)
FN:190,(anonymous_24)
FN:191,(anonymous_25)
FN:192,(anonymous_26)
FN:204,(anonymous_27)
FN:229,(anonymous_28)
FN:237,(anonymous_29)
FN:245,(anonymous_30)
FN:254,(anonymous_31)
FNF:32
FNH:28
FNDA:21,fmt
FNDA:79,CalendarView
FNDA:20,(anonymous_2)
FNDA:58,(anonymous_3)
FNDA:26,(anonymous_4)
FNDA:24,(anonymous_5)
FNDA:24,(anonymous_6)
FNDA:14,(anonymous_7)
FNDA:0,(anonymous_8)
FNDA:10,(anonymous_9)
FNDA:36,(anonymous_10)
FNDA:1,(anonymous_11)
FNDA:12,(anonymous_12)
FNDA:3,(anonymous_13)
FNDA:2,(anonymous_14)
FNDA:2,(anonymous_15)
FNDA:3,(anonymous_16)
FNDA:2,(anonymous_17)
FNDA:2,(anonymous_18)
FNDA:1,(anonymous_19)
FNDA:56,(anonymous_20)
FNDA:4,(anonymous_21)
FNDA:2,(anonymous_22)
FNDA:1,(anonymous_23)
FNDA:1,(anonymous_24)
FNDA:6,(anonymous_25)
FNDA:0,(anonymous_26)
FNDA:18,(anonymous_27)
FNDA:0,(anonymous_28)
FNDA:2,(anonymous_29)
FNDA:1,(anonymous_30)
FNDA:0,(anonymous_31)
DA:1,1
DA:11,21
DA:17,79
DA:18,79
DA:19,79
DA:20,79
DA:21,79
DA:22,79
DA:23,79
DA:24,79
DA:26,79
DA:28,79
DA:29,58
DA:30,26
DA:32,24
DA:33,24
DA:44,79
DA:45,14
DA:46,14
DA:47,14
DA:48,14
DA:49,14
DA:52,79
DA:53,0
DA:54,0
DA:55,0
DA:59,0
DA:61,0
DA:64,79
DA:66,79
DA:67,36
DA:68,12
DA:69,12
DA:70,12
DA:73,79
DA:74,3
DA:75,3
DA:76,3
DA:77,3
DA:78,3
DA:79,2
DA:80,2
DA:82,1
DA:84,3
DA:88,79
DA:89,3
DA:90,3
DA:91,2
DA:92,2
DA:93,2
DA:94,2
DA:95,2
DA:96,2
DA:98,0
DA:100,2
DA:104,79
DA:125,1
DA:142,56
DA:144,4
DA:165,2
DA:184,1
DA:190,1
DA:191,6
DA:192,0
DA:204,18
DA:229,0
DA:237,2
DA:245,1
DA:254,0
LF:69
LH:60
BRDA:30,0,0,26
BRDA:30,0,1,5
BRDA:32,1,0,24
BRDA:32,1,1,3
BRDA:54,2,0,0
BRDA:54,2,1,0
BRDA:67,3,0,24
BRDA:67,3,1,12
BRDA:68,4,0,1
BRDA:68,4,1,0
BRDA:74,5,0,0
BRDA:74,5,1,3
BRDA:80,6,0,2
BRDA:80,6,1,0
BRDA:89,7,0,0
BRDA:89,7,1,3
BRDA:90,8,0,1
BRDA:90,8,1,2
BRDA:106,9,0,79
BRDA:106,9,1,1
BRDA:131,10,0,76
BRDA:131,10,1,3
BRDA:136,11,0,76
BRDA:136,11,1,3
BRDA:144,12,0,1
BRDA:144,12,1,3
BRDA:145,13,0,3
BRDA:145,13,1,53
BRDA:150,14,0,3
BRDA:150,14,1,53
BRDA:155,15,0,3
BRDA:155,15,1,53
BRDA:156,16,0,0
BRDA:156,16,1,56
BRDA:156,17,0,56
BRDA:156,17,1,3
BRDA:189,18,0,79
BRDA:189,18,1,18
BRDA:204,19,0,18
BRDA:204,19,1,0
BRDA:214,20,0,18
BRDA:214,20,1,0
BRDA:220,21,0,18
BRDA:220,21,1,0
BRDA:226,22,0,18
BRDA:226,22,1,0
BRDA:236,23,0,18
BRDA:236,23,1,13
BRDA:244,24,0,18
BRDA:244,24,1,13
BRDA:250,25,0,18
BRDA:250,25,1,3
BRF:52
BRH:41
end_of_record
TN:
SF:components/ConfigPage.jsx
FN:11,loadConfig
FN:20,ConfigPage
FN:26,(anonymous_2)
FN:28,(anonymous_3)
FN:29,(anonymous_4)
FN:29,(anonymous_5)
FN:32,(anonymous_6)
FN:34,(anonymous_7)
FN:38,(anonymous_8)
FN:41,(anonymous_9)
FN:43,(anonymous_10)
FN:69,(anonymous_11)
FN:93,(anonymous_12)
FN:93,(anonymous_13)
FN:109,(anonymous_14)
FN:109,(anonymous_15)
FN:130,(anonymous_16)
FN:130,(anonymous_17)
FNF:18
FNH:16
FNDA:21,loadConfig
FNDA:55,ConfigPage
FNDA:18,(anonymous_2)
FNDA:18,(anonymous_3)
FNDA:17,(anonymous_4)
FNDA:0,(anonymous_5)
FNDA:36,(anonymous_6)
FNDA:5,(anonymous_7)
FNDA:1,(anonymous_8)
FNDA:2,(anonymous_9)
FNDA:165,(anonymous_10)
FNDA:0,(anonymous_11)
FNDA:2,(anonymous_12)
FNDA:2,(anonymous_13)
FNDA:1,(anonymous_14)
FNDA:1,(anonymous_15)
FNDA:1,(anonymous_16)
FNDA:1,(anonymous_17)
DA:1,1
DA:5,1
DA:12,21
DA:13,21
DA:14,21
DA:16,1
DA:21,55
DA:22,55
DA:23,55
DA:24,55
DA:26,55
DA:28,55
DA:29,18
DA:32,55
DA:34,55
DA:35,5
DA:36,5
DA:37,5
DA:38,5
DA:41,55
DA:43,55
DA:44,165
DA:50,55
DA:69,0
DA:93,2
DA:109,1
DA:130,1
LF:27
LH:26
BRDA:12,0,0,0
BRDA:12,0,1,21
BRDA:14,1,0,21
BRDA:14,1,1,16
BRDA:63,2,0,8
BRDA:63,2,1,47
BRDA:64,3,0,45
BRDA:64,3,1,10
BRDA:64,4,0,8
BRDA:64,4,1,2
BRDA:71,5,0,8
BRDA:71,5,1,47
BRDA:95,6,0,2
BRDA:95,6,1,1
BRDA:144,7,0,5
BRDA:144,7,1,50
BRF:16
BRH:15
end_of_record
TN:
SF:components/CreditCardTracker.jsx
FN:5,fmt
FN:12,DaysCell
FN:39,CreditCardTracker
FN:48,(anonymous_3)
FN:51,(anonymous_4)
FN:53,(anonymous_5)
FN:56,(anonymous_6)
FN:57,(anonymous_7)
FN:60,(anonymous_8)
FN:60,(anonymous_9)
FN:60,(anonymous_10)
FN:62,(anonymous_11)
FN:96,(anonymous_12)
FN:96,(anonymous_13)
FN:177,(anonymous_14)
FN:202,(anonymous_15)
FNF:16
FNH:15
FNDA:118,fmt
FNDA:87,DaysCell
FNDA:47,CreditCardTracker
FNDA:3,(anonymous_3)
FNDA:0,(anonymous_4)
FNDA:15,(anonymous_5)
FNDA:1,(anonymous_6)
FNDA:14,(anonymous_7)
FNDA:126,(anonymous_8)
FNDA:3,(anonymous_9)
FNDA:3,(anonymous_10)
FNDA:4,(anonymous_11)
FNDA:6,(anonymous_12)
FNDA:6,(anonymous_13)
FNDA:1,(anonymous_14)
FNDA:30,(anonymous_15)
DA:1,1
DA:6,118
DA:7,118
DA:13,87
DA:14,58
DA:15,58
DA:16,58
DA:17,58
DA:27,1
DA:40,47
DA:41,47
DA:42,47
DA:43,47
DA:44,47
DA:45,47
DA:46,47
DA:48,3
DA:51,0
DA:53,47
DA:54,15
DA:56,1
DA:57,14
DA:60,126
DA:62,47
DA:63,4
DA:64,4
DA:65,4
DA:66,3
DA:67,3
DA:68,3
DA:69,3
DA:70,3
DA:71,3
DA:72,3
DA:73,3
DA:74,3
DA:75,3
DA:76,3
DA:77,3
DA:78,2
DA:79,2
DA:80,2
DA:82,1
DA:84,3
DA:88,47
DA:89,32
DA:91,31
DA:96,6
DA:177,1
DA:203,30
LF:50
LH:49
BRDA:6,0,0,0
BRDA:6,0,1,118
BRDA:13,1,0,29
BRDA:13,1,1,58
BRDA:15,2,0,0
BRDA:15,2,1,58
BRDA:16,3,0,0
BRDA:16,3,1,58
BRDA:20,4,0,0
BRDA:20,4,1,58
BRDA:65,5,0,1
BRDA:65,5,1,3
BRDA:67,6,0,0
BRDA:67,6,1,3
BRDA:68,7,0,0
BRDA:68,7,1,3
BRDA:69,8,0,0
BRDA:69,8,1,3
BRDA:70,9,0,0
BRDA:70,9,1,3
BRDA:71,10,0,0
BRDA:71,10,1,3
BRDA:72,11,0,0
BRDA:72,11,1,3
BRDA:73,12,0,0
BRDA:73,12,1,3
BRDA:74,13,0,0
BRDA:74,13,1,3
BRDA:88,14,0,15
BRDA:88,14,1,32
BRDA:89,15,0,1
BRDA:89,15,1,31
BRDA:98,16,0,14
BRDA:98,16,1,17
BRDA:106,17,0,47
BRDA:106,17,1,14
BRDA:169,18,0,14
BRDA:169,18,1,2
BRDA:174,19,0,3
BRDA:174,19,1,11
BRDA:184,20,0,1
BRDA:184,20,1,30
BRDA:206,21,0,30
BRDA:206,21,1,30
BRDA:215,22,0,1
BRDA:215,22,1,29
BRDA:217,23,0,30
BRDA:217,23,1,1
BRF:48
BRH:36
end_of_record
TN:
SF:components/EventPanel.jsx
FN:25,today
FN:29,EventPanel
FN:35,(anonymous_2)
FN:50,(anonymous_3)
FN:51,(anonymous_4)
FN:54,(anonymous_5)
FN:56,handle
FN:58,(anonymous_7)
FN:61,set
FN:62,(anonymous_9)
FN:65,handleSave
FN:128,(anonymous_11)
FN:129,(anonymous_12)
FN:137,(anonymous_13)
FN:139,(anonymous_14)
FN:151,(anonymous_15)
FN:161,(anonymous_16)
FN:169,(anonymous_17)
FN:170,(anonymous_18)
FN:180,(anonymous_19)
FN:190,(anonymous_20)
FN:204,(anonymous_21)
FNF:22
FNH:17
FNDA:15,today
FNDA:49,EventPanel
FNDA:18,(anonymous_2)
FNDA:18,(anonymous_3)
FNDA:13,(anonymous_4)
FNDA:18,(anonymous_5)
FNDA:2,handle
FNDA:15,(anonymous_7)
FNDA:9,set
FNDA:9,(anonymous_9)
FNDA:4,handleSave
FNDA:5,(anonymous_11)
FNDA:1,(anonymous_12)
FNDA:3,(anonymous_13)
FNDA:98,(anonymous_14)
FNDA:0,(anonymous_15)
FNDA:0,(anonymous_16)
FNDA:1,(anonymous_17)
FNDA:392,(anonymous_18)
FNDA:0,(anonymous_19)
FNDA:0,(anonymous_20)
FNDA:0,(anonymous_21)
DA:1,1
DA:4,1
DA:15,1
DA:23,1
DA:26,15
DA:30,49
DA:31,49
DA:32,49
DA:33,49
DA:35,49
DA:36,18
DA:37,15
DA:47,15
DA:50,49
DA:51,18
DA:54,49
DA:55,18
DA:56,2
DA:57,15
DA:58,15
DA:62,9
DA:66,4
DA:67,4
DA:68,3
DA:69,3
DA:70,3
DA:71,3
DA:81,4
DA:82,4
DA:84,1
DA:86,3
DA:90,49
DA:92,49
DA:128,5
DA:129,1
DA:137,3
DA:140,98
DA:151,0
DA:161,0
DA:169,1
DA:170,392
DA:180,0
DA:190,0
DA:204,0
LF:44
LH:39
BRDA:36,0,0,3
BRDA:36,0,1,15
BRDA:51,1,0,15
BRDA:51,1,1,3
BRDA:55,2,0,3
BRDA:55,2,1,15
BRDA:56,3,0,1
BRDA:56,3,1,1
BRDA:66,4,0,0
BRDA:66,4,1,4
BRDA:67,5,0,1
BRDA:67,5,1,3
BRDA:68,6,0,0
BRDA:68,6,1,3
BRDA:75,7,0,3
BRDA:75,7,1,3
BRDA:76,8,0,4
BRDA:76,8,1,3
BRDA:77,9,0,4
BRDA:77,9,1,0
BRDA:78,10,0,4
BRDA:78,10,1,3
BRDA:79,11,0,0
BRDA:79,11,1,3
BRDA:95,12,0,46
BRDA:95,12,1,3
BRDA:105,13,0,46
BRDA:105,13,1,3
BRDA:117,14,0,49
BRDA:117,14,1,2
BRDA:127,15,0,49
BRDA:127,15,1,18
BRDA:129,16,0,1
BRDA:129,16,1,1
BRDA:137,17,0,49
BRDA:137,17,1,18
BRDA:150,18,0,49
BRDA:150,18,1,18
BRDA:160,19,0,49
BRDA:160,19,1,18
BRDA:169,20,0,49
BRDA:169,20,1,18
BRDA:174,21,0,49
BRDA:174,21,1,1
BRDA:179,22,0,1
BRDA:179,22,1,0
BRDA:189,23,0,49
BRDA:189,23,1,18
BRDA:203,24,0,49
BRDA:203,24,1,18
BRDA:215,25,0,49
BRDA:215,25,1,46
BRDA:222,26,0,3
BRDA:222,26,1,46
BRF:54
BRH:49
end_of_record
TN:
SF:components/OccurrenceList.jsx
FN:5,today
FN:6,daysOut
FN:10,fmt
FN:15,daysUntil
FN:23,OccurrenceList
FN:32,(anonymous_5)
FN:39,(anonymous_6)
FN:47,(anonymous_7)
FN:48,(anonymous_8)
FN:50,(anonymous_9)
FN:53,(anonymous_10)
FN:53,(anonymous_11)
FN:59,(anonymous_12)
FN:61,(anonymous_13)
FN:69,(anonymous_14)
FN:71,(anonymous_15)
FN:78,(anonymous_16)
FN:88,(anonymous_17)
FN:118,(anonymous_18)
FN:126,(anonymous_19)
FN:138,(anonymous_20)
FN:141,(anonymous_21)
FN:144,(anonymous_22)
FN:149,(anonymous_23)
FNF:24
FNH:23
FNDA:42,today
FNDA:20,daysOut
FNDA:22,fmt
FNDA:22,daysUntil
FNDA:47,OccurrenceList
FNDA:20,(anonymous_5)
FNDA:18,(anonymous_6)
FNDA:15,(anonymous_7)
FNDA:19,(anonymous_8)
FNDA:2,(anonymous_9)
FNDA:2,(anonymous_10)
FNDA:2,(anonymous_11)
FNDA:2,(anonymous_12)
FNDA:2,(anonymous_13)
FNDA:1,(anonymous_14)
FNDA:32,(anonymous_15)
FNDA:2,(anonymous_16)
FNDA:1,(anonymous_17)
FNDA:22,(anonymous_18)
FNDA:22,(anonymous_19)
FNDA:1,(anonymous_20)
FNDA:1,(anonymous_21)
FNDA:0,(anonymous_22)
FNDA:2,(anonymous_23)
DA:1,1
DA:5,42
DA:7,20
DA:8,20
DA:11,22
DA:16,22
DA:17,22
DA:18,22
DA:19,22
DA:20,22
DA:24,47
DA:25,47
DA:26,47
DA:27,47
DA:28,47
DA:29,47
DA:30,47
DA:32,47
DA:33,20
DA:34,20
DA:35,20
DA:36,20
DA:37,20
DA:38,19
DA:39,20
DA:41,0
DA:43,19
DA:47,47
DA:48,47
DA:50,47
DA:51,2
DA:52,2
DA:53,2
DA:55,0
DA:59,47
DA:60,2
DA:61,2
DA:64,47
DA:69,1
DA:72,32
DA:78,2
DA:88,1
DA:119,22
DA:126,22
DA:138,1
DA:141,1
DA:144,0
DA:149,2
LF:48
LH:45
BRDA:17,0,0,0
BRDA:17,0,1,22
BRDA:18,1,0,0
BRDA:18,1,1,22
BRDA:19,2,0,0
BRDA:19,2,1,22
BRDA:36,3,0,1
BRDA:36,3,1,19
BRDA:38,4,0,19
BRDA:38,4,1,0
BRDA:39,5,0,19
BRDA:39,5,1,0
BRDA:53,6,0,2
BRDA:53,6,1,0
BRDA:99,7,0,20
BRDA:99,7,1,27
BRDA:101,8,0,5
BRDA:101,8,1,22
BRDA:126,9,0,22
BRDA:126,9,1,0
BRDA:137,10,0,22
BRDA:137,10,1,19
BRDA:140,11,0,22
BRDA:140,11,1,21
BRDA:143,12,0,22
BRDA:143,12,1,19
BRDA:143,12,2,4
BRDA:146,13,0,22
BRDA:146,13,1,4
BRDA:146,13,2,18
BRDA:147,14,0,2
BRDA:147,14,1,16
BRF:32
BRH:25
end_of_record
TN:
SF:components/TasksActions.jsx
FN:7,timestamp
FN:11,TasksActions
FN:18,(anonymous_2)
FN:19,(anonymous_3)
FN:19,(anonymous_4)
FN:22,(anonymous_5)
FN:24,(anonymous_6)
FN:25,(anonymous_7)
FN:29,(anonymous_8)
FN:30,(anonymous_9)
FN:30,(anonymous_10)
FN:33,(anonymous_11)
FN:37,(anonymous_12)
FN:46,(anonymous_13)
FN:53,(anonymous_14)
FN:53,(anonymous_15)
FN:57,(anonymous_16)
FN:62,(anonymous_17)
FN:66,(anonymous_18)
FN:66,(anonymous_19)
FN:90,(anonymous_20)
FN:105,(anonymous_21)
FNF:22
FNH:0
FNDA:0,timestamp
FNDA:0,TasksActions
FNDA:0,(anonymous_2)
FNDA:0,(anonymous_3)
FNDA:0,(anonymous_4)
FNDA:0,(anonymous_5)
FNDA:0,(anonymous_6)
FNDA:0,(anonymous_7)
FNDA:0,(anonymous_8)
FNDA:0,(anonymous_9)
FNDA:0,(anonymous_10)
FNDA:0,(anonymous_11)
FNDA:0,(anonymous_12)
FNDA:0,(anonymous_13)
FNDA:0,(anonymous_14)
FNDA:0,(anonymous_15)
FNDA:0,(anonymous_16)
FNDA:0,(anonymous_17)
FNDA:0,(anonymous_18)
FNDA:0,(anonymous_19)
FNDA:0,(anonymous_20)
FNDA:0,(anonymous_21)
DA:1,0
DA:5,0
DA:8,0
DA:12,0
DA:13,0
DA:14,0
DA:15,0
DA:16,0
DA:18,0
DA:19,0
DA:22,0
DA:23,0
DA:24,0
DA:25,0
DA:26,0
DA:29,0
DA:30,0
DA:33,0
DA:34,0
DA:37,0
DA:38,0
DA:39,0
DA:40,0
DA:42,0
DA:43,0
DA:44,0
DA:45,0
DA:46,0
DA:47,0
DA:48,0
DA:49,0
DA:50,0
DA:53,0
DA:54,0
DA:55,0
DA:56,0
DA:57,0
DA:58,0
DA:59,0
DA:61,0
DA:62,0
DA:66,0
DA:67,0
DA:69,0
DA:73,0
DA:90,0
DA:106,0
LF:47
LH:0
BRDA:30,0,0,0
BRDA:30,0,1,0
BRDA:38,1,0,0
BRDA:38,1,1,0
BRDA:47,2,0,0
BRDA:47,2,1,0
BRDA:49,3,0,0
BRDA:49,3,1,0
BRDA:54,4,0,0
BRDA:54,4,1,0
BRDA:55,5,0,0
BRDA:55,5,1,0
BRDA:56,6,0,0
BRDA:56,6,1,0
BRDA:57,7,0,0
BRDA:57,7,1,0
BRDA:57,8,0,0
BRDA:57,8,1,0
BRDA:58,9,0,0
BRDA:58,9,1,0
BRDA:78,10,0,0
BRDA:78,10,1,0
BRDA:81,11,0,0
BRDA:81,11,1,0
BRDA:83,12,0,0
BRDA:83,12,1,0
BRDA:87,13,0,0
BRDA:87,13,1,0
BRF:28
BRH:0
end_of_record
TN:
SF:components/grocery/GroceryListDetail.jsx
FN:21,ItemCombobox
FN:23,(anonymous_1)
FN:24,(anonymous_2)
FN:27,(anonymous_3)
FN:29,handleChange
FN:32,(anonymous_5)
FN:44,(anonymous_6)
FN:50,(anonymous_7)
FN:56,GroceryListDetail
FN:64,(anonymous_9)
FN:66,reload
FN:76,togglePurchased
FN:78,(anonymous_12)
FN:80,(anonymous_13)
FN:90,removeItem
FN:91,(anonymous_15)
FN:91,(anonymous_16)
FN:100,handleAdd
FN:120,handleAdvance
FN:128,(anonymous_19)
FN:137,setAdd
FN:137,(anonymous_21)
FN:139,handleItemSelected
FN:145,(anonymous_23)
FN:145,(anonymous_24)
FN:146,(anonymous_25)
FN:146,(anonymous_26)
FN:149,(anonymous_27)
FN:190,(anonymous_28)
FN:205,(anonymous_29)
FN:228,(anonymous_30)
FN:236,(anonymous_31)
FN:246,(anonymous_32)
FN:258,(anonymous_33)
FN:281,AddItemPanel
FN:284,(anonymous_35)
FN:285,(anonymous_36)
FN:288,(anonymous_37)
FN:290,handle
FN:292,(anonymous_39)
FN:341,(anonymous_40)
FN:350,(anonymous_41)
FN:353,(anonymous_42)
FN:364,(anonymous_43)
FN:365,(anonymous_44)
FN:402,ItemRow
FN:407,startEdit
FN:417,saveEdit
FN:434,cancelEdit
FN:436,set
FN:436,(anonymous_50)
FN:447,(anonymous_51)
FN:459,(anonymous_52)
FN:460,(anonymous_53)
FN:467,(anonymous_54)
FN:470,(anonymous_55)
FN:479,(anonymous_56)
FN:480,(anonymous_57)
FN:505,(anonymous_58)
FN:535,(anonymous_59)
FNF:60
FNH:39
FNDA:25,ItemCombobox
FNDA:16,(anonymous_1)
FNDA:48,(anonymous_2)
FNDA:16,(anonymous_3)
FNDA:1,handleChange
FNDA:3,(anonymous_5)
FNDA:0,(anonymous_6)
FNDA:75,(anonymous_7)
FNDA:37,GroceryListDetail
FNDA:19,(anonymous_9)
FNDA:1,reload
FNDA:2,togglePurchased
FNDA:2,(anonymous_12)
FNDA:4,(anonymous_13)
FNDA:1,removeItem
FNDA:1,(anonymous_15)
FNDA:2,(anonymous_16)
FNDA:1,handleAdd
FNDA:1,handleAdvance
FNDA:1,(anonymous_19)
FNDA:2,setAdd
FNDA:2,(anonymous_21)
FNDA:1,handleItemSelected
FNDA:70,(anonymous_23)
FNDA:2,(anonymous_24)
FNDA:70,(anonymous_25)
FNDA:2,(anonymous_26)
FNDA:70,(anonymous_27)
FNDA:0,(anonymous_28)
FNDA:0,(anonymous_29)
FNDA:34,(anonymous_30)
FNDA:36,(anonymous_31)
FNDA:0,(anonymous_32)
FNDA:3,(anonymous_33)
FNDA:27,AddItemPanel
FNDA:21,(anonymous_35)
FNDA:3,(anonymous_36)
FNDA:27,(anonymous_37)
FNDA:0,handle
FNDA:5,(anonymous_39)
FNDA:0,(anonymous_40)
FNDA:0,(anonymous_41)
FNDA:350,(anonymous_42)
FNDA:0,(anonymous_43)
FNDA:0,(anonymous_44)
FNDA:57,ItemRow
FNDA:0,startEdit
FNDA:0,saveEdit
FNDA:0,cancelEdit
FNDA:0,set
FNDA:0,(anonymous_50)
FNDA:0,(anonymous_51)
FNDA:0,(anonymous_52)
FNDA:0,(anonymous_53)
FNDA:0,(anonymous_54)
FNDA:0,(anonymous_55)
FNDA:0,(anonymous_56)
FNDA:0,(anonymous_57)
FNDA:2,(anonymous_58)
FNDA:1,(anonymous_59)
DA:1,2
DA:12,2
DA:19,2
DA:21,2
DA:22,25
DA:23,25
DA:24,48
DA:25,16
DA:27,25
DA:30,1
DA:31,1
DA:32,3
DA:33,1
DA:34,0
DA:37,25
DA:44,0
DA:50,75
DA:57,37
DA:58,37
DA:59,37
DA:60,37
DA:61,37
DA:62,37
DA:64,37
DA:67,1
DA:68,1
DA:69,1
DA:70,1
DA:72,0
DA:77,2
DA:78,2
DA:80,4
DA:82,2
DA:83,2
DA:85,0
DA:86,0
DA:91,2
DA:92,1
DA:93,1
DA:95,0
DA:96,0
DA:101,1
DA:102,1
DA:103,1
DA:104,1
DA:110,1
DA:111,1
DA:112,1
DA:114,0
DA:116,1
DA:121,1
DA:122,1
DA:123,1
DA:124,1
DA:125,1
DA:126,1
DA:127,1
DA:128,1
DA:129,1
DA:131,0
DA:133,1
DA:137,2
DA:140,1
DA:141,1
DA:144,37
DA:145,70
DA:146,70
DA:147,37
DA:149,37
DA:150,70
DA:153,37
DA:190,0
DA:205,0
DA:228,34
DA:236,36
DA:246,0
DA:258,3
DA:279,2
DA:282,27
DA:284,27
DA:285,21
DA:288,27
DA:289,27
DA:290,0
DA:291,5
DA:292,5
DA:295,27
DA:341,0
DA:350,0
DA:353,350
DA:364,0
DA:365,0
DA:403,57
DA:404,57
DA:405,57
DA:408,0
DA:409,0
DA:414,0
DA:418,0
DA:419,0
DA:420,0
DA:425,0
DA:426,0
DA:430,0
DA:434,0
DA:436,0
DA:438,57
DA:440,57
DA:441,0
DA:447,0
DA:459,0
DA:460,0
DA:467,0
DA:470,0
DA:479,0
DA:480,0
DA:499,57
DA:505,2
DA:535,1
LF:119
LH:83
BRDA:25,0,0,0
BRDA:25,0,1,16
BRDA:33,1,0,1
BRDA:33,1,1,0
BRDA:34,2,0,0
BRDA:34,2,1,0
BRDA:77,3,0,1
BRDA:77,3,1,1
BRDA:80,4,0,2
BRDA:80,4,1,2
BRDA:101,5,0,0
BRDA:101,5,1,1
BRDA:106,6,0,1
BRDA:106,6,1,0
BRDA:108,7,0,1
BRDA:108,7,1,1
BRDA:122,8,0,0
BRDA:122,8,1,1
BRDA:126,9,0,1
BRDA:126,9,1,0
BRDA:141,10,0,1
BRDA:141,10,1,0
BRDA:150,11,0,34
BRDA:150,11,1,36
BRDA:173,12,0,37
BRDA:173,12,1,37
BRDA:174,13,0,37
BRDA:174,13,1,37
BRDA:176,14,0,37
BRDA:176,14,1,34
BRDA:180,15,0,37
BRDA:180,15,1,34
BRDA:186,16,0,2
BRDA:186,16,1,32
BRDA:200,17,0,37
BRDA:200,17,1,0
BRDA:210,18,0,1
BRDA:210,18,1,36
BRDA:229,19,0,36
BRDA:229,19,1,34
BRDA:229,19,2,30
BRDA:243,20,0,37
BRDA:243,20,1,34
BRDA:256,21,0,37
BRDA:256,21,1,34
BRDA:285,22,0,3
BRDA:285,22,1,18
BRDA:289,23,0,22
BRDA:289,23,1,5
BRDA:290,24,0,0
BRDA:290,24,1,0
BRDA:298,25,0,5
BRDA:298,25,1,22
BRDA:307,26,0,5
BRDA:307,26,1,22
BRDA:318,27,0,2
BRDA:318,27,1,25
BRDA:365,28,0,0
BRDA:365,28,1,0
BRDA:377,29,0,27
BRDA:377,29,1,26
BRDA:384,30,0,1
BRDA:384,30,1,26
BRDA:402,31,0,57
BRDA:412,32,0,0
BRDA:412,32,1,0
BRDA:421,33,0,0
BRDA:421,33,1,0
BRDA:423,34,0,0
BRDA:423,34,1,0
BRDA:440,35,0,0
BRDA:440,35,1,57
BRDA:460,36,0,0
BRDA:460,36,1,0
BRDA:460,37,0,0
BRDA:460,37,1,0
BRDA:480,38,0,0
BRDA:480,38,1,0
BRDA:480,39,0,0
BRDA:480,39,1,0
BRDA:488,40,0,0
BRDA:488,40,1,0
BRDA:500,41,0,29
BRDA:500,41,1,28
BRDA:509,42,0,29
BRDA:509,42,1,28
BRDA:517,43,0,57
BRDA:517,43,1,0
BRF:88
BRH:56
end_of_record
TN:
SF:components/grocery/GroceryListPanel.jsx
FN:14,GroceryListPanel
FN:20,(anonymous_1)
FN:34,(anonymous_2)
FN:35,(anonymous_3)
FN:38,(anonymous_4)
FN:40,handle
FN:42,(anonymous_6)
FN:45,set
FN:45,(anonymous_8)
FN:47,handleSave
FN:89,(anonymous_10)
FN:90,(anonymous_11)
FN:98,(anonymous_12)
FN:100,(anonymous_13)
FN:111,(anonymous_14)
FN:122,(anonymous_15)
FNF:16
FNH:11
FNDA:47,GroceryListPanel
FNDA:21,(anonymous_1)
FNDA:21,(anonymous_2)
FNDA:4,(anonymous_3)
FNDA:37,(anonymous_4)
FNDA:0,handle
FNDA:8,(anonymous_6)
FNDA:1,set
FNDA:1,(anonymous_8)
FNDA:1,handleSave
FNDA:1,(anonymous_10)
FNDA:0,(anonymous_11)
FNDA:0,(anonymous_12)
FNDA:66,(anonymous_13)
FNDA:0,(anonymous_14)
FNDA:0,(anonymous_15)
DA:1,2
DA:4,2
DA:12,2
DA:15,47
DA:16,47
DA:17,47
DA:18,47
DA:20,47
DA:21,21
DA:22,8
DA:23,5
DA:24,3
DA:25,3
DA:34,47
DA:35,21
DA:38,47
DA:39,37
DA:40,0
DA:41,8
DA:42,8
DA:45,1
DA:48,1
DA:49,1
DA:50,1
DA:56,1
DA:59,47
DA:89,1
DA:90,0
DA:98,0
DA:101,66
DA:111,0
DA:122,0
LF:32
LH:27
BRDA:21,0,0,13
BRDA:21,0,1,8
BRDA:22,1,0,5
BRDA:22,1,1,3
BRDA:24,2,0,3
BRDA:24,2,1,0
BRDA:26,3,0,3
BRDA:26,3,1,0
BRDA:27,4,0,3
BRDA:27,4,1,0
BRDA:28,5,0,3
BRDA:28,5,1,0
BRDA:29,6,0,3
BRDA:29,6,1,0
BRDA:35,7,0,8
BRDA:35,7,1,13
BRDA:39,8,0,29
BRDA:39,8,1,8
BRDA:40,9,0,0
BRDA:40,9,1,0
BRDA:48,10,0,0
BRDA:48,10,1,1
BRDA:52,11,0,0
BRDA:52,11,1,1
BRDA:54,12,0,1
BRDA:54,12,1,1
BRDA:63,13,0,18
BRDA:63,13,1,29
BRDA:71,14,0,18
BRDA:71,14,1,29
BRDA:75,15,0,41
BRDA:75,15,1,6
BRDA:88,16,0,47
BRDA:88,16,1,37
BRDA:90,17,0,0
BRDA:90,17,1,0
BRDA:98,18,0,47
BRDA:98,18,1,37
BRDA:102,19,0,47
BRDA:102,19,1,19
BRDA:111,20,0,47
BRDA:111,20,1,37
BRDA:121,21,0,47
BRDA:121,21,1,37
BRDA:132,22,0,47
BRDA:132,22,1,46
BRDA:138,23,0,1
BRDA:138,23,1,46
BRDA:138,24,0,40
BRDA:138,24,1,6
BRF:50
BRH:39
end_of_record
TN:
SF:components/grocery/GroceryLists.jsx
FN:15,GroceryLists
FN:23,(anonymous_1)
FN:36,(anonymous_2)
FN:39,(anonymous_3)
FN:42,(anonymous_4)
FN:44,handleCreate
FN:46,(anonymous_6)
FN:50,handleUpdate
FN:52,(anonymous_8)
FN:52,(anonymous_9)
FN:56,handleDelete
FN:60,(anonymous_11)
FN:60,(anonymous_12)
FN:67,handleListChanged
FN:68,(anonymous_14)
FN:68,(anonymous_15)
FN:76,(anonymous_16)
FN:86,(anonymous_17)
FN:89,(anonymous_18)
FN:114,(anonymous_19)
FN:132,(anonymous_20)
FN:136,(anonymous_21)
FN:137,(anonymous_22)
FN:138,(anonymous_23)
FN:149,(anonymous_24)
FN:149,(anonymous_25)
FN:154,(anonymous_26)
FN:173,ListCard
FN:208,(anonymous_28)
FNF:29
FNH:14
FNDA:28,GroceryLists
FNDA:12,(anonymous_1)
FNDA:12,(anonymous_2)
FNDA:6,(anonymous_3)
FNDA:27,(anonymous_4)
FNDA:0,handleCreate
FNDA:0,(anonymous_6)
FNDA:0,handleUpdate
FNDA:0,(anonymous_8)
FNDA:0,(anonymous_9)
FNDA:2,handleDelete
FNDA:1,(anonymous_11)
FNDA:2,(anonymous_12)
FNDA:0,handleListChanged
FNDA:0,(anonymous_14)
FNDA:0,(anonymous_15)
FNDA:0,(anonymous_16)
FNDA:112,(anonymous_17)
FNDA:4,(anonymous_18)
FNDA:0,(anonymous_19)
FNDA:23,(anonymous_20)
FNDA:0,(anonymous_21)
FNDA:0,(anonymous_22)
FNDA:2,(anonymous_23)
FNDA:0,(anonymous_24)
FNDA:0,(anonymous_25)
FNDA:0,(anonymous_26)
FNDA:23,ListCard
FNDA:2,(anonymous_28)
DA:1,1
DA:8,1
DA:16,28
DA:17,28
DA:18,28
DA:19,28
DA:20,28
DA:21,28
DA:23,28
DA:24,12
DA:25,12
DA:26,12
DA:27,12
DA:28,10
DA:30,1
DA:32,11
DA:36,28
DA:38,28
DA:39,6
DA:42,28
DA:45,0
DA:46,0
DA:47,0
DA:51,0
DA:52,0
DA:53,0
DA:57,2
DA:58,1
DA:59,1
DA:60,2
DA:61,1
DA:63,0
DA:68,0
DA:71,28
DA:72,0
DA:76,0
DA:82,28
DA:87,112
DA:89,4
DA:114,0
DA:133,23
DA:136,0
DA:137,0
DA:138,2
DA:149,0
DA:154,0
DA:174,23
DA:175,23
DA:177,23
DA:208,2
LF:50
LH:35
BRDA:38,0,0,3
BRDA:38,0,1,25
BRDA:42,1,0,28
BRDA:42,1,1,28
BRDA:52,2,0,0
BRDA:52,2,1,0
BRDA:57,3,0,1
BRDA:57,3,1,1
BRDA:61,4,0,0
BRDA:61,4,1,1
BRDA:68,5,0,0
BRDA:68,5,1,0
BRDA:71,6,0,0
BRDA:71,6,1,28
BRDA:91,7,0,28
BRDA:91,7,1,84
BRDA:109,8,0,28
BRDA:109,8,1,1
BRDA:118,9,0,28
BRDA:118,9,1,12
BRDA:124,10,0,28
BRDA:124,10,1,16
BRDA:124,10,2,3
BRDA:126,11,0,1
BRDA:126,11,1,2
BRDA:130,12,0,28
BRDA:130,12,1,16
BRDA:130,12,2,13
BRDA:150,13,0,28
BRDA:150,13,1,0
BRDA:175,14,0,10
BRDA:175,14,1,13
BRDA:193,15,0,23
BRDA:193,15,1,10
BRDA:194,16,0,23
BRDA:194,16,1,10
BRDA:195,17,0,23
BRDA:195,17,1,0
BRDA:195,18,0,10
BRDA:195,18,1,13
BRDA:197,19,0,23
BRDA:197,19,1,10
BRF:42
BRH:34
end_of_record
TN:
SF:components/grocery/GroceryPage.jsx
FN:14,GroceryPage
FN:19,(anonymous_1)
FN:29,(anonymous_2)
FN:34,(anonymous_3)
FN:37,(anonymous_4)
FNF:5
FNH:5
FNDA:8,GroceryPage
FNDA:4,(anonymous_1)
FNDA:4,(anonymous_2)
FNDA:24,(anonymous_3)
FNDA:4,(anonymous_4)
DA:1,1
DA:8,1
DA:15,8
DA:16,8
DA:17,8
DA:19,8
DA:20,4
DA:21,4
DA:22,4
DA:23,4
DA:25,0
DA:29,8
DA:31,8
DA:35,24
DA:37,4
LF:15
LH:14
BRDA:39,0,0,8
BRDA:39,0,1,16
BRDA:49,1,0,8
BRDA:49,1,1,5
BRDA:55,2,0,8
BRDA:55,2,1,1
BRDA:62,3,0,8
BRDA:62,3,1,2
BRF:8
BRH:8
end_of_record
TN:
SF:components/grocery/OnHandView.jsx
FN:20,OnHandView
FN:31,(anonymous_1)
FN:43,(anonymous_2)
FN:45,(anonymous_3)
FN:47,(anonymous_4)
FN:48,(anonymous_5)
FN:49,(anonymous_6)
FN:51,startEdit
FN:61,saveEdit
FN:81,handleDelete
FN:92,handleCreateItem
FN:117,(anonymous_11)
FN:125,(anonymous_12)
FN:138,(anonymous_13)
FN:166,(anonymous_14)
FN:174,(anonymous_15)
FN:174,(anonymous_16)
FN:175,(anonymous_17)
FN:176,(anonymous_18)
FN:177,(anonymous_19)
FN:178,(anonymous_20)
FN:188,(anonymous_21)
FN:208,AddItemPanel
FN:211,(anonymous_23)
FN:212,(anonymous_24)
FN:215,(anonymous_25)
FN:217,handle
FN:219,(anonymous_27)
FN:250,(anonymous_28)
FN:250,(anonymous_29)
FN:251,(anonymous_30)
FN:260,(anonymous_31)
FN:260,(anonymous_32)
FN:263,(anonymous_33)
FN:270,(anonymous_34)
FN:270,(anonymous_35)
FN:274,(anonymous_36)
FN:307,OnHandRow
FN:319,(anonymous_38)
FN:320,(anonymous_39)
FN:327,(anonymous_40)
FN:331,(anonymous_41)
FN:340,(anonymous_42)
FN:341,(anonymous_43)
FN:348,(anonymous_44)
FN:351,(anonymous_45)
FNF:46
FNH:23
FNDA:37,OnHandView
FNDA:15,(anonymous_1)
FNDA:14,(anonymous_2)
FNDA:46,(anonymous_3)
FNDA:70,(anonymous_4)
FNDA:66,(anonymous_5)
FNDA:32,(anonymous_6)
FNDA:0,startEdit
FNDA:0,saveEdit
FNDA:2,handleDelete
FNDA:1,handleCreateItem
FNDA:3,(anonymous_11)
FNDA:0,(anonymous_12)
FNDA:0,(anonymous_13)
FNDA:40,(anonymous_14)
FNDA:0,(anonymous_15)
FNDA:0,(anonymous_16)
FNDA:0,(anonymous_17)
FNDA:0,(anonymous_18)
FNDA:0,(anonymous_19)
FNDA:2,(anonymous_20)
FNDA:3,(anonymous_21)
FNDA:36,AddItemPanel
FNDA:18,(anonymous_23)
FNDA:3,(anonymous_24)
FNDA:36,(anonymous_25)
FNDA:0,handle
FNDA:5,(anonymous_27)
FNDA:1,(anonymous_28)
FNDA:1,(anonymous_29)
FNDA:0,(anonymous_30)
FNDA:0,(anonymous_31)
FNDA:0,(anonymous_32)
FNDA:504,(anonymous_33)
FNDA:0,(anonymous_34)
FNDA:0,(anonymous_35)
FNDA:36,(anonymous_36)
FNDA:38,OnHandRow
FNDA:0,(anonymous_38)
FNDA:0,(anonymous_39)
FNDA:0,(anonymous_40)
FNDA:0,(anonymous_41)
FNDA:0,(anonymous_42)
FNDA:0,(anonymous_43)
FNDA:0,(anonymous_44)
FNDA:0,(anonymous_45)
DA:1,1
DA:9,1
DA:16,1
DA:18,1
DA:21,37
DA:22,37
DA:23,37
DA:24,37
DA:25,37
DA:26,37
DA:27,37
DA:28,37
DA:29,37
DA:31,37
DA:32,15
DA:33,15
DA:34,15
DA:35,14
DA:37,0
DA:39,14
DA:43,37
DA:45,46
DA:46,37
DA:47,70
DA:48,66
DA:49,32
DA:52,0
DA:53,0
DA:62,0
DA:63,0
DA:73,0
DA:75,0
DA:77,0
DA:82,2
DA:83,1
DA:84,1
DA:85,1
DA:86,1
DA:88,0
DA:93,1
DA:94,1
DA:95,1
DA:96,1
DA:101,1
DA:102,1
DA:103,1
DA:105,0
DA:107,1
DA:111,37
DA:117,3
DA:125,0
DA:138,0
DA:167,40
DA:174,0
DA:175,0
DA:176,0
DA:177,0
DA:178,2
DA:188,3
DA:209,36
DA:211,36
DA:212,18
DA:215,36
DA:216,36
DA:217,0
DA:218,5
DA:219,5
DA:222,36
DA:250,1
DA:251,0
DA:260,0
DA:263,504
DA:270,0
DA:274,36
DA:308,38
DA:309,38
DA:310,38
DA:312,38
DA:313,0
DA:319,0
DA:320,0
DA:327,0
DA:331,0
DA:340,0
DA:341,0
DA:348,0
DA:351,0
DA:364,38
LF:88
LH:59
BRDA:47,0,0,70
BRDA:47,0,1,6
BRDA:48,1,0,66
BRDA:48,1,1,26
BRDA:55,2,0,0
BRDA:55,2,1,0
BRDA:56,3,0,0
BRDA:56,3,1,0
BRDA:57,4,0,0
BRDA:57,4,1,0
BRDA:66,5,0,0
BRDA:66,5,1,0
BRDA:69,6,0,0
BRDA:69,6,1,0
BRDA:82,7,0,1
BRDA:82,7,1,1
BRDA:93,8,0,0
BRDA:93,8,1,1
BRDA:99,9,0,0
BRDA:99,9,1,1
BRDA:133,10,0,37
BRDA:133,10,1,0
BRDA:142,11,0,37
BRDA:142,11,1,14
BRDA:146,12,0,37
BRDA:146,12,1,23
BRDA:146,12,2,2
BRDA:148,13,0,1
BRDA:148,13,1,1
BRDA:152,14,0,37
BRDA:152,14,1,23
BRDA:152,14,2,21
BRDA:212,15,0,3
BRDA:212,15,1,15
BRDA:216,16,0,31
BRDA:216,16,1,5
BRDA:217,17,0,0
BRDA:217,17,1,0
BRDA:225,18,0,5
BRDA:225,18,1,31
BRDA:234,19,0,5
BRDA:234,19,1,31
BRDA:251,20,0,0
BRDA:251,20,1,0
BRDA:282,21,0,36
BRDA:282,21,1,35
BRDA:289,22,0,1
BRDA:289,22,1,35
BRDA:308,23,0,38
BRDA:308,23,1,0
BRDA:309,24,0,38
BRDA:309,24,1,0
BRDA:312,25,0,0
BRDA:312,25,1,38
BRDA:318,26,0,0
BRDA:318,26,1,0
BRDA:320,27,0,0
BRDA:320,27,1,0
BRDA:320,28,0,0
BRDA:320,28,1,0
BRDA:326,29,0,0
BRDA:326,29,1,0
BRDA:339,30,0,0
BRDA:339,30,1,0
BRDA:341,31,0,0
BRDA:341,31,1,0
BRDA:341,32,0,0
BRDA:341,32,1,0
BRDA:347,33,0,0
BRDA:347,33,1,0
BRDA:375,34,0,38
BRDA:375,34,1,18
BRDA:379,35,0,18
BRDA:379,35,1,20
BRDA:381,36,0,38
BRDA:381,36,1,0
BRF:76
BRH:39
end_of_record
TN:
SF:components/grocery/StoreManager.jsx
FN:16,StoreManager
FN:24,handleCreate
FN:39,handleSaveEdit
FN:52,handleDelete
FN:62,startEdit
FN:74,(anonymous_5)
FN:94,(anonymous_6)
FN:101,(anonymous_7)
FN:101,(anonymous_8)
FN:102,(anonymous_9)
FN:109,(anonymous_10)
FN:109,(anonymous_11)
FN:110,(anonymous_12)
FN:116,(anonymous_13)
FN:117,(anonymous_14)
FN:128,(anonymous_15)
FN:133,(anonymous_16)
FN:150,(anonymous_17)
FN:158,(anonymous_18)
FN:178,AddStorePanel
FN:181,(anonymous_20)
FN:182,(anonymous_21)
FN:185,(anonymous_22)
FN:187,handle
FN:189,(anonymous_24)
FN:220,(anonymous_25)
FN:220,(anonymous_26)
FN:221,(anonymous_27)
FN:230,(anonymous_28)
FN:230,(anonymous_29)
FN:231,(anonymous_30)
FNF:31
FNH:17
FNDA:29,StoreManager
FNDA:2,handleCreate
FNDA:0,handleSaveEdit
FNDA:4,handleDelete
FNDA:0,startEdit
FNDA:1,(anonymous_5)
FNDA:20,(anonymous_6)
FNDA:0,(anonymous_7)
FNDA:0,(anonymous_8)
FNDA:0,(anonymous_9)
FNDA:0,(anonymous_10)
FNDA:0,(anonymous_11)
FNDA:0,(anonymous_12)
FNDA:0,(anonymous_13)
FNDA:0,(anonymous_14)
FNDA:0,(anonymous_15)
FNDA:4,(anonymous_16)
FNDA:1,(anonymous_17)
FNDA:5,(anonymous_18)
FNDA:29,AddStorePanel
FNDA:21,(anonymous_20)
FNDA:5,(anonymous_21)
FNDA:29,(anonymous_22)
FNDA:0,handle
FNDA:10,(anonymous_24)
FNDA:2,(anonymous_25)
FNDA:2,(anonymous_26)
FNDA:0,(anonymous_27)
FNDA:1,(anonymous_28)
FNDA:1,(anonymous_29)
FNDA:0,(anonymous_30)
DA:1,1
DA:5,1
DA:12,1
DA:14,1
DA:17,29
DA:18,29
DA:19,29
DA:20,29
DA:21,29
DA:22,29
DA:25,2
DA:26,2
DA:27,2
DA:28,2
DA:29,2
DA:30,2
DA:31,2
DA:33,0
DA:35,2
DA:40,0
DA:41,0
DA:42,0
DA:43,0
DA:44,0
DA:46,0
DA:48,0
DA:53,4
DA:54,3
DA:55,3
DA:56,1
DA:58,2
DA:63,0
DA:64,0
DA:67,29
DA:74,1
DA:95,20
DA:101,0
DA:102,0
DA:109,0
DA:110,0
DA:116,0
DA:117,0
DA:128,0
DA:133,4
DA:150,1
DA:158,5
DA:179,29
DA:181,29
DA:182,21
DA:185,29
DA:186,29
DA:187,0
DA:188,10
DA:189,10
DA:192,29
DA:220,2
DA:221,0
DA:230,1
DA:231,0
LF:59
LH:39
BRDA:25,0,0,0
BRDA:25,0,1,2
BRDA:28,1,0,2
BRDA:28,1,1,1
BRDA:42,2,0,0
BRDA:42,2,1,0
BRDA:53,3,0,1
BRDA:53,3,1,3
BRDA:64,4,0,0
BRDA:64,4,1,0
BRDA:69,5,0,29
BRDA:69,5,1,2
BRDA:78,6,0,19
BRDA:78,6,1,10
BRDA:95,7,0,0
BRDA:95,7,1,20
BRDA:102,8,0,0
BRDA:102,8,1,0
BRDA:102,9,0,0
BRDA:102,9,1,0
BRDA:110,10,0,0
BRDA:110,10,1,0
BRDA:110,11,0,0
BRDA:110,11,1,0
BRDA:124,12,0,20
BRDA:124,12,1,10
BRDA:182,13,0,5
BRDA:182,13,1,16
BRDA:186,14,0,19
BRDA:186,14,1,10
BRDA:187,15,0,0
BRDA:187,15,1,0
BRDA:195,16,0,10
BRDA:195,16,1,19
BRDA:204,17,0,10
BRDA:204,17,1,19
BRDA:221,18,0,0
BRDA:221,18,1,0
BRDA:231,19,0,0
BRDA:231,19,1,0
BRDA:241,20,0,29
BRDA:241,20,1,27
BRDA:248,21,0,2
BRDA:248,21,1,27
BRF:44
BRH:24
end_of_record
TN:
SF:components/grocery/helpers.js
FN:21,fmtQty
FN:26,fmtPrice
FN:31,listSummary
FN:33,(anonymous_3)
FNF:4
FNH:4
FNDA:4,fmtQty
FNDA:60,fmtPrice
FNDA:63,listSummary
FNDA:95,(anonymous_3)
DA:1,4
DA:6,4
DA:12,4
DA:18,4
DA:19,4
DA:22,4
DA:23,4
DA:27,60
DA:28,30
DA:32,63
DA:33,95
DA:34,63
LF:12
LH:12
BRDA:23,0,0,2
BRDA:23,0,1,2
BRDA:23,1,0,1
BRDA:23,1,1,1
BRDA:27,2,0,30
BRDA:27,2,1,30
BRF:6
BRH:6
end_of_record
TN:
SF:components/tasks/TaskCard.jsx
FN:58,InlineMetaField
FN:91,OverflowMenu
FN:97,(anonymous_2)
FN:99,handle
FN:106,(anonymous_4)
FN:109,(anonymous_5)
FN:112,handleOpen
FN:118,(anonymous_7)
FN:138,(anonymous_8)
FN:142,(anonymous_9)
FN:160,SubtaskConfirmModal
FN:161,(anonymous_11)
FN:162,handle
FN:164,(anonymous_13)
FN:170,(anonymous_14)
FN:189,(anonymous_15)
FN:227,SortableSubtaskRow
FN:272,(anonymous_17)
FN:273,(anonymous_18)
FN:281,(anonymous_19)
FN:292,(anonymous_20)
FN:298,(anonymous_21)
FN:313,(anonymous_22)
FN:324,TaskCard
FN:348,(anonymous_24)
FN:351,(anonymous_25)
FN:355,(anonymous_26)
FN:357,handle
FN:359,(anonymous_28)
FN:365,(anonymous_29)
FN:366,(anonymous_30)
FN:367,(anonymous_31)
FN:370,(anonymous_32)
FN:371,(anonymous_33)
FN:374,(anonymous_34)
FN:375,(anonymous_35)
FN:379,(anonymous_36)
FN:387,(anonymous_37)
FN:390,(anonymous_38)
FN:395,(anonymous_39)
FN:400,(anonymous_40)
FN:408,(anonymous_41)
FN:415,(anonymous_42)
FN:423,(anonymous_43)
FN:427,(anonymous_44)
FN:434,(anonymous_45)
FN:436,(anonymous_46)
FN:437,(anonymous_47)
FN:445,(anonymous_48)
FN:447,(anonymous_49)
FN:448,(anonymous_50)
FN:455,(anonymous_51)
FN:456,(anonymous_52)
FN:457,(anonymous_53)
FN:458,(anonymous_54)
FN:460,(anonymous_55)
FN:461,(anonymous_56)
FN:462,(anonymous_57)
FN:501,(anonymous_58)
FN:514,(anonymous_59)
FN:515,(anonymous_60)
FN:528,(anonymous_61)
FN:540,(anonymous_62)
FN:552,(anonymous_63)
FN:553,(anonymous_64)
FN:554,(anonymous_65)
FN:557,(anonymous_66)
FN:563,(anonymous_67)
FN:582,(anonymous_68)
FN:586,(anonymous_69)
FN:587,(anonymous_70)
FN:591,(anonymous_71)
FN:597,(anonymous_72)
FN:626,(anonymous_73)
FN:636,(anonymous_74)
FN:642,(anonymous_75)
FN:646,(anonymous_76)
FN:663,(anonymous_77)
FN:669,(anonymous_78)
FN:673,(anonymous_79)
FN:674,(anonymous_80)
FN:678,(anonymous_81)
FN:687,(anonymous_82)
FN:696,(anonymous_83)
FN:703,(anonymous_84)
FN:715,(anonymous_85)
FN:747,(anonymous_86)
FN:760,(anonymous_87)
FN:766,(anonymous_88)
FN:792,(anonymous_89)
FN:796,(anonymous_90)
FN:822,(anonymous_91)
FN:823,(anonymous_92)
FNF:93
FNH:86
FNDA:3813,InlineMetaField
FNDA:1313,OverflowMenu
FNDA:1202,(anonymous_2)
FNDA:1,handle
FNDA:31,(anonymous_4)
FNDA:9191,(anonymous_5)
FNDA:31,handleOpen
FNDA:31,(anonymous_7)
FNDA:173,(anonymous_8)
FNDA:20,(anonymous_9)
FNDA:7,SubtaskConfirmModal
FNDA:7,(anonymous_11)
FNDA:1,handle
FNDA:7,(anonymous_13)
FNDA:3,(anonymous_14)
FNDA:8,(anonymous_15)
FNDA:72,SortableSubtaskRow
FNDA:3,(anonymous_17)
FNDA:2,(anonymous_18)
FNDA:0,(anonymous_19)
FNDA:5,(anonymous_20)
FNDA:6,(anonymous_21)
FNDA:2,(anonymous_22)
FNDA:1272,TaskCard
FNDA:1156,(anonymous_24)
FNDA:0,(anonymous_25)
FNDA:1161,(anonymous_26)
FNDA:1,handle
FNDA:6,(anonymous_28)
FNDA:1154,(anonymous_29)
FNDA:1154,(anonymous_30)
FNDA:62,(anonymous_31)
FNDA:1154,(anonymous_32)
FNDA:62,(anonymous_33)
FNDA:1154,(anonymous_34)
FNDA:25,(anonymous_35)
FNDA:11,(anonymous_36)
FNDA:1,(anonymous_37)
FNDA:2,(anonymous_38)
FNDA:1,(anonymous_39)
FNDA:2,(anonymous_40)
FNDA:2,(anonymous_41)
FNDA:3,(anonymous_42)
FNDA:6,(anonymous_43)
FNDA:2,(anonymous_44)
FNDA:2,(anonymous_45)
FNDA:3,(anonymous_46)
FNDA:3,(anonymous_47)
FNDA:0,(anonymous_48)
FNDA:0,(anonymous_49)
FNDA:0,(anonymous_50)
FNDA:1162,(anonymous_51)
FNDA:5,(anonymous_52)
FNDA:1,(anonymous_53)
FNDA:1,(anonymous_54)
FNDA:1,(anonymous_55)
FNDA:4,(anonymous_56)
FNDA:6,(anonymous_57)
FNDA:6,(anonymous_58)
FNDA:1,(anonymous_59)
FNDA:3,(anonymous_60)
FNDA:6,(anonymous_61)
FNDA:1,(anonymous_62)
FNDA:1,(anonymous_63)
FNDA:1,(anonymous_64)
FNDA:1,(anonymous_65)
FNDA:16,(anonymous_66)
FNDA:4,(anonymous_67)
FNDA:2,(anonymous_68)
FNDA:0,(anonymous_69)
FNDA:1,(anonymous_70)
FNDA:8,(anonymous_71)
FNDA:6,(anonymous_72)
FNDA:5,(anonymous_73)
FNDA:1,(anonymous_74)
FNDA:1,(anonymous_75)
FNDA:2,(anonymous_76)
FNDA:3,(anonymous_77)
FNDA:1,(anonymous_78)
FNDA:0,(anonymous_79)
FNDA:1,(anonymous_80)
FNDA:8,(anonymous_81)
FNDA:3,(anonymous_82)
FNDA:2,(anonymous_83)
FNDA:1,(anonymous_84)
FNDA:9,(anonymous_85)
FNDA:2,(anonymous_86)
FNDA:3,(anonymous_87)
FNDA:1,(anonymous_88)
FNDA:72,(anonymous_89)
FNDA:72,(anonymous_90)
FNDA:5,(anonymous_91)
FNDA:5,(anonymous_92)
DA:1,3
DA:16,3
DA:24,3
DA:25,3
DA:27,3
DA:31,3
DA:37,3
DA:44,3
DA:51,3
DA:59,3813
DA:60,11
DA:67,3802
DA:68,51
DA:76,3751
DA:92,1313
DA:93,1313
DA:94,1313
DA:95,1313
DA:97,1313
DA:98,1202
DA:100,1
DA:103,1
DA:105,31
DA:106,31
DA:109,9191
DA:110,1313
DA:113,31
DA:114,31
DA:115,31
DA:116,31
DA:118,31
DA:121,1313
DA:139,173
DA:142,20
DA:161,7
DA:162,1
DA:163,7
DA:164,7
DA:167,7
DA:170,3
DA:190,8
DA:235,72
DA:238,72
DA:244,72
DA:246,72
DA:272,3
DA:274,2
DA:275,2
DA:281,0
DA:293,5
DA:298,6
DA:313,2
DA:339,1272
DA:340,1272
DA:341,1272
DA:342,1272
DA:343,1272
DA:344,1272
DA:345,1272
DA:346,1272
DA:348,1272
DA:349,1156
DA:350,0
DA:351,0
DA:355,1272
DA:356,1161
DA:357,1
DA:358,6
DA:359,6
DA:362,1272
DA:363,1272
DA:365,1272
DA:366,1272
DA:367,1154
DA:370,1272
DA:371,1154
DA:374,1272
DA:375,1154
DA:379,1272
DA:380,11
DA:381,7
DA:383,4
DA:387,1272
DA:388,1
DA:389,1
DA:390,2
DA:392,1
DA:395,1272
DA:396,1
DA:397,1
DA:400,1272
DA:401,2
DA:402,2
DA:403,2
DA:404,1
DA:408,1272
DA:409,2
DA:410,1
DA:412,2
DA:415,1272
DA:416,3
DA:417,3
DA:418,3
DA:419,3
DA:420,3
DA:423,1272
DA:424,6
DA:427,1272
DA:428,2
DA:429,2
DA:430,2
DA:431,2
DA:434,1272
DA:436,1272
DA:437,3
DA:440,1272
DA:445,1272
DA:446,0
DA:447,0
DA:448,0
DA:449,0
DA:450,0
DA:453,1272
DA:455,1272
DA:456,5
DA:457,1
DA:458,1
DA:460,1
DA:461,4
DA:462,6
DA:465,1272
DA:467,1272
DA:501,6
DA:514,1
DA:516,3
DA:517,3
DA:528,6
DA:540,1
DA:552,1
DA:553,1
DA:554,1
DA:558,16
DA:563,4
DA:583,2
DA:584,2
DA:586,0
DA:587,1
DA:592,8
DA:597,6
DA:626,5
DA:637,1
DA:638,1
DA:639,1
DA:643,1
DA:644,1
DA:647,2
DA:648,1
DA:649,1
DA:651,2
DA:663,3
DA:670,1
DA:671,1
DA:673,0
DA:674,1
DA:678,8
DA:687,3
DA:697,2
DA:698,1
DA:699,1
DA:701,2
DA:704,1
DA:705,1
DA:715,9
DA:747,2
DA:760,3
DA:766,1
DA:792,72
DA:797,72
DA:822,5
DA:824,5
DA:825,5
DA:826,2
DA:827,2
LF:183
LH:173
BRDA:59,0,0,11
BRDA:59,0,1,3802
BRDA:67,1,0,51
BRDA:67,1,1,3751
BRDA:82,2,0,2507
BRDA:82,2,1,1244
BRDA:83,3,0,2507
BRDA:83,3,1,1244
BRDA:98,4,0,1171
BRDA:98,4,1,31
BRDA:100,5,0,1
BRDA:100,5,1,0
BRDA:101,6,0,1
BRDA:101,6,1,1
BRDA:101,6,2,1
BRDA:101,6,3,1
BRDA:110,7,0,0
BRDA:110,7,1,1313
BRDA:114,8,0,31
BRDA:114,8,1,0
BRDA:131,9,0,1313
BRDA:131,9,1,31
BRDA:144,10,0,31
BRDA:144,10,1,142
BRDA:162,11,0,1
BRDA:162,11,1,0
BRDA:170,12,0,0
BRDA:170,12,1,3
BRDA:184,13,0,1
BRDA:184,13,1,6
BRDA:241,14,0,0
BRDA:241,14,1,72
BRDA:250,15,0,0
BRDA:250,15,1,72
BRDA:252,16,0,72
BRDA:252,16,1,0
BRDA:266,17,0,9
BRDA:266,17,1,63
BRDA:274,18,0,1
BRDA:274,18,1,1
BRDA:275,19,0,1
BRDA:275,19,1,1
BRDA:293,20,0,4
BRDA:293,20,1,1
BRDA:298,21,0,6
BRDA:298,21,1,6
BRDA:299,22,0,0
BRDA:299,22,1,63
BRDA:301,23,0,31
BRDA:301,23,1,32
BRDA:303,24,0,32
BRDA:303,24,1,0
BRDA:308,25,0,63
BRDA:308,25,1,0
BRDA:311,26,0,63
BRDA:311,26,1,63
BRDA:337,27,0,1272
BRDA:349,28,0,0
BRDA:349,28,1,1156
BRDA:349,29,0,1156
BRDA:349,29,1,25
BRDA:356,30,0,1155
BRDA:356,30,1,6
BRDA:357,31,0,1
BRDA:357,31,1,0
BRDA:363,32,0,1272
BRDA:363,32,1,1261
BRDA:365,33,0,1154
BRDA:365,33,1,0
BRDA:367,34,0,1154
BRDA:367,34,1,0
BRDA:371,35,0,1154
BRDA:371,35,1,0
BRDA:371,36,0,62
BRDA:371,36,1,38
BRDA:375,37,0,1154
BRDA:375,37,1,0
BRDA:380,38,0,7
BRDA:380,38,1,4
BRDA:403,39,0,1
BRDA:403,39,1,1
BRDA:403,40,0,2
BRDA:403,40,1,2
BRDA:409,41,0,1
BRDA:409,41,1,1
BRDA:417,42,0,0
BRDA:417,42,1,3
BRDA:428,43,0,0
BRDA:428,43,1,2
BRDA:430,44,0,2
BRDA:430,44,1,0
BRDA:437,45,0,3
BRDA:437,45,1,0
BRDA:446,46,0,0
BRDA:446,46,1,0
BRDA:446,47,0,0
BRDA:446,47,1,0
BRDA:449,48,0,0
BRDA:449,48,1,0
BRDA:449,49,0,0
BRDA:449,49,1,0
BRDA:459,50,0,1162
BRDA:459,50,1,1151
BRDA:460,51,0,1162
BRDA:460,51,1,1151
BRDA:461,52,0,1162
BRDA:461,52,1,1155
BRDA:465,53,0,1272
BRDA:465,53,1,0
BRDA:478,54,0,1074
BRDA:478,54,1,198
BRDA:479,55,0,18
BRDA:479,55,1,1254
BRDA:480,56,0,2
BRDA:480,56,1,1270
BRDA:486,57,0,1254
BRDA:486,57,1,18
BRDA:486,58,0,1272
BRDA:486,58,1,1261
BRDA:499,59,0,1272
BRDA:499,59,1,1242
BRDA:510,60,0,6
BRDA:510,60,1,1266
BRDA:516,61,0,2
BRDA:516,61,1,1
BRDA:517,62,0,1
BRDA:517,62,1,2
BRDA:528,63,0,4
BRDA:528,63,1,2
BRDA:529,64,0,18
BRDA:529,64,1,1248
BRDA:531,65,0,11
BRDA:531,65,1,1255
BRDA:538,66,0,1266
BRDA:538,66,1,1248
BRDA:548,67,0,4
BRDA:548,67,1,1268
BRDA:554,68,0,1
BRDA:554,68,1,1
BRDA:565,69,0,1268
BRDA:565,69,1,0
BRDA:575,70,0,1272
BRDA:575,70,1,1257
BRDA:575,70,2,1257
BRDA:575,70,3,1095
BRDA:577,71,0,1095
BRDA:577,71,1,15
BRDA:578,72,0,4
BRDA:578,72,1,11
BRDA:581,73,0,4
BRDA:581,73,1,0
BRDA:583,74,0,1
BRDA:583,74,1,1
BRDA:587,75,0,1
BRDA:587,75,1,1
BRDA:591,76,0,4
BRDA:591,76,1,0
BRDA:597,77,0,6
BRDA:597,77,1,4
BRDA:598,78,0,2
BRDA:598,78,1,9
BRDA:610,79,0,1095
BRDA:610,79,1,1095
BRDA:610,79,2,1080
BRDA:618,80,0,1272
BRDA:618,80,1,18
BRDA:618,80,2,1
BRDA:618,80,3,1
BRDA:618,80,4,1271
BRDA:620,81,0,1271
BRDA:620,81,1,17
BRDA:620,81,2,1271
BRDA:623,82,0,1265
BRDA:623,82,1,6
BRDA:626,83,0,5
BRDA:626,83,1,17
BRDA:628,84,0,1271
BRDA:628,84,1,1248
BRDA:637,85,0,1
BRDA:637,85,1,0
BRDA:643,86,0,1
BRDA:643,86,1,0
BRDA:647,87,0,1
BRDA:647,87,1,1
BRDA:648,88,0,1
BRDA:648,88,1,0
BRDA:651,89,0,1
BRDA:651,89,1,1
BRDA:660,90,0,1271
BRDA:660,90,1,1271
BRDA:663,91,0,3
BRDA:663,91,1,17
BRDA:668,92,0,1271
BRDA:668,92,1,1271
BRDA:670,93,0,1
BRDA:670,93,1,0
BRDA:674,94,0,1
BRDA:674,94,1,1
BRDA:678,95,0,1271
BRDA:678,95,1,0
BRDA:684,96,0,0
BRDA:684,96,1,1271
BRDA:687,97,0,3
BRDA:687,97,1,17
BRDA:694,98,0,1271
BRDA:694,98,1,1271
BRDA:697,99,0,1
BRDA:697,99,1,1
BRDA:701,100,0,1
BRDA:701,100,1,1
BRDA:713,101,0,71
BRDA:713,101,1,1201
BRDA:728,102,0,42
BRDA:728,102,1,29
BRDA:731,103,0,1201
BRDA:731,103,1,1183
BRDA:741,104,0,1272
BRDA:741,104,1,7
BRDA:751,105,0,1272
BRDA:751,105,1,6
BRDA:779,106,0,1272
BRDA:779,106,1,48
BRDA:781,107,0,48
BRDA:781,107,1,1
BRDA:785,108,0,48
BRDA:785,108,1,42
BRDA:816,109,0,48
BRDA:816,109,1,48
BRDA:824,110,0,3
BRDA:824,110,1,2
BRDA:825,111,0,2
BRDA:825,111,1,3
BRF:232
BRH:193
end_of_record
TN:
SF:components/tasks/TaskList.jsx
FN:20,TaskList
FN:40,(anonymous_1)
FN:41,handle
FN:48,(anonymous_3)
FN:51,(anonymous_4)
FN:52,(anonymous_5)
FN:54,(anonymous_6)
FN:59,(anonymous_7)
FN:74,(anonymous_8)
FN:103,(anonymous_9)
FN:105,(anonymous_10)
FN:113,(anonymous_11)
FN:116,(anonymous_12)
FN:124,(anonymous_13)
FN:132,(anonymous_14)
FN:152,(anonymous_15)
FN:159,(anonymous_16)
FN:160,(anonymous_17)
FN:160,(anonymous_18)
FN:163,(anonymous_19)
FN:164,(anonymous_20)
FN:170,(anonymous_21)
FN:171,(anonymous_22)
FN:174,(anonymous_23)
FN:175,(anonymous_24)
FN:176,(anonymous_25)
FN:176,(anonymous_26)
FN:178,(anonymous_27)
FN:181,(anonymous_28)
FN:189,(anonymous_29)
FN:195,(anonymous_30)
FN:195,(anonymous_31)
FN:196,(anonymous_32)
FN:205,(anonymous_33)
FN:206,(anonymous_34)
FN:209,(anonymous_35)
FN:210,(anonymous_36)
FN:214,(anonymous_37)
FN:214,(anonymous_38)
FN:215,(anonymous_39)
FN:218,(anonymous_40)
FN:218,(anonymous_41)
FN:224,(anonymous_42)
FN:227,(anonymous_43)
FN:227,(anonymous_44)
FN:232,(anonymous_45)
FN:238,(anonymous_46)
FN:241,(anonymous_47)
FN:241,(anonymous_48)
FN:248,(anonymous_49)
FN:249,(anonymous_50)
FN:250,(anonymous_51)
FN:253,(anonymous_52)
FN:253,(anonymous_53)
FN:254,(anonymous_54)
FN:254,(anonymous_55)
FN:257,(anonymous_56)
FN:270,(anonymous_57)
FN:273,(anonymous_58)
FN:273,(anonymous_59)
FN:274,(anonymous_60)
FN:274,(anonymous_61)
FN:277,(anonymous_62)
FN:291,(anonymous_63)
FN:294,(anonymous_64)
FN:295,(anonymous_65)
FN:296,(anonymous_66)
FN:303,(anonymous_67)
FN:304,(anonymous_68)
FN:305,(anonymous_69)
FN:308,(anonymous_70)
FN:308,(anonymous_71)
FN:309,(anonymous_72)
FN:310,(anonymous_73)
FN:314,(anonymous_74)
FN:321,(anonymous_75)
FN:324,(anonymous_76)
FN:325,(anonymous_77)
FN:335,(anonymous_78)
FN:336,(anonymous_79)
FN:337,(anonymous_80)
FN:338,(anonymous_81)
FN:338,(anonymous_82)
FN:343,(anonymous_83)
FN:344,(anonymous_84)
FN:347,(anonymous_85)
FN:355,(anonymous_86)
FN:356,(anonymous_87)
FN:357,(anonymous_88)
FN:358,(anonymous_89)
FN:359,(anonymous_90)
FN:360,(anonymous_91)
FN:364,(anonymous_92)
FN:365,(anonymous_93)
FN:368,(anonymous_94)
FN:400,(anonymous_95)
FN:436,(anonymous_96)
FN:450,(anonymous_97)
FNF:98
FNH:70
FNDA:137,TaskList
FNDA:38,(anonymous_1)
FNDA:4,handle
FNDA:38,(anonymous_3)
FNDA:0,(anonymous_4)
FNDA:38,(anonymous_5)
FNDA:38,(anonymous_6)
FNDA:4,(anonymous_7)
FNDA:39,(anonymous_8)
FNDA:38,(anonymous_9)
FNDA:38,(anonymous_10)
FNDA:96,(anonymous_11)
FNDA:1056,(anonymous_12)
FNDA:999,(anonymous_13)
FNDA:96,(anonymous_14)
FNDA:999,(anonymous_15)
FNDA:8,(anonymous_16)
FNDA:8,(anonymous_17)
FNDA:11,(anonymous_18)
FNDA:11,(anonymous_19)
FNDA:11,(anonymous_20)
FNDA:6,(anonymous_21)
FNDA:6,(anonymous_22)
FNDA:4,(anonymous_23)
FNDA:4,(anonymous_24)
FNDA:3,(anonymous_25)
FNDA:3,(anonymous_26)
FNDA:2,(anonymous_27)
FNDA:1,(anonymous_28)
FNDA:3,(anonymous_29)
FNDA:1,(anonymous_30)
FNDA:1,(anonymous_31)
FNDA:1,(anonymous_32)
FNDA:9,(anonymous_33)
FNDA:9,(anonymous_34)
FNDA:2,(anonymous_35)
FNDA:2,(anonymous_36)
FNDA:1,(anonymous_37)
FNDA:1,(anonymous_38)
FNDA:1,(anonymous_39)
FNDA:7,(anonymous_40)
FNDA:7,(anonymous_41)
FNDA:2,(anonymous_42)
FNDA:2,(anonymous_43)
FNDA:2,(anonymous_44)
FNDA:1,(anonymous_45)
FNDA:2,(anonymous_46)
FNDA:1,(anonymous_47)
FNDA:1,(anonymous_48)
FNDA:3,(anonymous_49)
FNDA:3,(anonymous_50)
FNDA:3,(anonymous_51)
FNDA:2,(anonymous_52)
FNDA:2,(anonymous_53)
FNDA:2,(anonymous_54)
FNDA:2,(anonymous_55)
FNDA:2,(anonymous_56)
FNDA:0,(anonymous_57)
FNDA:0,(anonymous_58)
FNDA:0,(anonymous_59)
FNDA:0,(anonymous_60)
FNDA:0,(anonymous_61)
FNDA:0,(anonymous_62)
FNDA:2,(anonymous_63)
FNDA:1,(anonymous_64)
FNDA:1,(anonymous_65)
FNDA:1,(anonymous_66)
FNDA:1,(anonymous_67)
FNDA:1,(anonymous_68)
FNDA:1,(anonymous_69)
FNDA:1,(anonymous_70)
FNDA:1,(anonymous_71)
FNDA:1,(anonymous_72)
FNDA:1,(anonymous_73)
FNDA:0,(anonymous_74)
FNDA:0,(anonymous_75)
FNDA:0,(anonymous_76)
FNDA:0,(anonymous_77)
FNDA:0,(anonymous_78)
FNDA:0,(anonymous_79)
FNDA:0,(anonymous_80)
FNDA:0,(anonymous_81)
FNDA:0,(anonymous_82)
FNDA:0,(anonymous_83)
FNDA:0,(anonymous_84)
FNDA:0,(anonymous_85)
FNDA:0,(anonymous_86)
FNDA:0,(anonymous_87)
FNDA:0,(anonymous_88)
FNDA:0,(anonymous_89)
FNDA:0,(anonymous_90)
FNDA:0,(anonymous_91)
FNDA:0,(anonymous_92)
FNDA:0,(anonymous_93)
FNDA:0,(anonymous_94)
FNDA:1,(anonymous_95)
FNDA:616,(anonymous_96)
FNDA:11,(anonymous_97)
DA:1,1
DA:21,137
DA:22,137
DA:23,137
DA:24,137
DA:25,137
DA:26,137
DA:27,137
DA:28,137
DA:29,137
DA:30,137
DA:31,137
DA:32,137
DA:33,137
DA:35,137
DA:36,137
DA:38,137
DA:40,137
DA:42,4
DA:43,2
DA:44,2
DA:47,38
DA:48,38
DA:51,137
DA:52,137
DA:53,38
DA:54,38
DA:57,137
DA:59,137
DA:60,4
DA:61,4
DA:62,3
DA:63,1
DA:65,3
DA:66,3
DA:67,3
DA:69,1
DA:70,1
DA:74,137
DA:75,39
DA:76,39
DA:77,39
DA:78,39
DA:80,39
DA:81,39
DA:82,39
DA:83,39
DA:88,36
DA:89,1
DA:91,36
DA:92,36
DA:93,36
DA:95,2
DA:96,2
DA:97,2
DA:99,38
DA:103,137
DA:104,38
DA:105,38
DA:108,137
DA:109,137
DA:110,137
DA:111,137
DA:113,137
DA:114,96
DA:115,96
DA:117,1056
DA:118,1051
DA:119,1051
DA:120,1051
DA:121,1051
DA:122,1051
DA:125,999
DA:126,999
DA:127,999
DA:128,999
DA:132,137
DA:133,96
DA:134,96
DA:135,1051
DA:136,3
DA:137,1048
DA:138,1
DA:139,1047
DA:140,1043
DA:141,4
DA:142,1
DA:143,3
DA:144,1
DA:145,2
DA:146,1
DA:148,1
DA:151,96
DA:152,999
DA:156,96
DA:159,137
DA:160,11
DA:163,137
DA:164,11
DA:165,11
DA:166,11
DA:170,137
DA:171,6
DA:174,137
DA:175,137
DA:176,137
DA:178,137
DA:179,2
DA:180,2
DA:181,1
DA:182,1
DA:184,1
DA:185,1
DA:189,137
DA:190,3
DA:191,3
DA:192,2
DA:193,1
DA:195,1
DA:196,1
DA:198,2
DA:200,1
DA:201,1
DA:205,137
DA:206,9
DA:207,9
DA:208,9
DA:209,2
DA:210,2
DA:212,9
DA:213,8
DA:214,1
DA:215,1
DA:216,1
DA:218,7
DA:219,7
DA:221,8
DA:222,8
DA:225,2
DA:226,2
DA:227,2
DA:232,1
DA:233,1
DA:234,1
DA:238,137
DA:239,2
DA:240,2
DA:241,1
DA:243,1
DA:244,1
DA:248,137
DA:249,3
DA:250,3
DA:251,3
DA:252,3
DA:253,2
DA:254,2
DA:255,2
DA:257,2
DA:258,2
DA:262,2
DA:263,2
DA:268,2
DA:271,0
DA:272,0
DA:273,0
DA:274,0
DA:275,0
DA:277,0
DA:278,0
DA:286,1
DA:287,1
DA:291,137
DA:292,2
DA:293,2
DA:294,1
DA:295,1
DA:296,1
DA:298,1
DA:299,1
DA:303,137
DA:304,1
DA:305,1
DA:306,1
DA:307,1
DA:308,1
DA:309,1
DA:310,1
DA:311,1
DA:312,1
DA:315,0
DA:321,0
DA:324,0
DA:325,0
DA:330,0
DA:331,0
DA:335,137
DA:336,0
DA:337,0
DA:338,0
DA:339,0
DA:340,0
DA:341,0
DA:344,0
DA:345,0
DA:347,0
DA:350,0
DA:351,0
DA:355,137
DA:356,0
DA:357,0
DA:358,0
DA:359,0
DA:360,0
DA:361,0
DA:362,0
DA:365,0
DA:366,0
DA:368,0
DA:371,0
DA:372,0
DA:376,137
DA:400,1
DA:437,616
DA:438,616
DA:439,616
DA:440,446
DA:443,616
DA:450,11
LF:229
LH:193
BRDA:42,0,0,2
BRDA:42,0,1,2
BRDA:42,1,0,4
BRDA:42,1,1,3
BRDA:42,1,2,2
BRDA:42,1,3,2
BRDA:62,2,0,1
BRDA:62,2,1,2
BRDA:88,3,0,1
BRDA:88,3,1,35
BRDA:95,4,0,0
BRDA:95,4,1,2
BRDA:117,5,0,5
BRDA:117,5,1,1051
BRDA:117,6,0,1056
BRDA:117,6,1,1054
BRDA:118,7,0,0
BRDA:118,7,1,1051
BRDA:118,8,0,0
BRDA:118,8,1,0
BRDA:119,9,0,0
BRDA:119,9,1,1051
BRDA:119,10,0,1051
BRDA:119,10,1,0
BRDA:120,11,0,0
BRDA:120,11,1,1051
BRDA:120,12,0,1051
BRDA:120,12,1,0
BRDA:121,13,0,0
BRDA:121,13,1,1051
BRDA:121,14,0,1051
BRDA:121,14,1,0
BRDA:121,14,2,0
BRDA:121,15,0,0
BRDA:121,15,1,0
BRDA:125,16,0,0
BRDA:125,16,1,999
BRDA:125,17,0,999
BRDA:125,17,1,0
BRDA:126,18,0,0
BRDA:126,18,1,999
BRDA:127,19,0,0
BRDA:127,19,1,999
BRDA:128,20,0,0
BRDA:128,20,1,999
BRDA:128,21,0,0
BRDA:128,21,1,999
BRDA:135,22,0,3
BRDA:135,22,1,1048
BRDA:137,23,0,1
BRDA:137,23,1,1047
BRDA:139,24,0,1043
BRDA:139,24,1,4
BRDA:141,25,0,1
BRDA:141,25,1,3
BRDA:143,26,0,1
BRDA:143,26,1,2
BRDA:145,27,0,1
BRDA:145,27,1,1
BRDA:152,28,0,999
BRDA:152,28,1,999
BRDA:153,29,0,999
BRDA:153,29,1,0
BRDA:153,30,0,999
BRDA:153,30,1,0
BRDA:160,31,0,6
BRDA:160,31,1,2
BRDA:165,32,0,5
BRDA:165,32,1,6
BRDA:192,33,0,1
BRDA:192,33,1,1
BRDA:195,34,0,1
BRDA:195,34,1,0
BRDA:196,35,0,1
BRDA:196,35,1,0
BRDA:208,36,0,2
BRDA:208,36,1,7
BRDA:213,37,0,1
BRDA:213,37,1,7
BRDA:214,38,0,1
BRDA:214,38,1,0
BRDA:218,39,0,7
BRDA:218,39,1,0
BRDA:219,40,0,3
BRDA:219,40,1,4
BRDA:221,41,0,8
BRDA:221,41,1,0
BRDA:227,42,0,2
BRDA:227,42,1,0
BRDA:253,43,0,2
BRDA:253,43,1,0
BRDA:255,44,0,2
BRDA:255,44,1,0
BRDA:258,45,0,0
BRDA:258,45,1,2
BRDA:262,46,0,2
BRDA:262,46,1,0
BRDA:263,47,0,2
BRDA:263,47,1,0
BRDA:265,48,0,0
BRDA:265,48,1,0
BRDA:273,49,0,0
BRDA:273,49,1,0
BRDA:275,50,0,0
BRDA:275,50,1,0
BRDA:278,51,0,0
BRDA:278,51,1,0
BRDA:294,52,0,1
BRDA:294,52,1,0
BRDA:294,53,0,1
BRDA:294,53,1,0
BRDA:296,54,0,0
BRDA:296,54,1,1
BRDA:308,55,0,1
BRDA:308,55,1,0
BRDA:310,56,0,0
BRDA:310,56,1,1
BRDA:311,57,0,1
BRDA:311,57,1,0
BRDA:318,58,0,0
BRDA:318,58,1,0
BRDA:321,59,0,0
BRDA:321,59,1,0
BRDA:322,60,0,0
BRDA:322,60,1,0
BRDA:325,61,0,0
BRDA:325,61,1,0
BRDA:338,62,0,0
BRDA:338,62,1,0
BRDA:345,63,0,0
BRDA:345,63,1,0
BRDA:357,64,0,0
BRDA:357,64,1,0
BRDA:359,65,0,0
BRDA:359,65,1,0
BRDA:360,66,0,0
BRDA:360,66,1,0
BRDA:366,67,0,0
BRDA:366,67,1,0
BRDA:393,68,0,137
BRDA:393,68,1,9
BRDA:407,69,0,137
BRDA:407,69,1,99
BRDA:407,69,2,2
BRDA:416,70,0,137
BRDA:416,70,1,38
BRDA:422,71,0,137
BRDA:422,71,1,99
BRDA:422,71,2,2
BRDA:428,72,0,137
BRDA:428,72,1,99
BRDA:428,72,2,97
BRDA:428,72,3,9
BRDA:434,73,0,137
BRDA:434,73,1,99
BRDA:434,73,2,97
BRDA:434,73,3,88
BRDA:439,74,0,170
BRDA:439,74,1,446
BRDA:439,75,0,616
BRDA:439,75,1,176
BRDA:440,76,0,11
BRDA:440,76,1,435
BRDA:504,77,0,10
BRDA:504,77,1,127
BRF:165
BRH:99
end_of_record
TN:
SF:components/tasks/TaskPanel.jsx
FN:34,SubtaskRow
FN:41,(anonymous_1)
FN:42,(anonymous_2)
FN:48,(anonymous_3)
FN:63,(anonymous_4)
FN:74,(anonymous_5)
FN:80,(anonymous_6)
FN:90,TaskPanel
FN:111,(anonymous_8)
FN:136,(anonymous_9)
FN:137,(anonymous_10)
FN:140,(anonymous_11)
FN:142,handle
FN:144,(anonymous_13)
FN:147,set
FN:148,(anonymous_15)
FN:151,handleSave
FN:176,handleAddSubtask
FN:183,startEditSubtask
FN:188,saveEditSubtask
FN:198,(anonymous_20)
FN:216,(anonymous_21)
FN:241,(anonymous_22)
FN:251,(anonymous_23)
FN:261,(anonymous_24)
FN:264,(anonymous_25)
FN:280,(anonymous_26)
FN:281,(anonymous_27)
FN:291,(anonymous_28)
FN:301,(anonymous_29)
FN:311,(anonymous_30)
FN:313,(anonymous_31)
FN:318,(anonymous_32)
FN:319,(anonymous_33)
FN:328,(anonymous_34)
FN:332,(anonymous_35)
FN:344,(anonymous_36)
FN:351,(anonymous_37)
FN:361,(anonymous_38)
FN:361,(anonymous_39)
FN:363,(anonymous_40)
FN:373,(anonymous_41)
FN:374,(anonymous_42)
FNF:43
FNH:39
FNDA:54,SubtaskRow
FNDA:2,(anonymous_1)
FNDA:2,(anonymous_2)
FNDA:0,(anonymous_3)
FNDA:1,(anonymous_4)
FNDA:5,(anonymous_5)
FNDA:1,(anonymous_6)
FNDA:279,TaskPanel
FNDA:91,(anonymous_8)
FNDA:91,(anonymous_9)
FNDA:47,(anonymous_10)
FNDA:91,(anonymous_11)
FNDA:7,handle
FNDA:50,(anonymous_13)
FNDA:23,set
FNDA:23,(anonymous_15)
FNDA:16,handleSave
FNDA:2,handleAddSubtask
FNDA:5,startEditSubtask
FNDA:2,saveEditSubtask
FNDA:27,(anonymous_20)
FNDA:6,(anonymous_21)
FNDA:15,(anonymous_22)
FNDA:1,(anonymous_23)
FNDA:837,(anonymous_24)
FNDA:2,(anonymous_25)
FNDA:1,(anonymous_26)
FNDA:1116,(anonymous_27)
FNDA:0,(anonymous_28)
FNDA:1,(anonymous_29)
FNDA:0,(anonymous_30)
FNDA:0,(anonymous_31)
FNDA:1,(anonymous_32)
FNDA:2232,(anonymous_33)
FNDA:2,(anonymous_34)
FNDA:26,(anonymous_35)
FNDA:54,(anonymous_36)
FNDA:54,(anonymous_37)
FNDA:2,(anonymous_38)
FNDA:2,(anonymous_39)
FNDA:2,(anonymous_40)
FNDA:2,(anonymous_41)
FNDA:1,(anonymous_42)
DA:1,2
DA:5,2
DA:16,2
DA:18,2
DA:24,2
DA:32,2
DA:35,54
DA:36,7
DA:41,2
DA:42,2
DA:48,0
DA:58,47
DA:63,1
DA:74,5
DA:80,1
DA:103,279
DA:104,279
DA:105,279
DA:106,279
DA:107,279
DA:108,279
DA:109,279
DA:111,279
DA:112,91
DA:113,50
DA:114,26
DA:119,24
DA:120,24
DA:132,50
DA:133,50
DA:136,279
DA:137,91
DA:140,279
DA:141,91
DA:142,7
DA:143,50
DA:144,50
DA:148,23
DA:152,16
DA:153,16
DA:154,16
DA:165,16
DA:166,16
DA:167,10
DA:169,6
DA:172,16
DA:177,2
DA:178,2
DA:179,2
DA:180,2
DA:184,5
DA:185,5
DA:189,2
DA:190,2
DA:194,2
DA:197,279
DA:198,27
DA:201,279
DA:217,6
DA:218,2
DA:241,15
DA:251,1
DA:262,837
DA:264,2
DA:280,1
DA:281,1116
DA:291,0
DA:301,1
DA:311,0
DA:313,0
DA:318,1
DA:319,2232
DA:328,2
DA:333,26
DA:344,54
DA:352,54
DA:361,2
DA:363,2
DA:373,2
DA:374,1
LF:80
LH:76
BRDA:35,0,0,7
BRDA:35,0,1,47
BRDA:42,1,0,1
BRDA:42,1,1,1
BRDA:42,2,0,1
BRDA:42,2,1,1
BRDA:63,3,0,1
BRDA:63,3,1,0
BRDA:68,4,0,27
BRDA:68,4,1,20
BRDA:112,5,0,41
BRDA:112,5,1,50
BRDA:113,6,0,26
BRDA:113,6,1,24
BRDA:119,7,0,24
BRDA:119,7,1,0
BRDA:121,8,0,24
BRDA:121,8,1,0
BRDA:122,9,0,24
BRDA:122,9,1,4
BRDA:123,10,0,24
BRDA:123,10,1,0
BRDA:124,11,0,24
BRDA:124,11,1,0
BRDA:125,12,0,24
BRDA:125,12,1,0
BRDA:126,13,0,24
BRDA:126,13,1,4
BRDA:127,14,0,24
BRDA:127,14,1,24
BRDA:128,15,0,24
BRDA:128,15,1,24
BRDA:129,16,0,24
BRDA:129,16,1,0
BRDA:137,17,0,50
BRDA:137,17,1,41
BRDA:141,18,0,41
BRDA:141,18,1,50
BRDA:142,19,0,2
BRDA:142,19,1,5
BRDA:152,20,0,0
BRDA:152,20,1,16
BRDA:156,21,0,16
BRDA:156,21,1,13
BRDA:159,22,0,16
BRDA:159,22,1,0
BRDA:160,23,0,4
BRDA:160,23,1,12
BRDA:161,24,0,0
BRDA:161,24,1,16
BRDA:162,25,0,2
BRDA:162,25,1,14
BRDA:166,26,0,10
BRDA:166,26,1,6
BRDA:178,27,0,0
BRDA:178,27,1,2
BRDA:178,28,0,2
BRDA:178,28,1,2
BRDA:185,29,0,5
BRDA:185,29,1,5
BRDA:189,30,0,0
BRDA:189,30,1,2
BRDA:189,31,0,2
BRDA:189,31,1,2
BRDA:192,32,0,2
BRDA:192,32,1,2
BRDA:197,33,0,73
BRDA:197,33,1,206
BRDA:204,34,0,152
BRDA:204,34,1,127
BRDA:215,35,0,152
BRDA:215,35,1,127
BRDA:217,36,0,2
BRDA:217,36,1,4
BRDA:217,37,0,6
BRDA:217,37,1,3
BRDA:217,37,2,3
BRDA:217,37,3,2
BRDA:224,38,0,206
BRDA:224,38,1,73
BRDA:240,39,0,279
BRDA:240,39,1,174
BRDA:250,40,0,279
BRDA:250,40,1,174
BRDA:266,41,0,105
BRDA:266,41,1,732
BRDA:280,42,0,279
BRDA:280,42,1,174
BRDA:290,43,0,279
BRDA:290,43,1,174
BRDA:300,44,0,279
BRDA:300,44,1,174
BRDA:311,45,0,279
BRDA:311,45,1,174
BRDA:318,46,0,279
BRDA:318,46,1,174
BRDA:327,47,0,279
BRDA:327,47,1,174
BRDA:338,48,0,279
BRDA:338,48,1,73
BRDA:338,48,2,73
BRDA:342,49,0,73
BRDA:342,49,1,27
BRDA:349,50,0,73
BRDA:349,50,1,27
BRDA:374,51,0,1
BRDA:374,51,1,1
BRDA:392,52,0,279
BRDA:392,52,1,263
BRDA:399,53,0,16
BRDA:399,53,1,263
BRDA:399,54,0,196
BRDA:399,54,1,67
BRF:113
BRH:101
end_of_record
TN:
SF:components/tasks/TaskSection.jsx
FN:74,SortableTaskWrapper
FN:112,TaskSection
FN:141,(anonymous_2)
FN:143,(anonymous_3)
FN:144,(anonymous_4)
FN:194,(anonymous_5)
FN:197,(anonymous_6)
FNF:7
FNH:7
FNDA:1080,SortableTaskWrapper
FNDA:469,TaskSection
FNDA:3,(anonymous_2)
FNDA:1,(anonymous_3)
FNDA:2,(anonymous_4)
FNDA:1080,(anonymous_5)
FNDA:1080,(anonymous_6)
DA:1,2
DA:12,2
DA:64,2
DA:75,1080
DA:80,1080
DA:132,469
DA:133,469
DA:134,469
DA:136,469
DA:141,469
DA:142,3
DA:143,1
DA:144,2
DA:145,1
DA:146,1
DA:149,469
DA:194,1080
DA:198,1080
DA:199,1080
LF:19
LH:19
BRDA:86,0,0,0
BRDA:86,0,1,1080
BRDA:87,1,0,0
BRDA:87,1,1,1080
BRDA:130,2,0,469
BRDA:133,3,0,469
BRDA:133,3,1,0
BRDA:134,4,0,469
BRDA:134,4,1,0
BRDA:142,5,0,2
BRDA:142,5,1,1
BRDA:142,6,0,3
BRDA:142,6,1,2
BRDA:145,7,0,0
BRDA:145,7,1,1
BRDA:145,8,0,1
BRDA:145,8,1,1
BRDA:160,9,0,370
BRDA:160,9,1,99
BRDA:174,10,0,469
BRDA:174,10,1,91
BRDA:174,10,2,71
BRDA:181,11,0,370
BRDA:181,11,1,99
BRDA:185,12,0,469
BRDA:185,12,1,99
BRDA:185,12,2,79
BRDA:203,13,0,2
BRDA:203,13,1,1078
BRDA:203,14,0,2
BRDA:203,14,1,1078
BRDA:229,15,0,469
BRDA:229,15,1,99
BRDA:229,15,2,20
BRF:34
BRH:29
end_of_record
TN:
SF:components/tasks/TaskToolbar.jsx
FN:13,FilterPopover
FN:16,(anonymous_1)
FN:17,handle
FN:21,(anonymous_3)
FN:47,(anonymous_4)
FN:48,(anonymous_5)
FN:62,(anonymous_6)
FN:65,(anonymous_7)
FN:81,(anonymous_8)
FN:84,(anonymous_9)
FN:92,(anonymous_10)
FN:94,(anonymous_11)
FN:102,TaskToolbar
FN:119,(anonymous_13)
FN:134,(anonymous_14)
FN:146,(anonymous_15)
FN:146,(anonymous_16)
FN:171,(anonymous_17)
FNF:18
FNH:18
FNDA:21,FilterPopover
FNDA:21,(anonymous_1)
FNDA:1,handle
FNDA:21,(anonymous_3)
FNDA:1,(anonymous_4)
FNDA:4,(anonymous_5)
FNDA:84,(anonymous_6)
FNDA:9,(anonymous_7)
FNDA:1,(anonymous_8)
FNDA:2,(anonymous_9)
FNDA:1,(anonymous_10)
FNDA:2,(anonymous_11)
FNDA:207,TaskToolbar
FNDA:57,(anonymous_13)
FNDA:1,(anonymous_14)
FNDA:13,(anonymous_15)
FNDA:13,(anonymous_16)
FNDA:1,(anonymous_17)
DA:1,2
DA:6,2
DA:14,21
DA:16,21
DA:18,1
DA:20,21
DA:21,21
DA:24,21
DA:29,21
DA:35,21
DA:48,4
DA:49,1
DA:50,1
DA:63,84
DA:65,9
DA:81,1
DA:84,2
DA:92,1
DA:94,2
DA:116,207
DA:117,207
DA:119,207
DA:120,57
DA:123,207
DA:129,207
DA:134,1
DA:146,13
DA:171,1
DA:194,207
LF:29
LH:29
BRDA:18,0,0,1
BRDA:18,0,1,0
BRDA:18,1,0,1
BRDA:18,1,1,1
BRDA:25,2,0,13
BRDA:25,2,1,8
BRDA:26,3,0,0
BRDA:26,3,1,21
BRDA:27,4,0,0
BRDA:27,4,1,21
BRDA:45,5,0,21
BRDA:45,5,1,13
BRDA:48,6,0,3
BRDA:48,6,1,1
BRDA:67,7,0,49
BRDA:67,7,1,35
BRDA:78,8,0,21
BRDA:78,8,1,2
BRDA:89,9,0,21
BRDA:89,9,1,2
BRDA:124,10,0,182
BRDA:124,10,1,25
BRDA:125,11,0,1
BRDA:125,11,1,206
BRDA:126,12,0,1
BRDA:126,12,1,206
BRDA:148,13,0,191
BRDA:148,13,1,16
BRDA:148,14,0,207
BRDA:148,14,1,186
BRDA:155,15,0,207
BRDA:155,15,1,183
BRDA:161,16,0,207
BRDA:161,16,1,21
BRDA:189,17,0,39
BRDA:189,17,1,168
BRDA:194,18,0,0
BRDA:194,18,1,207
BRF:38
BRH:34
end_of_record
TN:
SF:components/tasks/UndoToast.jsx
FN:7,UndoToast
FN:11,(anonymous_1)
FN:18,(anonymous_2)
FN:23,(anonymous_3)
FN:26,handleDismiss
FN:32,handleUndo
FNF:6
FNH:6
FNDA:166,UndoToast
FNDA:61,(anonymous_1)
FNDA:2,(anonymous_2)
FNDA:20,(anonymous_3)
FNDA:1,handleDismiss
FNDA:1,handleUndo
DA:1,2
DA:4,2
DA:5,2
DA:8,166
DA:9,166
DA:11,166
DA:12,61
DA:13,41
DA:14,41
DA:16,20
DA:17,20
DA:18,20
DA:19,2
DA:20,2
DA:23,20
DA:27,1
DA:28,1
DA:29,1
DA:33,1
DA:34,1
DA:35,1
DA:36,1
DA:39,166
DA:41,39
LF:24
LH:24
BRDA:12,0,0,41
BRDA:12,0,1,20
BRDA:39,1,0,127
BRDA:39,1,1,39
BRDA:39,2,0,166
BRDA:39,2,1,129
BRDA:51,3,0,16
BRDA:51,3,1,23
BRF:8
BRH:8
end_of_record
TN:
SF:components/tasks/helpers.js
FN:1,parseMinutes
FN:20,withAlpha
FN:30,parseDueDate
FN:34,isOverdue
FN:43,fmt
FN:50,localDate
FN:56,emptyTask
FN:64,undoDescription
FN:77,reversePayload
FN:85,getDaysBadge
FNF:10
FNH:9
FNDA:13,parseMinutes
FNDA:29,withAlpha
FNDA:3793,parseDueDate
FNDA:1282,isOverdue
FNDA:1270,fmt
FNDA:577,localDate
FNDA:0,emptyTask
FNDA:18,undoDescription
FNDA:7,reversePayload
FNDA:1281,getDaysBadge
DA:2,13
DA:3,13
DA:6,6
DA:7,6
DA:8,6
DA:10,6
DA:21,29
DA:22,29
DA:23,4
DA:24,2
DA:25,2
DA:27,2
DA:31,3793
DA:35,1282
DA:44,1270
DA:45,1267
DA:51,577
DA:52,577
DA:53,577
DA:57,0
DA:65,18
DA:66,16
DA:67,11
DA:68,7
DA:69,6
DA:70,5
DA:71,4
DA:72,3
DA:73,2
DA:74,1
DA:78,7
DA:79,7
DA:80,7
DA:83,6
DA:86,1281
DA:87,1253
DA:88,1253
DA:89,178
DA:90,177
DA:91,173
LF:40
LH:39
BRDA:3,0,0,6
BRDA:3,0,1,7
BRDA:3,1,0,13
BRDA:3,1,1,9
BRDA:22,2,0,25
BRDA:22,2,1,4
BRDA:23,3,0,2
BRDA:23,3,1,2
BRDA:34,4,0,1282
BRDA:36,5,0,1282
BRDA:36,5,1,1273
BRDA:36,5,2,1079
BRDA:36,5,3,1078
BRDA:44,6,0,3
BRDA:44,6,1,1267
BRDA:50,7,0,577
BRDA:65,8,0,2
BRDA:65,8,1,16
BRDA:66,9,0,5
BRDA:66,9,1,11
BRDA:67,10,0,4
BRDA:67,10,1,7
BRDA:68,11,0,1
BRDA:68,11,1,6
BRDA:69,12,0,1
BRDA:69,12,1,5
BRDA:70,13,0,1
BRDA:70,13,1,4
BRDA:71,14,0,1
BRDA:71,14,1,3
BRDA:72,15,0,1
BRDA:72,15,1,2
BRDA:73,16,0,1
BRDA:73,16,1,1
BRDA:79,17,0,7
BRDA:79,17,1,2
BRDA:85,18,0,1281
BRDA:86,19,0,28
BRDA:86,19,1,1253
BRDA:86,20,0,1281
BRDA:86,20,1,1272
BRDA:86,20,2,1261
BRDA:88,21,0,1075
BRDA:88,21,1,178
BRDA:89,22,0,1
BRDA:89,22,1,177
BRDA:90,23,0,4
BRDA:90,23,1,173
BRF:48
BRH:48
end_of_record
TN:
SF:components/tasks/useUndoStack.js
FN:5,useUndoStack
FN:10,(anonymous_1)
FN:18,(anonymous_2)
FN:29,(anonymous_3)
FNF:4
FNH:4
FNDA:180,useUndoStack
FNDA:44,(anonymous_1)
FNDA:20,(anonymous_2)
FNDA:2,(anonymous_3)
DA:3,2
DA:6,180
DA:7,180
DA:8,180
DA:10,180
DA:11,44
DA:12,44
DA:13,44
DA:14,44
DA:15,44
DA:18,180
DA:19,20
DA:20,20
DA:21,19
DA:22,19
DA:23,19
DA:24,19
DA:25,19
DA:26,19
DA:29,180
DA:31,180
LF:21
LH:21
BRDA:20,0,0,1
BRDA:20,0,1,19
BRF:2
BRH:2
end_of_record
TN:
SF:lib/api.js
FN:4,apiKeyHeader
FN:13,extractErrorDetail
FN:22,request
FN:33,streamSSE
FN:64,(anonymous_4)
FN:66,(anonymous_5)
FN:69,(anonymous_6)
FN:74,(anonymous_7)
FN:77,(anonymous_8)
FN:80,(anonymous_9)
FN:82,(anonymous_10)
FN:85,(anonymous_11)
FN:88,(anonymous_12)
FN:91,(anonymous_13)
FN:93,(anonymous_14)
FN:96,(anonymous_15)
FN:99,(anonymous_16)
FN:105,(anonymous_17)
FN:110,(anonymous_18)
FN:115,(anonymous_19)
FN:118,(anonymous_20)
FN:121,(anonymous_21)
FN:126,(anonymous_22)
FN:129,(anonymous_23)
FN:132,(anonymous_24)
FN:137,(anonymous_25)
FN:141,(anonymous_26)
FN:142,(anonymous_27)
FN:143,(anonymous_28)
FN:144,(anonymous_29)
FN:148,(anonymous_30)
FN:152,(anonymous_31)
FN:153,(anonymous_32)
FN:154,(anonymous_33)
FN:158,(anonymous_34)
FN:159,(anonymous_35)
FN:160,(anonymous_36)
FN:164,(anonymous_37)
FN:168,(anonymous_38)
FN:169,(anonymous_39)
FN:170,(anonymous_40)
FN:171,(anonymous_41)
FN:175,(anonymous_42)
FN:176,(anonymous_43)
FN:177,(anonymous_44)
FNF:45
FNH:0
FNDA:0,apiKeyHeader
FNDA:0,extractErrorDetail
FNDA:0,request
FNDA:0,streamSSE
FNDA:0,(anonymous_4)
FNDA:0,(anonymous_5)
FNDA:0,(anonymous_6)
FNDA:0,(anonymous_7)
FNDA:0,(anonymous_8)
FNDA:0,(anonymous_9)
FNDA:0,(anonymous_10)
FNDA:0,(anonymous_11)
FNDA:0,(anonymous_12)
FNDA:0,(anonymous_13)
FNDA:0,(anonymous_14)
FNDA:0,(anonymous_15)
FNDA:0,(anonymous_16)
FNDA:0,(anonymous_17)
FNDA:0,(anonymous_18)
FNDA:0,(anonymous_19)
FNDA:0,(anonymous_20)
FNDA:0,(anonymous_21)
FNDA:0,(anonymous_22)
FNDA:0,(anonymous_23)
FNDA:0,(anonymous_24)
FNDA:0,(anonymous_25)
FNDA:0,(anonymous_26)
FNDA:0,(anonymous_27)
FNDA:0,(anonymous_28)
FNDA:0,(anonymous_29)
FNDA:0,(anonymous_30)
FNDA:0,(anonymous_31)
FNDA:0,(anonymous_32)
FNDA:0,(anonymous_33)
FNDA:0,(anonymous_34)
FNDA:0,(anonymous_35)
FNDA:0,(anonymous_36)
FNDA:0,(anonymous_37)
FNDA:0,(anonymous_38)
FNDA:0,(anonymous_39)
FNDA:0,(anonymous_40)
FNDA:0,(anonymous_41)
FNDA:0,(anonymous_42)
FNDA:0,(anonymous_43)
FNDA:0,(anonymous_44)
DA:1,0
DA:2,0
DA:5,0
DA:6,0
DA:7,0
DA:9,0
DA:14,0
DA:15,0
DA:16,0
DA:17,0
DA:19,0
DA:23,0
DA:27,0
DA:28,0
DA:29,0
DA:30,0
DA:34,0
DA:35,0
DA:36,0
DA:37,0
DA:38,0
DA:39,0
DA:40,0
DA:41,0
DA:42,0
DA:43,0
DA:44,0
DA:45,0
DA:46,0
DA:47,0
DA:48,0
DA:49,0
DA:50,0
DA:51,0
DA:53,0
DA:57,0
DA:58,0
DA:62,0
DA:64,0
DA:66,0
DA:67,0
DA:69,0
DA:70,0
DA:71,0
DA:74,0
DA:75,0
DA:77,0
DA:78,0
DA:80,0
DA:82,0
DA:83,0
DA:85,0
DA:86,0
DA:88,0
DA:89,0
DA:91,0
DA:93,0
DA:94,0
DA:96,0
DA:97,0
DA:99,0
DA:100,0
DA:105,0
DA:106,0
DA:110,0
DA:111,0
DA:112,0
DA:115,0
DA:116,0
DA:118,0
DA:119,0
DA:121,0
DA:122,0
DA:126,0
DA:127,0
DA:129,0
DA:130,0
DA:132,0
DA:133,0
DA:137,0
DA:141,0
DA:142,0
DA:143,0
DA:144,0
DA:148,0
DA:149,0
DA:150,0
DA:152,0
DA:153,0
DA:154,0
DA:158,0
DA:159,0
DA:160,0
DA:164,0
DA:165,0
DA:166,0
DA:168,0
DA:169,0
DA:170,0
DA:171,0
DA:175,0
DA:176,0
DA:177,0
LF:103
LH:0
BRDA:6,0,0,0
BRDA:6,0,1,0
BRDA:7,1,0,0
BRDA:7,1,1,0
BRDA:17,2,0,0
BRDA:17,2,1,0
BRDA:17,3,0,0
BRDA:17,3,1,0
BRDA:22,4,0,0
BRDA:28,5,0,0
BRDA:28,5,1,0
BRDA:29,6,0,0
BRDA:29,6,1,0
BRDA:35,7,0,0
BRDA:35,7,1,0
BRDA:42,8,0,0
BRDA:42,8,1,0
BRDA:47,9,0,0
BRDA:47,9,1,0
BRDA:50,10,0,0
BRDA:50,10,1,0
BRDA:57,11,0,0
BRDA:57,11,1,0
BRDA:69,12,0,0
BRDA:93,13,0,0
BRDA:93,14,0,0
BRDA:110,15,0,0
BRDA:148,16,0,0
BRDA:150,17,0,0
BRDA:150,17,1,0
BRDA:164,18,0,0
BRDA:166,19,0,0
BRDA:166,19,1,0
BRF:33
BRH:0
end_of_record
